Using pre-set license

 COMMAND LINE ARGUMENTS:
/Applications/Unity/Hub/Editor/2021.1.3f1/Unity.app/Contents/MacOS/Unity
-adb2
-batchMode
-noUpm
-name
AssetImportWorker0
-projectPath
/Users/ariannazurelle/Documents/GitHub/NASA-Simulation/this is horrible
-logFile
Logs/AssetImportWorker0.log
-srvPort
52672
Successfully changed project path to: /Users/ariannazurelle/Documents/GitHub/NASA-Simulation/this is horrible
/Users/ariannazurelle/Documents/GitHub/NASA-Simulation/this is horrible
Using Asset Import Pipeline V2.
Refreshing native plugins compatible for Editor in 135.52 ms, found 1 plugins.
Preloading 0 native plugins for Editor in 0.00 ms.
Initialize engine version: 2021.1.3f1 (4bef613afd59)
[Subsystems] Discovering subsystems at path /Applications/Unity/Hub/Editor/2021.1.3f1/Unity.app/Contents/Resources/UnitySubsystems
[Subsystems] Discovering subsystems at path /Users/ariannazurelle/Documents/GitHub/NASA-Simulation/this is horrible/Assets
GfxDevice: creating device client; threaded=0; jobified=0
2021-05-28 13:53:31.911 Unity[5703:182284] Color LCD preferred device: Intel(R) Iris(TM) Plus Graphics 640 (low power)
2021-05-28 13:53:31.911 Unity[5703:182284] Metal devices available: 1
2021-05-28 13:53:31.911 Unity[5703:182284] 0: Intel(R) Iris(TM) Plus Graphics 640 (low power)
2021-05-28 13:53:31.912 Unity[5703:182284] Using device Intel(R) Iris(TM) Plus Graphics 640 (low power)
Initializing Metal device caps: Intel(R) Iris(TM) Plus Graphics 640
Initialize mono
Mono path[0] = '/Applications/Unity/Hub/Editor/2021.1.3f1/Unity.app/Contents/Managed'
Mono path[1] = '/Applications/Unity/Hub/Editor/2021.1.3f1/Unity.app/Contents/MonoBleedingEdge/lib/mono/unityjit'
Mono config path = '/Applications/Unity/Hub/Editor/2021.1.3f1/Unity.app/Contents/MonoBleedingEdge/etc'
Using monoOptions --debugger-agent=transport=dt_socket,embedding=1,server=y,suspend=n,address=127.0.0.1:56703
Begin MonoManager ReloadAssembly
Registering precompiled unity dll's ...
Register platform support module: /Applications/Unity/Hub/Editor/2021.1.3f1/Unity.app/Contents/PlaybackEngines/MacStandaloneSupport/UnityEditor.OSXStandalone.Extensions.dll
Registered in 0.010085 seconds.
Native extension for OSXStandalone target not found
Refreshing native plugins compatible for Editor in 109.48 ms, found 1 plugins.
Preloading 0 native plugins for Editor in 0.00 ms.
Mono: successfully reloaded assembly
- Completed reload, in  5.111 seconds
Platform modules already initialized, skipping
Registering precompiled user dll's ...
Registered in 0.005389 seconds.
Begin MonoManager ReloadAssembly
Native extension for OSXStandalone target not found
Refreshing native plugins compatible for Editor in 0.55 ms, found 1 plugins.
Preloading 0 native plugins for Editor in 0.00 ms.
Mono: successfully reloaded assembly
- Completed reload, in  2.209 seconds
Platform modules already initialized, skipping
========================================================================
Worker process is ready to serve import requests
Launching external process: /Applications/Unity/Hub/Editor/2021.1.3f1/Unity.app/Contents/Tools/UnityShaderCompiler
Launched and connected shader compiler UnityShaderCompiler after 0.03 seconds
Refreshing native plugins compatible for Editor in 0.97 ms, found 1 plugins.
Preloading 0 native plugins for Editor in 0.00 ms.
Unloading 2665 Unused Serialized files (Serialized files now loaded: 0)
System memory in use before: 179.1 MB.
System memory in use after: 179.2 MB.

Unloading 15 unused Assets to reduce memory usage. Loaded Objects now: 3131.
Total: 3.952516 ms (FindLiveObjects: 0.268978 ms CreateObjectMapping: 0.144248 ms MarkObjects: 3.432222 ms  DeleteObjects: 0.104641 ms)

========================================================================
Received Import Request.
  path: Assets/New Terrain.asset
  artifactKey: Guid(73a6f933ede7d4f66ba9551ad19f60ee) Importer(815301076,1909f56bfc062723c751e8b465ee728b)
Start importing Assets/New Terrain.asset using Guid(73a6f933ede7d4f66ba9551ad19f60ee) Importer(815301076,1909f56bfc062723c751e8b465ee728b)  -> (artifact id: '6fde5df6fa885ef1609f60e336ade403') in 1.823261 seconds 
