Using pre-set license

 COMMAND LINE ARGUMENTS:
/Applications/Unity/Hub/Editor/2021.1.3f1/Unity.app/Contents/MacOS/Unity
-adb2
-batchMode
-noUpm
-name
AssetImportWorker0
-projectPath
/Users/ariannazurelle/Documents/GitHub/NASA-Simulation/Honey I'm Lost on Mars
-logFile
Logs/AssetImportWorker0.log
-srvPort
52081
Successfully changed project path to: /Users/ariannazurelle/Documents/GitHub/NASA-Simulation/Honey I'm Lost on Mars
/Users/ariannazurelle/Documents/GitHub/NASA-Simulation/Honey I'm Lost on Mars
Using Asset Import Pipeline V2.
Refreshing native plugins compatible for Editor in 116.31 ms, found 1 plugins.
Preloading 0 native plugins for Editor in 0.00 ms.
Initialize engine version: 2021.1.3f1 (4bef613afd59)
[Subsystems] Discovering subsystems at path /Applications/Unity/Hub/Editor/2021.1.3f1/Unity.app/Contents/Resources/UnitySubsystems
[Subsystems] Discovering subsystems at path /Users/ariannazurelle/Documents/GitHub/NASA-Simulation/Honey I'm Lost on Mars/Assets
GfxDevice: creating device client; threaded=0; jobified=0
2021-08-20 12:03:45.041 Unity[43530:2760269] (null) preferred device: Apple M1 (high power)
2021-08-20 12:03:45.041 Unity[43530:2760269] Metal devices available: 1
2021-08-20 12:03:45.041 Unity[43530:2760269] 0: Apple M1 (high power)
2021-08-20 12:03:45.041 Unity[43530:2760269] Using device Apple M1 (high power)
Initializing Metal device caps: Apple M1
Initialize mono
Mono path[0] = '/Applications/Unity/Hub/Editor/2021.1.3f1/Unity.app/Contents/Managed'
Mono path[1] = '/Applications/Unity/Hub/Editor/2021.1.3f1/Unity.app/Contents/MonoBleedingEdge/lib/mono/unityjit'
Mono config path = '/Applications/Unity/Hub/Editor/2021.1.3f1/Unity.app/Contents/MonoBleedingEdge/etc'
Using monoOptions --debugger-agent=transport=dt_socket,embedding=1,server=y,suspend=n,address=127.0.0.1:56530
Begin MonoManager ReloadAssembly
