Using pre-set license

 COMMAND LINE ARGUMENTS:
/Applications/Unity/Hub/Editor/2021.1.3f1/Unity/Unity.app/Contents/MacOS/Unity
-adb2
-batchMode
-noUpm
-name
AssetImportWorker0
-projectPath
/Users/USER/Desktop/Courses/Create With Code/Multiplayer v3
-logFile
Logs/AssetImportWorker0.log
-srvPort
57081
Successfully changed project path to: /Users/USER/Desktop/Courses/Create With Code/Multiplayer v3
/Users/USER/Desktop/Courses/Create With Code/Multiplayer v3
Using Asset Import Pipeline V2.
Refreshing native plugins compatible for Editor in 157.44 ms, found 1 plugins.
Preloading 0 native plugins for Editor in 0.00 ms.
Initialize engine version: 2021.1.3f1 (4bef613afd59)
[Subsystems] Discovering subsystems at path /Applications/Unity/Hub/Editor/2021.1.3f1/Unity/Unity.app/Contents/Resources/UnitySubsystems
[Subsystems] Discovering subsystems at path /Users/USER/Desktop/Courses/Create With Code/Multiplayer v3/Assets
GfxDevice: creating device client; threaded=0; jobified=0
2021-06-23 11:56:51.227 Unity[11524:228134] Color LCD preferred device: Intel HD Graphics 5000 (low power)
2021-06-23 11:56:51.227 Unity[11524:228134] Metal devices available: 1
2021-06-23 11:56:51.227 Unity[11524:228134] 0: Intel HD Graphics 5000 (low power)
2021-06-23 11:56:51.227 Unity[11524:228134] Using device Intel HD Graphics 5000 (low power)
Initializing Metal device caps: Intel HD Graphics 5000
Initialize mono
Mono path[0] = '/Applications/Unity/Hub/Editor/2021.1.3f1/Unity/Unity.app/Contents/Managed'
Mono path[1] = '/Applications/Unity/Hub/Editor/2021.1.3f1/Unity/Unity.app/Contents/MonoBleedingEdge/lib/mono/unityjit'
Mono config path = '/Applications/Unity/Hub/Editor/2021.1.3f1/Unity/Unity.app/Contents/MonoBleedingEdge/etc'
Using monoOptions --debugger-agent=transport=dt_socket,embedding=1,server=y,suspend=n,address=127.0.0.1:56524
Begin MonoManager ReloadAssembly
Registering precompiled unity dll's ...
Register platform support module: /Applications/Unity/Hub/Editor/2021.1.3f1/Unity/Unity.app/Contents/PlaybackEngines/MacStandaloneSupport/UnityEditor.OSXStandalone.Extensions.dll
Registered in 0.005170 seconds.
Native extension for OSXStandalone target not found
Refreshing native plugins compatible for Editor in 153.77 ms, found 1 plugins.
Preloading 0 native plugins for Editor in 0.00 ms.
Mono: successfully reloaded assembly
- Completed reload, in 10.901 seconds
Platform modules already initialized, skipping
Registering precompiled user dll's ...
Registered in 0.022001 seconds.
Begin MonoManager ReloadAssembly
Native extension for OSXStandalone target not found
Refreshing native plugins compatible for Editor in 5.74 ms, found 1 plugins.
Preloading 0 native plugins for Editor in 0.00 ms.
Mono: successfully reloaded assembly
- Completed reload, in  4.087 seconds
Platform modules already initialized, skipping
========================================================================
Worker process is ready to serve import requests
Launching external process: /Applications/Unity/Hub/Editor/2021.1.3f1/Unity/Unity.app/Contents/Tools/UnityShaderCompiler
Launched and connected shader compiler UnityShaderCompiler after 0.24 seconds
Refreshing native plugins compatible for Editor in 1.20 ms, found 1 plugins.
Preloading 0 native plugins for Editor in 0.00 ms.
Unloading 1791 Unused Serialized files (Serialized files now loaded: 0)
System memory in use before: 154.5 MB.
System memory in use after: 154.6 MB.

Unloading 46 unused Assets to reduce memory usage. Loaded Objects now: 2239.
Total: 23.490578 ms (FindLiveObjects: 1.146139 ms CreateObjectMapping: 0.411183 ms MarkObjects: 21.363257 ms  DeleteObjects: 0.566813 ms)

========================================================================
Received Import Request.
  path: Assets/Scripts/HelloWorldPlayer.cs
  artifactKey: Guid(db85d10920b994e3fb0571c977a04a82) Importer(815301076,1909f56bfc062723c751e8b465ee728b)
Start importing Assets/Scripts/HelloWorldPlayer.cs using Guid(db85d10920b994e3fb0571c977a04a82) Importer(815301076,1909f56bfc062723c751e8b465ee728b)  -> (artifact id: '48a714fbbe2e2fd9ebc6bd56eb319e6d') in 12.849436 seconds 
========================================================================
Received Prepare
Registering precompiled user dll's ...
Registered in 0.006670 seconds.
Begin MonoManager ReloadAssembly
Native extension for OSXStandalone target not found
Refreshing native plugins compatible for Editor in 4.95 ms, found 1 plugins.
Preloading 0 native plugins for Editor in 0.00 ms.
Mono: successfully reloaded assembly
- Completed reload, in  3.998 seconds
Platform modules already initialized, skipping
Refreshing native plugins compatible for Editor in 0.87 ms, found 1 plugins.
Preloading 0 native plugins for Editor in 0.00 ms.
Unloading 1784 Unused Serialized files (Serialized files now loaded: 0)
System memory in use before: 159.0 MB.
System memory in use after: 159.1 MB.

Unloading 37 unused Assets to reduce memory usage. Loaded Objects now: 2242.
Total: 24.002932 ms (FindLiveObjects: 1.786047 ms CreateObjectMapping: 0.493859 ms MarkObjects: 21.567398 ms  DeleteObjects: 0.152777 ms)

========================================================================
Received Prepare
Registering precompiled user dll's ...
Registered in 0.010242 seconds.
Begin MonoManager ReloadAssembly
Native extension for OSXStandalone target not found
Refreshing native plugins compatible for Editor in 1.75 ms, found 1 plugins.
Preloading 0 native plugins for Editor in 0.00 ms.
Mono: successfully reloaded assembly
- Completed reload, in  3.276 seconds
Platform modules already initialized, skipping
Refreshing native plugins compatible for Editor in 1.49 ms, found 1 plugins.
Preloading 0 native plugins for Editor in 0.00 ms.
Unloading 1784 Unused Serialized files (Serialized files now loaded: 0)
System memory in use before: 159.3 MB.
System memory in use after: 159.4 MB.

Unloading 37 unused Assets to reduce memory usage. Loaded Objects now: 2245.
Total: 22.377190 ms (FindLiveObjects: 0.728665 ms CreateObjectMapping: 0.287898 ms MarkObjects: 21.259628 ms  DeleteObjects: 0.097230 ms)

========================================================================
Received Prepare
Registering precompiled user dll's ...
Registered in 0.005949 seconds.
Begin MonoManager ReloadAssembly
Native extension for OSXStandalone target not found
Refreshing native plugins compatible for Editor in 4.39 ms, found 1 plugins.
Preloading 0 native plugins for Editor in 0.00 ms.
Mono: successfully reloaded assembly
- Completed reload, in  4.721 seconds
Platform modules already initialized, skipping
Refreshing native plugins compatible for Editor in 0.87 ms, found 1 plugins.
Preloading 0 native plugins for Editor in 0.00 ms.
Unloading 1784 Unused Serialized files (Serialized files now loaded: 0)
System memory in use before: 159.6 MB.
System memory in use after: 159.7 MB.

Unloading 37 unused Assets to reduce memory usage. Loaded Objects now: 2248.
Total: 16.513487 ms (FindLiveObjects: 1.264498 ms CreateObjectMapping: 0.848967 ms MarkObjects: 14.228888 ms  DeleteObjects: 0.166120 ms)

========================================================================
Received Prepare
Registering precompiled user dll's ...
Registered in 0.009828 seconds.
Begin MonoManager ReloadAssembly
Native extension for OSXStandalone target not found
Refreshing native plugins compatible for Editor in 0.79 ms, found 1 plugins.
Preloading 0 native plugins for Editor in 0.00 ms.
Mono: successfully reloaded assembly
- Completed reload, in  2.402 seconds
Platform modules already initialized, skipping
Refreshing native plugins compatible for Editor in 0.94 ms, found 1 plugins.
Preloading 0 native plugins for Editor in 0.00 ms.
Unloading 1784 Unused Serialized files (Serialized files now loaded: 0)
System memory in use before: 159.8 MB.
System memory in use after: 159.9 MB.

Unloading 37 unused Assets to reduce memory usage. Loaded Objects now: 2251.
Total: 11.382910 ms (FindLiveObjects: 0.518308 ms CreateObjectMapping: 0.341342 ms MarkObjects: 10.450330 ms  DeleteObjects: 0.070348 ms)

========================================================================
Received Prepare
Registering precompiled user dll's ...
Registered in 0.013871 seconds.
Begin MonoManager ReloadAssembly
Native extension for OSXStandalone target not found
Refreshing native plugins compatible for Editor in 0.80 ms, found 1 plugins.
Preloading 0 native plugins for Editor in 0.00 ms.
Mono: successfully reloaded assembly
- Completed reload, in  2.452 seconds
Platform modules already initialized, skipping
Refreshing native plugins compatible for Editor in 1.19 ms, found 1 plugins.
Preloading 0 native plugins for Editor in 0.00 ms.
Unloading 1784 Unused Serialized files (Serialized files now loaded: 0)
System memory in use before: 160.1 MB.
System memory in use after: 160.2 MB.

Unloading 37 unused Assets to reduce memory usage. Loaded Objects now: 2254.
Total: 14.274790 ms (FindLiveObjects: 0.462080 ms CreateObjectMapping: 0.154352 ms MarkObjects: 13.596593 ms  DeleteObjects: 0.059047 ms)

========================================================================
Received Prepare
Registering precompiled user dll's ...
Registered in 0.003564 seconds.
Begin MonoManager ReloadAssembly
Native extension for OSXStandalone target not found
Refreshing native plugins compatible for Editor in 2.32 ms, found 1 plugins.
Preloading 0 native plugins for Editor in 0.00 ms.
Mono: successfully reloaded assembly
- Completed reload, in  2.419 seconds
Platform modules already initialized, skipping
Refreshing native plugins compatible for Editor in 0.82 ms, found 1 plugins.
Preloading 0 native plugins for Editor in 0.00 ms.
Unloading 1784 Unused Serialized files (Serialized files now loaded: 0)
System memory in use before: 160.4 MB.
System memory in use after: 160.5 MB.

Unloading 37 unused Assets to reduce memory usage. Loaded Objects now: 2257.
Total: 8.902487 ms (FindLiveObjects: 0.241616 ms CreateObjectMapping: 0.095058 ms MarkObjects: 8.526994 ms  DeleteObjects: 0.035090 ms)

========================================================================
Received Prepare
Registering precompiled user dll's ...
Registered in 0.011446 seconds.
Begin MonoManager ReloadAssembly
Native extension for OSXStandalone target not found
Refreshing native plugins compatible for Editor in 0.90 ms, found 1 plugins.
Preloading 0 native plugins for Editor in 0.00 ms.
Mono: successfully reloaded assembly
- Completed reload, in  2.305 seconds
Platform modules already initialized, skipping
Refreshing native plugins compatible for Editor in 0.89 ms, found 1 plugins.
Preloading 0 native plugins for Editor in 0.00 ms.
Unloading 1784 Unused Serialized files (Serialized files now loaded: 0)
System memory in use before: 160.7 MB.
System memory in use after: 160.8 MB.

Unloading 37 unused Assets to reduce memory usage. Loaded Objects now: 2260.
Total: 15.400190 ms (FindLiveObjects: 0.749264 ms CreateObjectMapping: 0.379833 ms MarkObjects: 14.122283 ms  DeleteObjects: 0.144063 ms)

========================================================================
Received Prepare
Registering precompiled user dll's ...
Registered in 0.024195 seconds.
Begin MonoManager ReloadAssembly
Native extension for OSXStandalone target not found
Refreshing native plugins compatible for Editor in 1.37 ms, found 1 plugins.
Preloading 0 native plugins for Editor in 0.00 ms.
Mono: successfully reloaded assembly
- Completed reload, in  2.278 seconds
Platform modules already initialized, skipping
Refreshing native plugins compatible for Editor in 1.24 ms, found 1 plugins.
Preloading 0 native plugins for Editor in 0.00 ms.
Unloading 1784 Unused Serialized files (Serialized files now loaded: 0)
System memory in use before: 160.9 MB.
System memory in use after: 161.0 MB.

Unloading 37 unused Assets to reduce memory usage. Loaded Objects now: 2263.
Total: 12.340711 ms (FindLiveObjects: 0.401495 ms CreateObjectMapping: 0.158898 ms MarkObjects: 11.721118 ms  DeleteObjects: 0.056551 ms)

========================================================================
Received Prepare
Registering precompiled user dll's ...
Registered in 0.013842 seconds.
Begin MonoManager ReloadAssembly
Native extension for OSXStandalone target not found
Refreshing native plugins compatible for Editor in 1.18 ms, found 1 plugins.
Preloading 0 native plugins for Editor in 0.00 ms.
Mono: successfully reloaded assembly
- Completed reload, in  2.366 seconds
Platform modules already initialized, skipping
Refreshing native plugins compatible for Editor in 1.14 ms, found 1 plugins.
Preloading 0 native plugins for Editor in 0.00 ms.
Unloading 1784 Unused Serialized files (Serialized files now loaded: 0)
System memory in use before: 161.2 MB.
System memory in use after: 161.3 MB.

Unloading 37 unused Assets to reduce memory usage. Loaded Objects now: 2266.
Total: 16.585597 ms (FindLiveObjects: 0.477137 ms CreateObjectMapping: 0.181960 ms MarkObjects: 15.815203 ms  DeleteObjects: 0.108040 ms)

========================================================================
Received Import Request.
  Time since last request: 1531.358402 seconds.
  path: Assets/Terrain Stuff/LowPoly Environment Pack/Demo/Scene 3/CameraTimeline Demo 3.playable
  artifactKey: Guid(d64d6025a6aba534ca8893021654c49f) Importer(815301076,1909f56bfc062723c751e8b465ee728b)
Start importing Assets/Terrain Stuff/LowPoly Environment Pack/Demo/Scene 3/CameraTimeline Demo 3.playable using Guid(d64d6025a6aba534ca8893021654c49f) Importer(815301076,1909f56bfc062723c751e8b465ee728b)  -> (artifact id: 'a6cf52f2e5adb2ba630f085c6c91387a') in 2.893726 seconds 
========================================================================
Received Import Request.
  Time since last request: 0.001814 seconds.
  path: Assets/Terrain Stuff/LowPoly Environment Pack/Demo/Scene 1/CameraTimeline Scene 1.playable
  artifactKey: Guid(d44d463529724c547bb6a8cfb68c72e8) Importer(815301076,1909f56bfc062723c751e8b465ee728b)
Start importing Assets/Terrain Stuff/LowPoly Environment Pack/Demo/Scene 1/CameraTimeline Scene 1.playable using Guid(d44d463529724c547bb6a8cfb68c72e8) Importer(815301076,1909f56bfc062723c751e8b465ee728b)  -> (artifact id: 'ae8bfa8aef8dfff73b489a14f6596ac8') in 0.005125 seconds 
========================================================================
Received Import Request.
  Time since last request: 0.000417 seconds.
  path: Assets/Terrain Stuff/LowPoly Environment Pack/Demo/Scene 2/CameraTimeline Scene 2.playable
  artifactKey: Guid(7d8e840bccf07be428829788e4f567f6) Importer(815301076,1909f56bfc062723c751e8b465ee728b)
Start importing Assets/Terrain Stuff/LowPoly Environment Pack/Demo/Scene 2/CameraTimeline Scene 2.playable using Guid(7d8e840bccf07be428829788e4f567f6) Importer(815301076,1909f56bfc062723c751e8b465ee728b)  -> (artifact id: '89b1c2ea90dcc7f2457dcd01bf4c0cc2') in 0.006428 seconds 
========================================================================
Received Import Request.
  Time since last request: 1.565400 seconds.
  path: Assets/Terrain Stuff/Free/Desert Rock/Textures/Desert Rock_4K_Displacement.tga
  artifactKey: Guid(2baa4c2bbaf67094f986362b01e7e57b) Importer(815301076,1909f56bfc062723c751e8b465ee728b)
Start importing Assets/Terrain Stuff/Free/Desert Rock/Textures/Desert Rock_4K_Displacement.tga using Guid(2baa4c2bbaf67094f986362b01e7e57b) Importer(815301076,1909f56bfc062723c751e8b465ee728b)  -> (artifact id: '0a9e9e4077abb58b6985fd0bbdcedfa9') in 2.073445 seconds 
========================================================================
Received Import Request.
  Time since last request: 0.000403 seconds.
  path: Assets/Terrain Stuff/Free/Desert Rock/Materials/DesertRock512 Displacement.mat
  artifactKey: Guid(382cda4fd75cc1043bb28f8256028de0) Importer(815301076,1909f56bfc062723c751e8b465ee728b)
Start importing Assets/Terrain Stuff/Free/Desert Rock/Materials/DesertRock512 Displacement.mat using Guid(382cda4fd75cc1043bb28f8256028de0) Importer(815301076,1909f56bfc062723c751e8b465ee728b)  -> (artifact id: 'fc56a0ed7d88c0012bac16c68da64a47') in 2.507780 seconds 
========================================================================
Received Import Request.
  Time since last request: 0.000546 seconds.
  path: Assets/Terrain Stuff/LowPoly Environment Pack/Prefabs/Plant_1.prefab
  artifactKey: Guid(48ad265f338caaf4da3a864816595b22) Importer(815301076,1909f56bfc062723c751e8b465ee728b)
Start importing Assets/Terrain Stuff/LowPoly Environment Pack/Prefabs/Plant_1.prefab using Guid(48ad265f338caaf4da3a864816595b22) Importer(815301076,1909f56bfc062723c751e8b465ee728b)  -> (artifact id: '189be79ecbd1943c729c162c2f064e38') in 0.330995 seconds 
========================================================================
Received Import Request.
  Time since last request: 0.000680 seconds.
  path: Assets/Terrain Stuff/LowPoly Environment Pack/Prefabs/Plant_3.prefab
  artifactKey: Guid(01bdef6597b249b44a9530ab656246fc) Importer(815301076,1909f56bfc062723c751e8b465ee728b)
Start importing Assets/Terrain Stuff/LowPoly Environment Pack/Prefabs/Plant_3.prefab using Guid(01bdef6597b249b44a9530ab656246fc) Importer(815301076,1909f56bfc062723c751e8b465ee728b)  -> (artifact id: '35d479d836e73408e0b7b67f15bb2de9') in 0.026682 seconds 
========================================================================
Received Import Request.
  Time since last request: 0.000415 seconds.
  path: Assets/Terrain Stuff/Free/Desert Rock/Materials/DesertRock4K Displacement.mat
  artifactKey: Guid(7843873bd9c3b8043a0ee72ad1c16c27) Importer(815301076,1909f56bfc062723c751e8b465ee728b)
Start importing Assets/Terrain Stuff/Free/Desert Rock/Materials/DesertRock4K Displacement.mat using Guid(7843873bd9c3b8043a0ee72ad1c16c27) Importer(815301076,1909f56bfc062723c751e8b465ee728b)  -> (artifact id: '80c9f70a1b2f8496e379c9bfc61a6d15') in 0.059424 seconds 
========================================================================
Received Import Request.
  Time since last request: 0.000402 seconds.
  path: Assets/Terrain Stuff/LowPoly Environment Pack/FBX/Plant_4.fbx
  artifactKey: Guid(283c2a73be2ff274abe5a6c1e1ee3a48) Importer(815301076,1909f56bfc062723c751e8b465ee728b)
Start importing Assets/Terrain Stuff/LowPoly Environment Pack/FBX/Plant_4.fbx using Guid(283c2a73be2ff274abe5a6c1e1ee3a48) Importer(815301076,1909f56bfc062723c751e8b465ee728b)  -> (artifact id: '03be601f455663f316863226563751d8') in 0.354661 seconds 
========================================================================
Received Import Request.
  Time since last request: 0.000342 seconds.
  path: Assets/Terrain Stuff/LowPoly Environment Pack/Prefabs/Plant_4.prefab
  artifactKey: Guid(41e722f5443cbd048b675375e24f1beb) Importer(815301076,1909f56bfc062723c751e8b465ee728b)
Start importing Assets/Terrain Stuff/LowPoly Environment Pack/Prefabs/Plant_4.prefab using Guid(41e722f5443cbd048b675375e24f1beb) Importer(815301076,1909f56bfc062723c751e8b465ee728b)  -> (artifact id: 'c4ae36f8d6646aacf74504a9af8cb0e1') in 0.025240 seconds 
========================================================================
Received Import Request.
  Time since last request: 0.000407 seconds.
  path: Assets/Terrain Stuff/LowPoly Environment Pack/FBX/Plant_3.fbx
  artifactKey: Guid(90805fe502fa4b94e9cfc4e1c6d566bb) Importer(815301076,1909f56bfc062723c751e8b465ee728b)
Start importing Assets/Terrain Stuff/LowPoly Environment Pack/FBX/Plant_3.fbx using Guid(90805fe502fa4b94e9cfc4e1c6d566bb) Importer(815301076,1909f56bfc062723c751e8b465ee728b)  -> (artifact id: 'c52abbec7eb01bcaf850461f0f24ae21') in 0.020826 seconds 
========================================================================
Received Import Request.
  Time since last request: 0.000516 seconds.
  path: Assets/Terrain Stuff/LowPoly Environment Pack/FBX/Plant_1.fbx
  artifactKey: Guid(3739d3cd85494bb4c887d0401497fe57) Importer(815301076,1909f56bfc062723c751e8b465ee728b)
Start importing Assets/Terrain Stuff/LowPoly Environment Pack/FBX/Plant_1.fbx using Guid(3739d3cd85494bb4c887d0401497fe57) Importer(815301076,1909f56bfc062723c751e8b465ee728b)  -> (artifact id: 'c2bbe16cb0ee9b9612985dd385fd1456') in 0.016951 seconds 
========================================================================
Received Import Request.
  Time since last request: 0.000474 seconds.
  path: Assets/Terrain Stuff/LowPoly Environment Pack/FBX/Plant_5.fbx
  artifactKey: Guid(c9ce8f855ca8c98449df4090174b5cd0) Importer(815301076,1909f56bfc062723c751e8b465ee728b)
Start importing Assets/Terrain Stuff/LowPoly Environment Pack/FBX/Plant_5.fbx using Guid(c9ce8f855ca8c98449df4090174b5cd0) Importer(815301076,1909f56bfc062723c751e8b465ee728b)  -> (artifact id: 'e4fa24f7a641fed9a1ddb9fe3ae5e02e') in 0.036174 seconds 
========================================================================
Received Import Request.
  Time since last request: 0.000400 seconds.
  path: Assets/Terrain Stuff/Free/Desert Rock/Textures/Desert Rock_512_Displacement.tga
  artifactKey: Guid(b22b3eb525c96ed4f981e71a39ad8810) Importer(815301076,1909f56bfc062723c751e8b465ee728b)
Start importing Assets/Terrain Stuff/Free/Desert Rock/Textures/Desert Rock_512_Displacement.tga using Guid(b22b3eb525c96ed4f981e71a39ad8810) Importer(815301076,1909f56bfc062723c751e8b465ee728b)  -> (artifact id: 'ce12483b5cf23d6ba02ac3f20e0d057c') in 0.012210 seconds 
========================================================================
Received Import Request.
  Time since last request: 0.000411 seconds.
  path: Assets/Terrain Stuff/LowPoly Environment Pack/FBX/Plant_2.fbx
  artifactKey: Guid(c83f502368bab8140af79867b14e99c9) Importer(815301076,1909f56bfc062723c751e8b465ee728b)
Start importing Assets/Terrain Stuff/LowPoly Environment Pack/FBX/Plant_2.fbx using Guid(c83f502368bab8140af79867b14e99c9) Importer(815301076,1909f56bfc062723c751e8b465ee728b)  -> (artifact id: 'b603a8f3baf99c796f9fe82392b8746f') in 0.029944 seconds 
========================================================================
Received Import Request.
  Time since last request: 0.000470 seconds.
  path: Assets/Terrain Stuff/LowPoly Environment Pack/Prefabs/Plant_2.prefab
  artifactKey: Guid(4dcb45769932d8b449fc6523626179be) Importer(815301076,1909f56bfc062723c751e8b465ee728b)
Start importing Assets/Terrain Stuff/LowPoly Environment Pack/Prefabs/Plant_2.prefab using Guid(4dcb45769932d8b449fc6523626179be) Importer(815301076,1909f56bfc062723c751e8b465ee728b)  -> (artifact id: '70b39020e830aaa51eb193f48be21c2e') in 0.013948 seconds 
========================================================================
Received Import Request.
  Time since last request: 0.000360 seconds.
  path: Assets/Terrain Stuff/Three signs free/Materials/Plane.mat
  artifactKey: Guid(09c04ea9fb8187b4490d40014cdf62a3) Importer(815301076,1909f56bfc062723c751e8b465ee728b)
Start importing Assets/Terrain Stuff/Three signs free/Materials/Plane.mat using Guid(09c04ea9fb8187b4490d40014cdf62a3) Importer(815301076,1909f56bfc062723c751e8b465ee728b)  -> (artifact id: '5bfba35283c4c361ff3860d3e350710c') in 0.013757 seconds 
========================================================================
Received Prepare
Registering precompiled user dll's ...
Registered in 0.009715 seconds.
Begin MonoManager ReloadAssembly
Native extension for OSXStandalone target not found
Refreshing native plugins compatible for Editor in 1.11 ms, found 1 plugins.
Preloading 0 native plugins for Editor in 0.00 ms.
Mono: successfully reloaded assembly
- Completed reload, in  2.187 seconds
Platform modules already initialized, skipping
Refreshing native plugins compatible for Editor in 1.30 ms, found 1 plugins.
Preloading 0 native plugins for Editor in 0.00 ms.
Unloading 1786 Unused Serialized files (Serialized files now loaded: 0)
System memory in use before: 191.4 MB.
System memory in use after: 191.5 MB.

Unloading 37 unused Assets to reduce memory usage. Loaded Objects now: 2344.
Total: 9.322520 ms (FindLiveObjects: 0.354210 ms CreateObjectMapping: 0.156905 ms MarkObjects: 8.771481 ms  DeleteObjects: 0.034506 ms)

========================================================================
Received Import Request.
  Time since last request: 21.184140 seconds.
  path: Assets/Prefabs/Player.prefab
  artifactKey: Guid(bf5e847a4a7e64b74b4075d2149c2eaa) Importer(815301076,1909f56bfc062723c751e8b465ee728b)
Start importing Assets/Prefabs/Player.prefab using Guid(bf5e847a4a7e64b74b4075d2149c2eaa) Importer(815301076,1909f56bfc062723c751e8b465ee728b)  -> (artifact id: '941567271de10c4147ab1610e31cb379') in 0.140412 seconds 
========================================================================
Received Prepare
Registering precompiled user dll's ...
Registered in 0.008515 seconds.
Begin MonoManager ReloadAssembly
Native extension for OSXStandalone target not found
Refreshing native plugins compatible for Editor in 0.83 ms, found 1 plugins.
Preloading 0 native plugins for Editor in 0.00 ms.
Mono: successfully reloaded assembly
- Completed reload, in  3.298 seconds
Platform modules already initialized, skipping
Refreshing native plugins compatible for Editor in 1.62 ms, found 1 plugins.
Preloading 0 native plugins for Editor in 0.00 ms.
Unloading 1784 Unused Serialized files (Serialized files now loaded: 0)
System memory in use before: 191.7 MB.
System memory in use after: 191.8 MB.

Unloading 37 unused Assets to reduce memory usage. Loaded Objects now: 2348.
Total: 16.405422 ms (FindLiveObjects: 0.577015 ms CreateObjectMapping: 0.492961 ms MarkObjects: 15.252810 ms  DeleteObjects: 0.079904 ms)

