Using pre-set license

 COMMAND LINE ARGUMENTS:
/Applications/Unity/Hub/Editor/2021.1.3f1/Unity.app/Contents/MacOS/Unity
-adb2
-batchMode
-noUpm
-name
AssetImportWorker0
-projectPath
/Users/michaelngo/Documents/Obstacles - 4.17.21
-logFile
Logs/AssetImportWorker0.log
-srvPort
52009
Successfully changed project path to: /Users/michaelngo/Documents/Obstacles - 4.17.21
/Users/michaelngo/Documents/Obstacles - 4.17.21
Using Asset Import Pipeline V2.
Refreshing native plugins compatible for Editor in 66.80 ms, found 1 plugins.
Preloading 0 native plugins for Editor in 0.00 ms.
Initialize engine version: 2021.1.3f1 (4bef613afd59)
[Subsystems] Discovering subsystems at path /Applications/Unity/Hub/Editor/2021.1.3f1/Unity.app/Contents/Resources/UnitySubsystems
[Subsystems] Discovering subsystems at path /Users/michaelngo/Documents/Obstacles - 4.17.21/Assets
GfxDevice: creating device client; threaded=0; jobified=0
2021-05-04 18:11:06.776 Unity[1527:59917] iMac preferred device: AMD Radeon Pro 570X (high power)
2021-05-04 18:11:06.776 Unity[1527:59917] Metal devices available: 1
2021-05-04 18:11:06.776 Unity[1527:59917] 0: AMD Radeon Pro 570X (high power)
2021-05-04 18:11:06.776 Unity[1527:59917] Using device AMD Radeon Pro 570X (high power)
Initializing Metal device caps: AMD Radeon Pro 570X
Initialize mono
Mono path[0] = '/Applications/Unity/Hub/Editor/2021.1.3f1/Unity.app/Contents/Managed'
Mono path[1] = '/Applications/Unity/Hub/Editor/2021.1.3f1/Unity.app/Contents/MonoBleedingEdge/lib/mono/unityjit'
Mono config path = '/Applications/Unity/Hub/Editor/2021.1.3f1/Unity.app/Contents/MonoBleedingEdge/etc'
Using monoOptions --debugger-agent=transport=dt_socket,embedding=1,server=y,suspend=n,address=127.0.0.1:56527
Begin MonoManager ReloadAssembly
Registering precompiled unity dll's ...
Register platform support module: /Applications/Unity/Hub/Editor/2021.1.3f1/Unity.app/Contents/PlaybackEngines/MacStandaloneSupport/UnityEditor.OSXStandalone.Extensions.dll
Registered in 0.000523 seconds.
Native extension for OSXStandalone target not found
Refreshing native plugins compatible for Editor in 66.12 ms, found 1 plugins.
Preloading 0 native plugins for Editor in 0.00 ms.
Mono: successfully reloaded assembly
- Completed reload, in  2.177 seconds
Platform modules already initialized, skipping
Registering precompiled user dll's ...
Registered in 0.001373 seconds.
Begin MonoManager ReloadAssembly
Native extension for OSXStandalone target not found
Refreshing native plugins compatible for Editor in 0.44 ms, found 1 plugins.
Preloading 0 native plugins for Editor in 0.00 ms.
Mono: successfully reloaded assembly
- Completed reload, in  1.037 seconds
Platform modules already initialized, skipping
========================================================================
Worker process is ready to serve import requests
Launching external process: /Applications/Unity/Hub/Editor/2021.1.3f1/Unity.app/Contents/Tools/UnityShaderCompiler
Launched and connected shader compiler UnityShaderCompiler after 0.01 seconds
Refreshing native plugins compatible for Editor in 0.54 ms, found 1 plugins.
Preloading 0 native plugins for Editor in 0.00 ms.
Unloading 2676 Unused Serialized files (Serialized files now loaded: 0)
System memory in use before: 166.8 MB.
System memory in use after: 167.0 MB.

Unloading 14 unused Assets to reduce memory usage. Loaded Objects now: 3129.
Total: 2.893149 ms (FindLiveObjects: 0.306744 ms CreateObjectMapping: 0.203642 ms MarkObjects: 2.323135 ms  DeleteObjects: 0.058330 ms)

========================================================================
Received Import Request.
  path: Assets/AddOns/CodeMonkey/KeyDoorSystem/Readme.asset
  artifactKey: Guid(9ddd40d0e8259cd4e90905ff9260b2d0) Importer(815301076,1909f56bfc062723c751e8b465ee728b)
Start importing Assets/AddOns/CodeMonkey/KeyDoorSystem/Readme.asset using Guid(9ddd40d0e8259cd4e90905ff9260b2d0) Importer(815301076,1909f56bfc062723c751e8b465ee728b)  -> (artifact id: 'c92604ac85b930ba505a31693a5ad6c2') in 0.957104 seconds 
========================================================================
Received Import Request.
  Time since last request: 0.000229 seconds.
  path: Assets/AddOns/CodeMonkey
  artifactKey: Guid(81146c07adbde409dbb1530971e43269) Importer(815301076,1909f56bfc062723c751e8b465ee728b)
Start importing Assets/AddOns/CodeMonkey using Guid(81146c07adbde409dbb1530971e43269) Importer(815301076,1909f56bfc062723c751e8b465ee728b)  -> (artifact id: 'fcb29105fbf0bd2126c9d95ce012d0c7') in 0.000720 seconds 
========================================================================
Received Import Request.
  Time since last request: 0.000279 seconds.
  path: Assets/AddOns/CodeMonkey/KeyDoorSystem/README.txt
  artifactKey: Guid(595d9bbd4573d924084e77bf8258b177) Importer(815301076,1909f56bfc062723c751e8b465ee728b)
Start importing Assets/AddOns/CodeMonkey/KeyDoorSystem/README.txt using Guid(595d9bbd4573d924084e77bf8258b177) Importer(815301076,1909f56bfc062723c751e8b465ee728b)  -> (artifact id: '02d7e6b21ca6a6c99ed93812e0b0adc6') in 2.596158 seconds 
========================================================================
Received Import Request.
  Time since last request: 0.000232 seconds.
  path: Assets/AddOns/CodeMonkey/KeyDoorSystem
  artifactKey: Guid(47a53a0b13d7e4b35b56bb84966fbbfb) Importer(815301076,1909f56bfc062723c751e8b465ee728b)
Start importing Assets/AddOns/CodeMonkey/KeyDoorSystem using Guid(47a53a0b13d7e4b35b56bb84966fbbfb) Importer(815301076,1909f56bfc062723c751e8b465ee728b)  -> (artifact id: 'cc416dbad2d122ba1308fde55d099336') in 0.000789 seconds 
========================================================================
Received Import Request.
  Time since last request: 0.000165 seconds.
  path: Assets/AddOns/CodeMonkey/KeyDoorSystem/Animations
  artifactKey: Guid(ef0a8f1b6bbf5c045bd1b39bc8d1e2d2) Importer(815301076,1909f56bfc062723c751e8b465ee728b)
Start importing Assets/AddOns/CodeMonkey/KeyDoorSystem/Animations using Guid(ef0a8f1b6bbf5c045bd1b39bc8d1e2d2) Importer(815301076,1909f56bfc062723c751e8b465ee728b)  -> (artifact id: '982786a6f7e8c1cd0fcd86392fa9b9e6') in 0.000798 seconds 
========================================================================
Received Import Request.
  Time since last request: 15.743776 seconds.
  path: Assets/AddOns/CodeMonkey/KeyDoorSystem/Objects
  artifactKey: Guid(6dff1dcb83f17bb42a9e32069308a3e0) Importer(815301076,1909f56bfc062723c751e8b465ee728b)
Start importing Assets/AddOns/CodeMonkey/KeyDoorSystem/Objects using Guid(6dff1dcb83f17bb42a9e32069308a3e0) Importer(815301076,1909f56bfc062723c751e8b465ee728b)  -> (artifact id: '76e498b8ac2277e623e316e4e2380767') in 0.006120 seconds 
========================================================================
Received Import Request.
  Time since last request: 2.777589 seconds.
  path: Assets/AddOns/CodeMonkey/KeyDoorSystem/Objects/DoorKeyUI.prefab
  artifactKey: Guid(6971116e2dd12e848a33b6663e8ae71d) Importer(815301076,1909f56bfc062723c751e8b465ee728b)
Start importing Assets/AddOns/CodeMonkey/KeyDoorSystem/Objects/DoorKeyUI.prefab using Guid(6971116e2dd12e848a33b6663e8ae71d) Importer(815301076,1909f56bfc062723c751e8b465ee728b)  -> (artifact id: '5c8f22b2c11f2531c9b68e8616e04dab') in 0.280174 seconds 
========================================================================
Received Import Request.
  Time since last request: 0.000166 seconds.
  path: Assets/AddOns/CodeMonkey/KeyDoorSystem/Objects/KeyPrefab.prefab
  artifactKey: Guid(17208059c6f92e14ca2094a52b5f5089) Importer(815301076,1909f56bfc062723c751e8b465ee728b)
Start importing Assets/AddOns/CodeMonkey/KeyDoorSystem/Objects/KeyPrefab.prefab using Guid(17208059c6f92e14ca2094a52b5f5089) Importer(815301076,1909f56bfc062723c751e8b465ee728b)  -> (artifact id: 'ca681d34a4e109fc7df0783230e3d1ee') in 0.004413 seconds 
========================================================================
Received Import Request.
  Time since last request: 0.000200 seconds.
  path: Assets/AddOns/CodeMonkey/KeyDoorSystem/Objects/DoorPrefab Green.prefab
  artifactKey: Guid(3789f9e5acf3e9b46a48f3f0d3468a72) Importer(815301076,1909f56bfc062723c751e8b465ee728b)
Start importing Assets/AddOns/CodeMonkey/KeyDoorSystem/Objects/DoorPrefab Green.prefab using Guid(3789f9e5acf3e9b46a48f3f0d3468a72) Importer(815301076,1909f56bfc062723c751e8b465ee728b)  -> (artifact id: 'a74266c97587c3a123bde26fc9e4f6cb') in 0.003690 seconds 
========================================================================
Received Import Request.
  Time since last request: 0.000145 seconds.
  path: Assets/AddOns/CodeMonkey/KeyDoorSystem/Objects/DoorPrefab Blue.prefab
  artifactKey: Guid(644381e696adddf47af29eeefb3a0375) Importer(815301076,1909f56bfc062723c751e8b465ee728b)
Start importing Assets/AddOns/CodeMonkey/KeyDoorSystem/Objects/DoorPrefab Blue.prefab using Guid(644381e696adddf47af29eeefb3a0375) Importer(815301076,1909f56bfc062723c751e8b465ee728b)  -> (artifact id: '9182fab5880e8a360b7c63356f771043') in 0.003209 seconds 
========================================================================
Received Import Request.
  Time since last request: 0.000341 seconds.
  path: Assets/AddOns/CodeMonkey/KeyDoorSystem/Objects/KeyPrefabBlue.prefab
  artifactKey: Guid(153b48c1a8887d44ab10780bec4533d1) Importer(815301076,1909f56bfc062723c751e8b465ee728b)
Start importing Assets/AddOns/CodeMonkey/KeyDoorSystem/Objects/KeyPrefabBlue.prefab using Guid(153b48c1a8887d44ab10780bec4533d1) Importer(815301076,1909f56bfc062723c751e8b465ee728b)  -> (artifact id: 'a1f1d3252ca6afcf4da50e81a4bdea29') in 0.004531 seconds 
========================================================================
Received Import Request.
  Time since last request: 0.000129 seconds.
  path: Assets/AddOns/CodeMonkey/KeyDoorSystem/Objects/KeyPrefabGreen.prefab
  artifactKey: Guid(e086f2e2939998a45a6dee95bf0ce07c) Importer(815301076,1909f56bfc062723c751e8b465ee728b)
Start importing Assets/AddOns/CodeMonkey/KeyDoorSystem/Objects/KeyPrefabGreen.prefab using Guid(e086f2e2939998a45a6dee95bf0ce07c) Importer(815301076,1909f56bfc062723c751e8b465ee728b)  -> (artifact id: '352a9bea0becf2cb631286270780e0cf') in 0.003913 seconds 
========================================================================
Received Import Request.
  Time since last request: 0.000195 seconds.
  path: Assets/AddOns/CodeMonkey/KeyDoorSystem/Objects/DoorKeyUISingle.prefab
  artifactKey: Guid(345158a61f7bd59439499b771dd9ee0a) Importer(815301076,1909f56bfc062723c751e8b465ee728b)
Start importing Assets/AddOns/CodeMonkey/KeyDoorSystem/Objects/DoorKeyUISingle.prefab using Guid(345158a61f7bd59439499b771dd9ee0a) Importer(815301076,1909f56bfc062723c751e8b465ee728b)  -> (artifact id: '6d02c5bc306bed08e288aa82e6b40247') in 0.002587 seconds 
========================================================================
Received Import Request.
  Time since last request: 0.000148 seconds.
  path: Assets/AddOns/CodeMonkey/KeyDoorSystem/Objects/DoorPrefab.prefab
  artifactKey: Guid(48571494dc84780429d63ddfebd083d3) Importer(815301076,1909f56bfc062723c751e8b465ee728b)
Start importing Assets/AddOns/CodeMonkey/KeyDoorSystem/Objects/DoorPrefab.prefab using Guid(48571494dc84780429d63ddfebd083d3) Importer(815301076,1909f56bfc062723c751e8b465ee728b)  -> (artifact id: 'bd817265aba8ba65a3fb3ab51c6e0ee1') in 0.002375 seconds 
========================================================================
Received Import Request.
  Time since last request: 0.000147 seconds.
  path: Assets/AddOns/CodeMonkey/KeyDoorSystem/Objects/KeyPrefabRed.prefab
  artifactKey: Guid(a89412eb5b0077343b71c186052003d1) Importer(815301076,1909f56bfc062723c751e8b465ee728b)
Start importing Assets/AddOns/CodeMonkey/KeyDoorSystem/Objects/KeyPrefabRed.prefab using Guid(a89412eb5b0077343b71c186052003d1) Importer(815301076,1909f56bfc062723c751e8b465ee728b)  -> (artifact id: 'a07cc1a901a8cc2d3c5edddaac3f7c69') in 0.004001 seconds 
========================================================================
Received Import Request.
  Time since last request: 0.000256 seconds.
  path: Assets/AddOns/CodeMonkey/KeyDoorSystem/Objects/DoorSingleSide.prefab
  artifactKey: Guid(064259b0d2b7a394fb15f88197f3e02a) Importer(815301076,1909f56bfc062723c751e8b465ee728b)
Start importing Assets/AddOns/CodeMonkey/KeyDoorSystem/Objects/DoorSingleSide.prefab using Guid(064259b0d2b7a394fb15f88197f3e02a) Importer(815301076,1909f56bfc062723c751e8b465ee728b)  -> (artifact id: '8da0434d9eabf3a753fd98eab4c603d9') in 0.003093 seconds 
========================================================================
Received Import Request.
  Time since last request: 0.000246 seconds.
  path: Assets/AddOns/CodeMonkey/KeyDoorSystem/Objects/DoorPrefab Red.prefab
  artifactKey: Guid(40a90cad705d70542a3895fd114a425f) Importer(815301076,1909f56bfc062723c751e8b465ee728b)
Start importing Assets/AddOns/CodeMonkey/KeyDoorSystem/Objects/DoorPrefab Red.prefab using Guid(40a90cad705d70542a3895fd114a425f) Importer(815301076,1909f56bfc062723c751e8b465ee728b)  -> (artifact id: '3f31fe546adfa6015d4653859cccb2dd') in 0.003196 seconds 
========================================================================
Received Import Request.
  Time since last request: 74.289720 seconds.
  path: Assets/AddOns/CodeMonkey/KeyDoorSystem/Scripts/DoorKeyHolder.cs
  artifactKey: Guid(37ddb3c7948698b419030192faaba1dd) Importer(815301076,1909f56bfc062723c751e8b465ee728b)
Start importing Assets/AddOns/CodeMonkey/KeyDoorSystem/Scripts/DoorKeyHolder.cs using Guid(37ddb3c7948698b419030192faaba1dd) Importer(815301076,1909f56bfc062723c751e8b465ee728b)  -> (artifact id: '5132938a4196c66ff81372edb85fae6f') in 0.268358 seconds 
AssetImportWorkerClient::OnTransportError - code=2 error=End of file
