Using pre-set license

 COMMAND LINE ARGUMENTS:
/Applications/Unity/Hub/Editor/2021.1.3f1/Unity.app/Contents/MacOS/Unity
-adb2
-batchMode
-noUpm
-name
AssetImportWorker0
-projectPath
/Users/adisa/Documents/GitHub/NASA-Simulation/Obstacles/Obstacles - 4.17.21
-logFile
Logs/AssetImportWorker0.log
-srvPort
55144
Successfully changed project path to: /Users/adisa/Documents/GitHub/NASA-Simulation/Obstacles/Obstacles - 4.17.21
/Users/adisa/Documents/GitHub/NASA-Simulation/Obstacles/Obstacles - 4.17.21
Using Asset Import Pipeline V2.
Refreshing native plugins compatible for Editor in 89.84 ms, found 1 plugins.
Preloading 0 native plugins for Editor in 0.00 ms.
Initialize engine version: 2021.1.3f1 (4bef613afd59)
[Subsystems] Discovering subsystems at path /Applications/Unity/Hub/Editor/2021.1.3f1/Unity.app/Contents/Resources/UnitySubsystems
[Subsystems] Discovering subsystems at path /Users/adisa/Documents/GitHub/NASA-Simulation/Obstacles/Obstacles - 4.17.21/Assets
GfxDevice: creating device client; threaded=0; jobified=0
2021-04-17 09:19:35.056 Unity[60680:7970532] Color LCD preferred device: Intel(R) Iris(TM) Plus Graphics 645 (low power)
2021-04-17 09:19:35.056 Unity[60680:7970532] Metal devices available: 1
2021-04-17 09:19:35.056 Unity[60680:7970532] 0: Intel(R) Iris(TM) Plus Graphics 645 (low power)
2021-04-17 09:19:35.057 Unity[60680:7970532] Using device Intel(R) Iris(TM) Plus Graphics 645 (low power)
Initializing Metal device caps: Intel(R) Iris(TM) Plus Graphics 645
Initialize mono
Mono path[0] = '/Applications/Unity/Hub/Editor/2021.1.3f1/Unity.app/Contents/Managed'
Mono path[1] = '/Applications/Unity/Hub/Editor/2021.1.3f1/Unity.app/Contents/MonoBleedingEdge/lib/mono/unityjit'
Mono config path = '/Applications/Unity/Hub/Editor/2021.1.3f1/Unity.app/Contents/MonoBleedingEdge/etc'
Using monoOptions --debugger-agent=transport=dt_socket,embedding=1,server=y,suspend=n,address=127.0.0.1:56680
Begin MonoManager ReloadAssembly
Registering precompiled unity dll's ...
Register platform support module: /Applications/Unity/Hub/Editor/2021.1.3f1/Unity.app/Contents/PlaybackEngines/MacStandaloneSupport/UnityEditor.OSXStandalone.Extensions.dll
Registered in 0.000558 seconds.
Native extension for OSXStandalone target not found
Refreshing native plugins compatible for Editor in 86.18 ms, found 1 plugins.
Preloading 0 native plugins for Editor in 0.00 ms.
Mono: successfully reloaded assembly
- Completed reload, in  2.709 seconds
Platform modules already initialized, skipping
Registering precompiled user dll's ...
Registered in 0.001509 seconds.
Begin MonoManager ReloadAssembly
Native extension for OSXStandalone target not found
Refreshing native plugins compatible for Editor in 0.63 ms, found 1 plugins.
Preloading 0 native plugins for Editor in 0.00 ms.
Mono: successfully reloaded assembly
- Completed reload, in  1.388 seconds
Platform modules already initialized, skipping
========================================================================
Worker process is ready to serve import requests
Launching external process: /Applications/Unity/Hub/Editor/2021.1.3f1/Unity.app/Contents/Tools/UnityShaderCompiler
Launched and connected shader compiler UnityShaderCompiler after 0.01 seconds
Refreshing native plugins compatible for Editor in 0.58 ms, found 1 plugins.
Preloading 0 native plugins for Editor in 0.00 ms.
Unloading 2665 Unused Serialized files (Serialized files now loaded: 0)
System memory in use before: 167.2 MB.
System memory in use after: 167.3 MB.

Unloading 15 unused Assets to reduce memory usage. Loaded Objects now: 3117.
Total: 2.819505 ms (FindLiveObjects: 0.235202 ms CreateObjectMapping: 0.129779 ms MarkObjects: 2.364762 ms  DeleteObjects: 0.088191 ms)

========================================================================
Received Import Request.
  path: Assets/Scripts
  artifactKey: Guid(b5f21e03810094552af4b9eefe335a0a) Importer(815301076,1909f56bfc062723c751e8b465ee728b)
Start importing Assets/Scripts using Guid(b5f21e03810094552af4b9eefe335a0a) Importer(815301076,1909f56bfc062723c751e8b465ee728b)  -> (artifact id: '8fa5fe1840e33358b123d94ab4a4317f') in 0.006551 seconds 
========================================================================
Received Import Request.
  Time since last request: 5.422843 seconds.
  path: Assets/Assets
  artifactKey: Guid(dcc7aaa9026024218b599a8d8b657c18) Importer(815301076,1909f56bfc062723c751e8b465ee728b)
Start importing Assets/Assets using Guid(dcc7aaa9026024218b599a8d8b657c18) Importer(815301076,1909f56bfc062723c751e8b465ee728b)  -> (artifact id: 'ba589b314a1ef73d68d5f88ea6ffc754') in 0.005841 seconds 
========================================================================
Received Import Request.
  Time since last request: 2.411611 seconds.
  path: Assets/Scenes
  artifactKey: Guid(faaee23394bc1487a906b14c44cd4404) Importer(815301076,1909f56bfc062723c751e8b465ee728b)
Start importing Assets/Scenes using Guid(faaee23394bc1487a906b14c44cd4404) Importer(815301076,1909f56bfc062723c751e8b465ee728b)  -> (artifact id: '0a139e4b82785764aa8d4777f4bd3736') in 0.001346 seconds 
========================================================================
Received Import Request.
  Time since last request: 385.297654 seconds.
  path: Assets/Scripts/PlayerControl.cs
  artifactKey: Guid(db45ed9ded5b246738a05d99354bd69d) Importer(815301076,1909f56bfc062723c751e8b465ee728b)
Start importing Assets/Scripts/PlayerControl.cs using Guid(db45ed9ded5b246738a05d99354bd69d) Importer(815301076,1909f56bfc062723c751e8b465ee728b)  -> (artifact id: '2b4e20d147602c5b860192ad147c5eee') in 0.395471 seconds 
========================================================================
Received Prepare
Registering precompiled user dll's ...
Registered in 0.001479 seconds.
Begin MonoManager ReloadAssembly
Native extension for OSXStandalone target not found
Refreshing native plugins compatible for Editor in 0.82 ms, found 1 plugins.
Preloading 0 native plugins for Editor in 0.00 ms.
Mono: successfully reloaded assembly
- Completed reload, in  1.219 seconds
Platform modules already initialized, skipping
Refreshing native plugins compatible for Editor in 0.84 ms, found 1 plugins.
Preloading 0 native plugins for Editor in 0.00 ms.
Unloading 2661 Unused Serialized files (Serialized files now loaded: 0)
System memory in use before: 171.7 MB.
System memory in use after: 171.9 MB.

Unloading 10 unused Assets to reduce memory usage. Loaded Objects now: 3121.
Total: 2.457201 ms (FindLiveObjects: 0.370350 ms CreateObjectMapping: 0.128808 ms MarkObjects: 1.903096 ms  DeleteObjects: 0.052497 ms)

========================================================================
Received Prepare
Registering precompiled user dll's ...
Registered in 0.001831 seconds.
Begin MonoManager ReloadAssembly
Native extension for OSXStandalone target not found
Refreshing native plugins compatible for Editor in 0.54 ms, found 1 plugins.
Preloading 0 native plugins for Editor in 0.00 ms.
Mono: successfully reloaded assembly
- Completed reload, in  1.120 seconds
Platform modules already initialized, skipping
Refreshing native plugins compatible for Editor in 0.49 ms, found 1 plugins.
Preloading 0 native plugins for Editor in 0.00 ms.
Unloading 2661 Unused Serialized files (Serialized files now loaded: 0)
System memory in use before: 172.8 MB.
System memory in use after: 173.0 MB.

Unloading 10 unused Assets to reduce memory usage. Loaded Objects now: 3124.
Total: 2.256399 ms (FindLiveObjects: 0.220128 ms CreateObjectMapping: 0.123888 ms MarkObjects: 1.867796 ms  DeleteObjects: 0.043498 ms)

========================================================================
Received Prepare
Registering precompiled user dll's ...
Registered in 0.001553 seconds.
Begin MonoManager ReloadAssembly
Native extension for OSXStandalone target not found
Refreshing native plugins compatible for Editor in 0.62 ms, found 1 plugins.
Preloading 0 native plugins for Editor in 0.00 ms.
Mono: successfully reloaded assembly
- Completed reload, in  1.155 seconds
Platform modules already initialized, skipping
Refreshing native plugins compatible for Editor in 0.54 ms, found 1 plugins.
Preloading 0 native plugins for Editor in 0.00 ms.
Unloading 2661 Unused Serialized files (Serialized files now loaded: 0)
System memory in use before: 173.0 MB.
System memory in use after: 173.2 MB.

Unloading 10 unused Assets to reduce memory usage. Loaded Objects now: 3127.
Total: 2.966551 ms (FindLiveObjects: 0.344598 ms CreateObjectMapping: 0.278551 ms MarkObjects: 2.287495 ms  DeleteObjects: 0.054333 ms)

========================================================================
Received Prepare
Registering precompiled user dll's ...
Registered in 0.001598 seconds.
Begin MonoManager ReloadAssembly
Native extension for OSXStandalone target not found
Refreshing native plugins compatible for Editor in 0.77 ms, found 1 plugins.
Preloading 0 native plugins for Editor in 0.00 ms.
Mono: successfully reloaded assembly
- Completed reload, in  1.562 seconds
Platform modules already initialized, skipping
Refreshing native plugins compatible for Editor in 0.46 ms, found 1 plugins.
Preloading 0 native plugins for Editor in 0.00 ms.
Unloading 2661 Unused Serialized files (Serialized files now loaded: 0)
System memory in use before: 173.2 MB.
System memory in use after: 173.4 MB.

Unloading 10 unused Assets to reduce memory usage. Loaded Objects now: 3130.
Total: 2.156289 ms (FindLiveObjects: 0.247083 ms CreateObjectMapping: 0.114293 ms MarkObjects: 1.748770 ms  DeleteObjects: 0.044776 ms)

========================================================================
Received Import Request.
  Time since last request: 703.390632 seconds.
  path: Assets/Scripts/PlayerControl.cs
  artifactKey: Guid(db45ed9ded5b246738a05d99354bd69d) Importer(815301076,1909f56bfc062723c751e8b465ee728b)
Start importing Assets/Scripts/PlayerControl.cs using Guid(db45ed9ded5b246738a05d99354bd69d) Importer(815301076,1909f56bfc062723c751e8b465ee728b)  -> (artifact id: '8659f30bb1b32bc6f2afda3194f517f3') in 0.005543 seconds 
========================================================================
Received Prepare
Registering precompiled user dll's ...
Registered in 0.001448 seconds.
Begin MonoManager ReloadAssembly
Native extension for OSXStandalone target not found
Refreshing native plugins compatible for Editor in 0.59 ms, found 1 plugins.
Preloading 0 native plugins for Editor in 0.00 ms.
Mono: successfully reloaded assembly
- Completed reload, in  1.176 seconds
Platform modules already initialized, skipping
Refreshing native plugins compatible for Editor in 0.48 ms, found 1 plugins.
Preloading 0 native plugins for Editor in 0.00 ms.
Unloading 2661 Unused Serialized files (Serialized files now loaded: 0)
System memory in use before: 173.4 MB.
System memory in use after: 173.6 MB.

Unloading 10 unused Assets to reduce memory usage. Loaded Objects now: 3133.
Total: 2.539145 ms (FindLiveObjects: 0.227056 ms CreateObjectMapping: 0.118258 ms MarkObjects: 2.102441 ms  DeleteObjects: 0.089871 ms)

========================================================================
Received Prepare
Registering precompiled user dll's ...
Registered in 0.002025 seconds.
Begin MonoManager ReloadAssembly
Native extension for OSXStandalone target not found
Refreshing native plugins compatible for Editor in 0.56 ms, found 1 plugins.
Preloading 0 native plugins for Editor in 0.00 ms.
Mono: successfully reloaded assembly
- Completed reload, in  1.278 seconds
Platform modules already initialized, skipping
Refreshing native plugins compatible for Editor in 0.43 ms, found 1 plugins.
Preloading 0 native plugins for Editor in 0.00 ms.
Unloading 2661 Unused Serialized files (Serialized files now loaded: 0)
System memory in use before: 173.6 MB.
System memory in use after: 173.7 MB.

Unloading 10 unused Assets to reduce memory usage. Loaded Objects now: 3136.
Total: 3.461578 ms (FindLiveObjects: 0.341505 ms CreateObjectMapping: 0.238909 ms MarkObjects: 2.823890 ms  DeleteObjects: 0.055803 ms)

========================================================================
Received Prepare
Registering precompiled user dll's ...
Registered in 0.001513 seconds.
Begin MonoManager ReloadAssembly
Native extension for OSXStandalone target not found
Refreshing native plugins compatible for Editor in 0.59 ms, found 1 plugins.
Preloading 0 native plugins for Editor in 0.00 ms.
Mono: successfully reloaded assembly
- Completed reload, in  1.209 seconds
Platform modules already initialized, skipping
Refreshing native plugins compatible for Editor in 0.44 ms, found 1 plugins.
Preloading 0 native plugins for Editor in 0.00 ms.
Unloading 2661 Unused Serialized files (Serialized files now loaded: 0)
System memory in use before: 173.7 MB.
System memory in use after: 173.9 MB.

Unloading 10 unused Assets to reduce memory usage. Loaded Objects now: 3139.
Total: 2.837944 ms (FindLiveObjects: 0.234195 ms CreateObjectMapping: 0.117862 ms MarkObjects: 2.434510 ms  DeleteObjects: 0.049998 ms)

========================================================================
Received Import Request.
  Time since last request: 149.897119 seconds.
  path: Assets/Scripts/FollowPlayer.cs
  artifactKey: Guid(0fbc4eb1c2d204992a8bc70c2b65d1b2) Importer(815301076,1909f56bfc062723c751e8b465ee728b)
Start importing Assets/Scripts/FollowPlayer.cs using Guid(0fbc4eb1c2d204992a8bc70c2b65d1b2) Importer(815301076,1909f56bfc062723c751e8b465ee728b)  -> (artifact id: '00cfac795d8d15a795c0b189aea54801') in 0.006308 seconds 
========================================================================
Received Prepare
Registering precompiled user dll's ...
Registered in 0.001869 seconds.
Begin MonoManager ReloadAssembly
Native extension for OSXStandalone target not found
Refreshing native plugins compatible for Editor in 0.61 ms, found 1 plugins.
Preloading 0 native plugins for Editor in 0.00 ms.
Mono: successfully reloaded assembly
- Completed reload, in  1.238 seconds
Platform modules already initialized, skipping
Refreshing native plugins compatible for Editor in 0.47 ms, found 1 plugins.
Preloading 0 native plugins for Editor in 0.00 ms.
Unloading 2662 Unused Serialized files (Serialized files now loaded: 0)
System memory in use before: 173.9 MB.
System memory in use after: 174.1 MB.

Unloading 10 unused Assets to reduce memory usage. Loaded Objects now: 3143.
Total: 2.667456 ms (FindLiveObjects: 0.481557 ms CreateObjectMapping: 0.246720 ms MarkObjects: 1.890012 ms  DeleteObjects: 0.047897 ms)

