Using pre-set license

 COMMAND LINE ARGUMENTS:
/Applications/Unity/Hub/Editor/2021.1.3f1/Unity.app/Contents/MacOS/Unity
-adb2
-batchMode
-noUpm
-name
AssetImportWorker0
-projectPath
/Users/adisa/Documents/GitHub/NASA-Simulation/Obstacles/Obstacles - 4.17.21
-logFile
Logs/AssetImportWorker0.log
-srvPort
58317
Successfully changed project path to: /Users/adisa/Documents/GitHub/NASA-Simulation/Obstacles/Obstacles - 4.17.21
/Users/adisa/Documents/GitHub/NASA-Simulation/Obstacles/Obstacles - 4.17.21
Using Asset Import Pipeline V2.
Refreshing native plugins compatible for Editor in 87.14 ms, found 1 plugins.
Preloading 0 native plugins for Editor in 0.00 ms.
Initialize engine version: 2021.1.3f1 (4bef613afd59)
[Subsystems] Discovering subsystems at path /Applications/Unity/Hub/Editor/2021.1.3f1/Unity.app/Contents/Resources/UnitySubsystems
[Subsystems] Discovering subsystems at path /Users/adisa/Documents/GitHub/NASA-Simulation/Obstacles/Obstacles - 4.17.21/Assets
GfxDevice: creating device client; threaded=0; jobified=0
2021-06-12 09:19:47.331 Unity[16705:529652] Color LCD preferred device: Intel(R) Iris(TM) Plus Graphics 645 (low power)
2021-06-12 09:19:47.331 Unity[16705:529652] Metal devices available: 1
2021-06-12 09:19:47.331 Unity[16705:529652] 0: Intel(R) Iris(TM) Plus Graphics 645 (low power)
2021-06-12 09:19:47.332 Unity[16705:529652] Using device Intel(R) Iris(TM) Plus Graphics 645 (low power)
Initializing Metal device caps: Intel(R) Iris(TM) Plus Graphics 645
Initialize mono
Mono path[0] = '/Applications/Unity/Hub/Editor/2021.1.3f1/Unity.app/Contents/Managed'
Mono path[1] = '/Applications/Unity/Hub/Editor/2021.1.3f1/Unity.app/Contents/MonoBleedingEdge/lib/mono/unityjit'
Mono config path = '/Applications/Unity/Hub/Editor/2021.1.3f1/Unity.app/Contents/MonoBleedingEdge/etc'
Using monoOptions --debugger-agent=transport=dt_socket,embedding=1,server=y,suspend=n,address=127.0.0.1:56705
Begin MonoManager ReloadAssembly
Registering precompiled unity dll's ...
Register platform support module: /Applications/Unity/Hub/Editor/2021.1.3f1/Unity.app/Contents/PlaybackEngines/MacStandaloneSupport/UnityEditor.OSXStandalone.Extensions.dll
Registered in 0.002300 seconds.
Native extension for OSXStandalone target not found
Refreshing native plugins compatible for Editor in 82.69 ms, found 1 plugins.
Preloading 0 native plugins for Editor in 0.00 ms.
Mono: successfully reloaded assembly
- Completed reload, in  2.565 seconds
Platform modules already initialized, skipping
Registering precompiled user dll's ...
Registered in 0.006014 seconds.
Begin MonoManager ReloadAssembly
Native extension for OSXStandalone target not found
Refreshing native plugins compatible for Editor in 0.60 ms, found 1 plugins.
Preloading 0 native plugins for Editor in 0.00 ms.
Mono: successfully reloaded assembly
- Completed reload, in  1.304 seconds
Platform modules already initialized, skipping
========================================================================
Worker process is ready to serve import requests
Launching external process: /Applications/Unity/Hub/Editor/2021.1.3f1/Unity.app/Contents/Tools/UnityShaderCompiler
Launched and connected shader compiler UnityShaderCompiler after 0.01 seconds
Refreshing native plugins compatible for Editor in 0.61 ms, found 1 plugins.
Preloading 0 native plugins for Editor in 0.00 ms.
Unloading 2675 Unused Serialized files (Serialized files now loaded: 0)
System memory in use before: 167.2 MB.
System memory in use after: 167.4 MB.

Unloading 14 unused Assets to reduce memory usage. Loaded Objects now: 3128.
Total: 2.487171 ms (FindLiveObjects: 0.311518 ms CreateObjectMapping: 0.177947 ms MarkObjects: 1.937214 ms  DeleteObjects: 0.059189 ms)

========================================================================
Received Import Request.
  path: Assets/Scenes
  artifactKey: Guid(faaee23394bc1487a906b14c44cd4404) Importer(815301076,1909f56bfc062723c751e8b465ee728b)
Start importing Assets/Scenes using Guid(faaee23394bc1487a906b14c44cd4404) Importer(815301076,1909f56bfc062723c751e8b465ee728b)  -> (artifact id: '0a139e4b82785764aa8d4777f4bd3736') in 0.005520 seconds 
========================================================================
Received Import Request.
  Time since last request: 0.000163 seconds.
  path: Assets/Scenes/SampleScene.unity
  artifactKey: Guid(9fc0d4010bbf28b4594072e72b8655ab) Importer(815301076,1909f56bfc062723c751e8b465ee728b)
Start importing Assets/Scenes/SampleScene.unity using Guid(9fc0d4010bbf28b4594072e72b8655ab) Importer(815301076,1909f56bfc062723c751e8b465ee728b)  -> (artifact id: '323746c5f227e4f53ca3e120d8d286b8') in 0.009576 seconds 
========================================================================
Received Import Request.
  Time since last request: 346.417410 seconds.
  path: Assets/Prefabs/New Prefab.prefab
  artifactKey: Guid(91609464e43cd4d209b4ea0952a9d27e) Importer(815301076,1909f56bfc062723c751e8b465ee728b)
Start importing Assets/Prefabs/New Prefab.prefab using Guid(91609464e43cd4d209b4ea0952a9d27e) Importer(815301076,1909f56bfc062723c751e8b465ee728b)  -> (artifact id: 'a26970bdff4935bcc5d0e0d7c9201d3a') in 0.269498 seconds 
========================================================================
Received Import Request.
  Time since last request: 11.120755 seconds.
  path: Assets/Prefabs/New Prefab.prefab
  artifactKey: Guid(91609464e43cd4d209b4ea0952a9d27e) Importer(815301076,1909f56bfc062723c751e8b465ee728b)
Start importing Assets/Prefabs/New Prefab.prefab using Guid(91609464e43cd4d209b4ea0952a9d27e) Importer(815301076,1909f56bfc062723c751e8b465ee728b)  -> (artifact id: 'b5e098d39e1391b81b304cfdf2f875af') in 0.326919 seconds 
========================================================================
Received Import Request.
  Time since last request: 9.224739 seconds.
  path: Assets/Prefabs/Hinge.prefab
  artifactKey: Guid(91609464e43cd4d209b4ea0952a9d27e) Importer(815301076,1909f56bfc062723c751e8b465ee728b)
Start importing Assets/Prefabs/Hinge.prefab using Guid(91609464e43cd4d209b4ea0952a9d27e) Importer(815301076,1909f56bfc062723c751e8b465ee728b)  -> (artifact id: '3b417ad138047064f3c99d86d30cffd8') in 0.021712 seconds 
========================================================================
Received Import Request.
  Time since last request: 8.036899 seconds.
  path: Assets/Prefabs/Key.prefab
  artifactKey: Guid(902acf4f4bd5c44cea578c97c4c07bf3) Importer(815301076,1909f56bfc062723c751e8b465ee728b)
Start importing Assets/Prefabs/Key.prefab using Guid(902acf4f4bd5c44cea578c97c4c07bf3) Importer(815301076,1909f56bfc062723c751e8b465ee728b)  -> (artifact id: '8fe6f1f77d4209c13d54f3b8037edf3f') in 0.008892 seconds 
========================================================================
Received Import Request.
  Time since last request: 4.195089 seconds.
  path: Assets/Prefabs/Key.prefab
  artifactKey: Guid(902acf4f4bd5c44cea578c97c4c07bf3) Importer(815301076,1909f56bfc062723c751e8b465ee728b)
Start importing Assets/Prefabs/Key.prefab using Guid(902acf4f4bd5c44cea578c97c4c07bf3) Importer(815301076,1909f56bfc062723c751e8b465ee728b)  -> (artifact id: '124a8821df851120d47403690d199acc') in 0.024174 seconds 
========================================================================
Received Import Request.
  Time since last request: 9.264554 seconds.
  path: Assets/Prefabs/Ladder.prefab
  artifactKey: Guid(77e5c9b609b274f82af4eedf25144790) Importer(815301076,1909f56bfc062723c751e8b465ee728b)
Start importing Assets/Prefabs/Ladder.prefab using Guid(77e5c9b609b274f82af4eedf25144790) Importer(815301076,1909f56bfc062723c751e8b465ee728b)  -> (artifact id: 'd4390413fce526a7c389549c29c75179') in 0.007430 seconds 
========================================================================
Received Import Request.
  Time since last request: 3.396704 seconds.
  path: Assets/Prefabs/Ladder.prefab
  artifactKey: Guid(77e5c9b609b274f82af4eedf25144790) Importer(815301076,1909f56bfc062723c751e8b465ee728b)
Start importing Assets/Prefabs/Ladder.prefab using Guid(77e5c9b609b274f82af4eedf25144790) Importer(815301076,1909f56bfc062723c751e8b465ee728b)  -> (artifact id: '46ed29aa6f77b1a987e0033954819699') in 0.083445 seconds 
========================================================================
Received Import Request.
  Time since last request: 14.014718 seconds.
  path: Assets/Prefabs/Ladder (Ramp).prefab
  artifactKey: Guid(8d0bc7f3870354e2584a9096b0095717) Importer(815301076,1909f56bfc062723c751e8b465ee728b)
Start importing Assets/Prefabs/Ladder (Ramp).prefab using Guid(8d0bc7f3870354e2584a9096b0095717) Importer(815301076,1909f56bfc062723c751e8b465ee728b)  -> (artifact id: 'e17093eb0f96e4aeaa3bb51416533e38') in 0.006809 seconds 
========================================================================
Received Import Request.
  Time since last request: 4.599718 seconds.
  path: Assets/Prefabs/Ladder (Ramp).prefab
  artifactKey: Guid(8d0bc7f3870354e2584a9096b0095717) Importer(815301076,1909f56bfc062723c751e8b465ee728b)
Start importing Assets/Prefabs/Ladder (Ramp).prefab using Guid(8d0bc7f3870354e2584a9096b0095717) Importer(815301076,1909f56bfc062723c751e8b465ee728b)  -> (artifact id: 'e70112d9223284e1b920827946653449') in 0.019962 seconds 
========================================================================
Received Import Request.
  Time since last request: 8.505974 seconds.
  path: Assets/Prefabs/Key 2.0.prefab
  artifactKey: Guid(09aa8b04dd4e14c7d948c26074c73caa) Importer(815301076,1909f56bfc062723c751e8b465ee728b)
Start importing Assets/Prefabs/Key 2.0.prefab using Guid(09aa8b04dd4e14c7d948c26074c73caa) Importer(815301076,1909f56bfc062723c751e8b465ee728b)  -> (artifact id: 'c2e5dc3ebee5320994e02793ce600d69') in 0.006142 seconds 
========================================================================
Received Import Request.
  Time since last request: 3.432106 seconds.
  path: Assets/Prefabs/Key 2.0.prefab
  artifactKey: Guid(09aa8b04dd4e14c7d948c26074c73caa) Importer(815301076,1909f56bfc062723c751e8b465ee728b)
Start importing Assets/Prefabs/Key 2.0.prefab using Guid(09aa8b04dd4e14c7d948c26074c73caa) Importer(815301076,1909f56bfc062723c751e8b465ee728b)  -> (artifact id: '4df22b3c20e5711b65f1326263670cbc') in 0.027240 seconds 
========================================================================
Received Import Request.
  Time since last request: 14.727051 seconds.
  path: Assets/Prefabs/Ramp Rotator.prefab
  artifactKey: Guid(e5ee8d5ba9aab452d884887717b9d866) Importer(815301076,1909f56bfc062723c751e8b465ee728b)
Start importing Assets/Prefabs/Ramp Rotator.prefab using Guid(e5ee8d5ba9aab452d884887717b9d866) Importer(815301076,1909f56bfc062723c751e8b465ee728b)  -> (artifact id: '9b90fdec5cfc0c3a1b957c5aafd31170') in 0.009624 seconds 
========================================================================
Received Import Request.
  Time since last request: 4.528607 seconds.
  path: Assets/Prefabs/Ramp Rotator.prefab
  artifactKey: Guid(e5ee8d5ba9aab452d884887717b9d866) Importer(815301076,1909f56bfc062723c751e8b465ee728b)
Start importing Assets/Prefabs/Ramp Rotator.prefab using Guid(e5ee8d5ba9aab452d884887717b9d866) Importer(815301076,1909f56bfc062723c751e8b465ee728b)  -> (artifact id: '2f0ada44b26a56d0eb78a259bfcc6381') in 0.025350 seconds 
========================================================================
Received Import Request.
  Time since last request: 81.247356 seconds.
  path: Assets/Prefabs
  artifactKey: Guid(5d06379ee79b048e4b982df5be72ec4a) Importer(815301076,1909f56bfc062723c751e8b465ee728b)
Start importing Assets/Prefabs using Guid(5d06379ee79b048e4b982df5be72ec4a) Importer(815301076,1909f56bfc062723c751e8b465ee728b)  -> (artifact id: 'a6d1362b4d8c6503cae4cd91eb076e0c') in 0.001718 seconds 
========================================================================
Received Import Request.
  Time since last request: 25.125344 seconds.
  path: Assets/Scripts/RampTrigger.cs
  artifactKey: Guid(5aedd41911899074098be059e98b1380) Importer(815301076,1909f56bfc062723c751e8b465ee728b)
Start importing Assets/Scripts/RampTrigger.cs using Guid(5aedd41911899074098be059e98b1380) Importer(815301076,1909f56bfc062723c751e8b465ee728b)  -> (artifact id: '4d8236ac363bf231eadcbf2ec2d30b04') in 0.354514 seconds 
========================================================================
Received Import Request.
  Time since last request: 0.001477 seconds.
  path: Assets/Materials/Door.mat
  artifactKey: Guid(2206d00c5e88b914b9dbb65b8d6f1545) Importer(815301076,1909f56bfc062723c751e8b465ee728b)
Start importing Assets/Materials/Door.mat using Guid(2206d00c5e88b914b9dbb65b8d6f1545) Importer(815301076,1909f56bfc062723c751e8b465ee728b)  -> (artifact id: 'f147aee3de605562afa7cfa1fc8e3b3f') in 0.177299 seconds 
========================================================================
Received Import Request.
  Time since last request: 0.002833 seconds.
  path: Assets/Scripts/SpawnRamp.cs
  artifactKey: Guid(3adc1396b09d7bc4a84608eb1ac7d159) Importer(815301076,1909f56bfc062723c751e8b465ee728b)
Start importing Assets/Scripts/SpawnRamp.cs using Guid(3adc1396b09d7bc4a84608eb1ac7d159) Importer(815301076,1909f56bfc062723c751e8b465ee728b)  -> (artifact id: '89f734613c931fdb14d917b44927145e') in 0.001327 seconds 
========================================================================
Received Import Request.
  Time since last request: 0.001427 seconds.
  path: Assets/Scripts/RampScript.cs
  artifactKey: Guid(37ab2882ece0b8f43b6652ec2aaa8bf2) Importer(815301076,1909f56bfc062723c751e8b465ee728b)
Start importing Assets/Scripts/RampScript.cs using Guid(37ab2882ece0b8f43b6652ec2aaa8bf2) Importer(815301076,1909f56bfc062723c751e8b465ee728b)  -> (artifact id: 'bb5964fcf3c8cd973467bdf5838de8ea') in 0.001206 seconds 
========================================================================
Received Import Request.
  Time since last request: 0.001409 seconds.
  path: Assets/Scripts/DropRamp.cs
  artifactKey: Guid(353c0dec10aad0c4faa47cfa57733796) Importer(815301076,1909f56bfc062723c751e8b465ee728b)
Start importing Assets/Scripts/DropRamp.cs using Guid(353c0dec10aad0c4faa47cfa57733796) Importer(815301076,1909f56bfc062723c751e8b465ee728b)  -> (artifact id: 'a9be9e5a234b3f9c26655a530924653e') in 0.001220 seconds 
========================================================================
Received Import Request.
  Time since last request: 0.001324 seconds.
  path: Assets/Scripts/OpenDoor.cs
  artifactKey: Guid(da5b01ab62f40b94ba9c6c8356d9b729) Importer(815301076,1909f56bfc062723c751e8b465ee728b)
Start importing Assets/Scripts/OpenDoor.cs using Guid(da5b01ab62f40b94ba9c6c8356d9b729) Importer(815301076,1909f56bfc062723c751e8b465ee728b)  -> (artifact id: 'e5960e2d01bfad41dc280496dbedc5ab') in 0.001174 seconds 
========================================================================
Received Import Request.
  Time since last request: 0.001529 seconds.
  path: Assets/Door_Animation.anim
  artifactKey: Guid(a6f84dccda10c0e4e80a4d03e6f60454) Importer(815301076,1909f56bfc062723c751e8b465ee728b)
Start importing Assets/Door_Animation.anim using Guid(a6f84dccda10c0e4e80a4d03e6f60454) Importer(815301076,1909f56bfc062723c751e8b465ee728b)  -> (artifact id: '8d56f90dd78152663982121b7ed20315') in 0.185587 seconds 
========================================================================
Received Import Request.
  Time since last request: 0.001733 seconds.
  path: Assets/Scripts/FollowPlayer.cs
  artifactKey: Guid(0fbc4eb1c2d204992a8bc70c2b65d1b2) Importer(815301076,1909f56bfc062723c751e8b465ee728b)
Start importing Assets/Scripts/FollowPlayer.cs using Guid(0fbc4eb1c2d204992a8bc70c2b65d1b2) Importer(815301076,1909f56bfc062723c751e8b465ee728b)  -> (artifact id: '00cfac795d8d15a795c0b189aea54801') in 0.003573 seconds 
========================================================================
Received Import Request.
  Time since last request: 0.001561 seconds.
  path: Assets/Scripts/PlayerControl.cs
  artifactKey: Guid(db45ed9ded5b246738a05d99354bd69d) Importer(815301076,1909f56bfc062723c751e8b465ee728b)
Start importing Assets/Scripts/PlayerControl.cs using Guid(db45ed9ded5b246738a05d99354bd69d) Importer(815301076,1909f56bfc062723c751e8b465ee728b)  -> (artifact id: '69a9a85c31196f0a505b384d41d41d90') in 0.003594 seconds 
========================================================================
Received Import Request.
  Time since last request: 0.001530 seconds.
  path: Assets/Scripts/PickKey.cs
  artifactKey: Guid(ce29804a754db864f9c8d4906699454b) Importer(815301076,1909f56bfc062723c751e8b465ee728b)
Start importing Assets/Scripts/PickKey.cs using Guid(ce29804a754db864f9c8d4906699454b) Importer(815301076,1909f56bfc062723c751e8b465ee728b)  -> (artifact id: 'ad223cdb37d5d5ea64aaf9ce8ea5e3f0') in 0.003203 seconds 
========================================================================
Received Import Request.
  Time since last request: 0.001399 seconds.
  path: Assets/Scripts/ladderScript1.cs
  artifactKey: Guid(f0886b02074526d4189fd45513edab0a) Importer(815301076,1909f56bfc062723c751e8b465ee728b)
Start importing Assets/Scripts/ladderScript1.cs using Guid(f0886b02074526d4189fd45513edab0a) Importer(815301076,1909f56bfc062723c751e8b465ee728b)  -> (artifact id: '46d542520e1feffd5ecaf846ce8fe819') in 0.003536 seconds 
========================================================================
Received Import Request.
  Time since last request: 0.002152 seconds.
  path: Assets/Scripts/CameraController.cs
  artifactKey: Guid(4a9920e9f51f47b4fa364dd303757654) Importer(815301076,1909f56bfc062723c751e8b465ee728b)
Start importing Assets/Scripts/CameraController.cs using Guid(4a9920e9f51f47b4fa364dd303757654) Importer(815301076,1909f56bfc062723c751e8b465ee728b)  -> (artifact id: '2045c19127859bdb8a270d73c6679b35') in 0.003967 seconds 
AssetImportWorkerClient::OnTransportError - code=2 error=End of file
