Using pre-set license
Built from '2021.1/staging' branch; Version is '2021.1.3f1 (4bef613afd59) revision 4976481'; Using compiler version '192528614'; Build Type 'Release'
OS: 'Windows 10 Home; OS build 19042.985; Version 2009; 64bit' Language: 'en' Physical Memory: 24477 MB
BatchMode: 1, IsHumanControllingUs: 0, StartBugReporterOnCrash: 0, Is64bit: 1, IsPro: 0

 COMMAND LINE ARGUMENTS:
C:\Program Files\Unity\Hub\Editor\2021.1.3f1\Editor\Unity.exe
-adb2
-batchMode
-noUpm
-name
AssetImportWorker0
-projectPath
C:/Users/User/Desktop/Unity Stuff/NASA-Simulation/Environment Terrain 4.28
-logFile
Logs/AssetImportWorker0.log
-srvPort
50753
Successfully changed project path to: C:/Users/User/Desktop/Unity Stuff/NASA-Simulation/Environment Terrain 4.28
C:/Users/User/Desktop/Unity Stuff/NASA-Simulation/Environment Terrain 4.28
Using Asset Import Pipeline V2.
Refreshing native plugins compatible for Editor in 92.34 ms, found 1 plugins.
Preloading 0 native plugins for Editor in 0.00 ms.
Initialize engine version: 2021.1.3f1 (4bef613afd59)
[Subsystems] Discovering subsystems at path C:/Program Files/Unity/Hub/Editor/2021.1.3f1/Editor/Data/Resources/UnitySubsystems
[Subsystems] Discovering subsystems at path C:/Users/User/Desktop/Unity Stuff/NASA-Simulation/Environment Terrain 4.28/Assets
GfxDevice: creating device client; threaded=0; jobified=0
Direct3D:
    Version:  Direct3D 11.0 [level 11.1]
    Renderer: NVIDIA TITAN X (Pascal) (ID=0x1b00)
    Vendor:   NVIDIA
    VRAM:     12147 MB
    Driver:   27.21.14.6589
Initialize mono
Mono path[0] = 'C:/Program Files/Unity/Hub/Editor/2021.1.3f1/Editor/Data/Managed'
Mono path[1] = 'C:/Program Files/Unity/Hub/Editor/2021.1.3f1/Editor/Data/MonoBleedingEdge/lib/mono/unityjit'
Mono config path = 'C:/Program Files/Unity/Hub/Editor/2021.1.3f1/Editor/Data/MonoBleedingEdge/etc'
Using monoOptions --debugger-agent=transport=dt_socket,embedding=1,server=y,suspend=n,address=127.0.0.1:56308
Begin MonoManager ReloadAssembly
Registering precompiled unity dll's ...
Register platform support module: C:/Program Files/Unity/Hub/Editor/2021.1.3f1/Editor/Data/PlaybackEngines/WindowsStandaloneSupport/UnityEditor.WindowsStandalone.Extensions.dll
Registered in 0.002453 seconds.
Native extension for WindowsStandalone target not found
Refreshing native plugins compatible for Editor in 100.54 ms, found 1 plugins.
Preloading 0 native plugins for Editor in 0.00 ms.
Mono: successfully reloaded assembly
- Completed reload, in  1.537 seconds
Platform modules already initialized, skipping
Registering precompiled user dll's ...
Registered in 0.003640 seconds.
Begin MonoManager ReloadAssembly
Native extension for WindowsStandalone target not found
Refreshing native plugins compatible for Editor in 1.25 ms, found 1 plugins.
Preloading 0 native plugins for Editor in 0.00 ms.
Mono: successfully reloaded assembly
- Completed reload, in  1.406 seconds
Platform modules already initialized, skipping
========================================================================
Worker process is ready to serve import requests
Launched and connected shader compiler UnityShaderCompiler.exe after 0.06 seconds
Refreshing native plugins compatible for Editor in 1.07 ms, found 1 plugins.
Preloading 0 native plugins for Editor in 0.00 ms.
Unloading 2676 Unused Serialized files (Serialized files now loaded: 0)
System memory in use before: 100.8 MB.
System memory in use after: 101.0 MB.

Unloading 14 unused Assets to reduce memory usage. Loaded Objects now: 3130.
Total: 3.116800 ms (FindLiveObjects: 0.267300 ms CreateObjectMapping: 0.135900 ms MarkObjects: 2.593500 ms  DeleteObjects: 0.118100 ms)

========================================================================
Received Import Request.
  path: Assets/Scenes
  artifactKey: Guid(b925f0bb9851b4351ae787f49ac404a9) Importer(815301076,1909f56bfc062723c751e8b465ee728b)
Start importing Assets/Scenes using Guid(b925f0bb9851b4351ae787f49ac404a9) Importer(815301076,1909f56bfc062723c751e8b465ee728b)  -> (artifact id: 'e6cabdb5ca9bc75b402c9d7a4b4a6652') in 0.011626 seconds 
========================================================================
Received Import Request.
  Time since last request: 0.000209 seconds.
  path: Assets/Scenes/SampleScene.unity
  artifactKey: Guid(9fc0d4010bbf28b4594072e72b8655ab) Importer(815301076,1909f56bfc062723c751e8b465ee728b)
Start importing Assets/Scenes/SampleScene.unity using Guid(9fc0d4010bbf28b4594072e72b8655ab) Importer(815301076,1909f56bfc062723c751e8b465ee728b)  -> (artifact id: '826949cefb9ed6cf1793b3e452d6a6b3') in 0.015079 seconds 
========================================================================
Received Prepare
Registering precompiled user dll's ...
Registered in 0.003559 seconds.
Begin MonoManager ReloadAssembly
Native extension for WindowsStandalone target not found
Refreshing native plugins compatible for Editor in 0.68 ms, found 1 plugins.
Preloading 0 native plugins for Editor in 0.00 ms.
Mono: successfully reloaded assembly
- Completed reload, in  1.054 seconds
Platform modules already initialized, skipping
Refreshing native plugins compatible for Editor in 0.68 ms, found 1 plugins.
Preloading 0 native plugins for Editor in 0.00 ms.
Unloading 2667 Unused Serialized files (Serialized files now loaded: 0)
System memory in use before: 100.4 MB.
System memory in use after: 100.6 MB.

Unloading 9 unused Assets to reduce memory usage. Loaded Objects now: 3133.
Total: 2.473200 ms (FindLiveObjects: 0.335100 ms CreateObjectMapping: 0.142200 ms MarkObjects: 1.968500 ms  DeleteObjects: 0.026000 ms)

========================================================================
Received Import Request.
  Time since last request: 322.378248 seconds.
  path: Assets
  artifactKey: Guid(00000000000000001000000000000000) Importer(815301076,1909f56bfc062723c751e8b465ee728b)
Start importing Assets using Guid(00000000000000001000000000000000) Importer(815301076,1909f56bfc062723c751e8b465ee728b)  -> (artifact id: 'efcc68737208a1d7a8581e190ec11b99') in 0.015121 seconds 
========================================================================
Received Import Request.
  Time since last request: 4.585173 seconds.
  path: Assets/Scripts.cs
  artifactKey: Guid(c8cd58d902c3e23489536c8a1ae88039) Importer(815301076,1909f56bfc062723c751e8b465ee728b)
Start importing Assets/Scripts.cs using Guid(c8cd58d902c3e23489536c8a1ae88039) Importer(815301076,1909f56bfc062723c751e8b465ee728b)  -> (artifact id: '95e6a5832474eb03e29fba72c8226826') in 0.034801 seconds 
========================================================================
Received Prepare
Registering precompiled user dll's ...
Registered in 0.003909 seconds.
Begin MonoManager ReloadAssembly
Native extension for WindowsStandalone target not found
Refreshing native plugins compatible for Editor in 0.76 ms, found 1 plugins.
Preloading 0 native plugins for Editor in 0.00 ms.
Mono: successfully reloaded assembly
- Completed reload, in  1.042 seconds
Platform modules already initialized, skipping
Refreshing native plugins compatible for Editor in 0.67 ms, found 1 plugins.
Preloading 0 native plugins for Editor in 0.00 ms.
Unloading 2667 Unused Serialized files (Serialized files now loaded: 0)
System memory in use before: 100.5 MB.
System memory in use after: 100.7 MB.

Unloading 9 unused Assets to reduce memory usage. Loaded Objects now: 3136.
Total: 2.407200 ms (FindLiveObjects: 0.283700 ms CreateObjectMapping: 0.136500 ms MarkObjects: 1.970000 ms  DeleteObjects: 0.016100 ms)

========================================================================
Received Import Request.
  Time since last request: 14.038038 seconds.
  path: Assets/Scripts
  artifactKey: Guid(9f28d2837abcaf0449855027e7ba9d7c) Importer(815301076,1909f56bfc062723c751e8b465ee728b)
Start importing Assets/Scripts using Guid(9f28d2837abcaf0449855027e7ba9d7c) Importer(815301076,1909f56bfc062723c751e8b465ee728b)  -> (artifact id: 'c57fa69e3658161b9d4903869f820c0f') in 0.006568 seconds 
========================================================================
Received Import Request.
  Time since last request: 11.165347 seconds.
  path: Assets/Scripts/PlayerControl.cs
  artifactKey: Guid(a0000e31e95d34945880c16cc29c2fe1) Importer(815301076,1909f56bfc062723c751e8b465ee728b)
Start importing Assets/Scripts/PlayerControl.cs using Guid(a0000e31e95d34945880c16cc29c2fe1) Importer(815301076,1909f56bfc062723c751e8b465ee728b)  -> (artifact id: 'ed9a2f30ab43e534a2689043e10c7b94') in 0.008439 seconds 
========================================================================
Received Prepare
Registering precompiled user dll's ...
Registered in 0.003907 seconds.
Begin MonoManager ReloadAssembly
Native extension for WindowsStandalone target not found
Refreshing native plugins compatible for Editor in 0.66 ms, found 1 plugins.
Preloading 0 native plugins for Editor in 0.00 ms.
Mono: successfully reloaded assembly
- Completed reload, in  1.031 seconds
Platform modules already initialized, skipping
Refreshing native plugins compatible for Editor in 0.68 ms, found 1 plugins.
Preloading 0 native plugins for Editor in 0.00 ms.
Unloading 2668 Unused Serialized files (Serialized files now loaded: 0)
System memory in use before: 100.5 MB.
System memory in use after: 100.7 MB.

Unloading 9 unused Assets to reduce memory usage. Loaded Objects now: 3140.
Total: 2.482400 ms (FindLiveObjects: 0.311400 ms CreateObjectMapping: 0.137600 ms MarkObjects: 2.017300 ms  DeleteObjects: 0.015300 ms)

========================================================================
Received Prepare
Registering precompiled user dll's ...
Registered in 0.003732 seconds.
Begin MonoManager ReloadAssembly
Native extension for WindowsStandalone target not found
Refreshing native plugins compatible for Editor in 0.76 ms, found 1 plugins.
Preloading 0 native plugins for Editor in 0.00 ms.
Mono: successfully reloaded assembly
- Completed reload, in  1.197 seconds
Platform modules already initialized, skipping
Refreshing native plugins compatible for Editor in 0.70 ms, found 1 plugins.
Preloading 0 native plugins for Editor in 0.00 ms.
Unloading 2668 Unused Serialized files (Serialized files now loaded: 0)
System memory in use before: 100.5 MB.
System memory in use after: 100.7 MB.

Unloading 9 unused Assets to reduce memory usage. Loaded Objects now: 3143.
Total: 2.571700 ms (FindLiveObjects: 0.360900 ms CreateObjectMapping: 0.145200 ms MarkObjects: 2.045000 ms  DeleteObjects: 0.019200 ms)

========================================================================
Received Import Request.
  Time since last request: 60.079243 seconds.
  path: Assets/Scripts/PlayerControl.cs
  artifactKey: Guid(a0000e31e95d34945880c16cc29c2fe1) Importer(815301076,1909f56bfc062723c751e8b465ee728b)
Start importing Assets/Scripts/PlayerControl.cs using Guid(a0000e31e95d34945880c16cc29c2fe1) Importer(815301076,1909f56bfc062723c751e8b465ee728b)  -> (artifact id: '89ebb5d7653c209ab521d98f304f0174') in 0.007646 seconds 
========================================================================
Received Prepare
Registering precompiled user dll's ...
Registered in 0.003695 seconds.
Begin MonoManager ReloadAssembly
Native extension for WindowsStandalone target not found
Refreshing native plugins compatible for Editor in 0.72 ms, found 1 plugins.
Preloading 0 native plugins for Editor in 0.00 ms.
Mono: successfully reloaded assembly
- Completed reload, in  1.215 seconds
Platform modules already initialized, skipping
Refreshing native plugins compatible for Editor in 0.72 ms, found 1 plugins.
Preloading 0 native plugins for Editor in 0.00 ms.
Unloading 2668 Unused Serialized files (Serialized files now loaded: 0)
System memory in use before: 100.5 MB.
System memory in use after: 100.8 MB.

Unloading 9 unused Assets to reduce memory usage. Loaded Objects now: 3146.
Total: 2.242800 ms (FindLiveObjects: 0.259000 ms CreateObjectMapping: 0.136400 ms MarkObjects: 1.830700 ms  DeleteObjects: 0.015700 ms)

========================================================================
Received Import Request.
  Time since last request: 387.363280 seconds.
  path: Assets/Scripts/FollowPlayer.cs
  artifactKey: Guid(1fdbbe991b484e84bafc511e8f91c01a) Importer(815301076,1909f56bfc062723c751e8b465ee728b)
Start importing Assets/Scripts/FollowPlayer.cs using Guid(1fdbbe991b484e84bafc511e8f91c01a) Importer(815301076,1909f56bfc062723c751e8b465ee728b)  -> (artifact id: 'f8912adbf6aeebfd652a80ac5fa97d7b') in 0.013253 seconds 
========================================================================
Received Import Request.
  Time since last request: 13.299205 seconds.
  path: Assets/Scripts/FollowPlayer.cs
  artifactKey: Guid(1fdbbe991b484e84bafc511e8f91c01a) Importer(815301076,1909f56bfc062723c751e8b465ee728b)
Start importing Assets/Scripts/FollowPlayer.cs using Guid(1fdbbe991b484e84bafc511e8f91c01a) Importer(815301076,1909f56bfc062723c751e8b465ee728b)  -> (artifact id: '2a7f1a9ef9c349f172226888c388b058') in 0.004130 seconds 
========================================================================
Received Prepare
Registering precompiled user dll's ...
Registered in 0.003705 seconds.
Begin MonoManager ReloadAssembly
Native extension for WindowsStandalone target not found
Refreshing native plugins compatible for Editor in 0.78 ms, found 1 plugins.
Preloading 0 native plugins for Editor in 0.00 ms.
Mono: successfully reloaded assembly
- Completed reload, in  1.378 seconds
Platform modules already initialized, skipping
Refreshing native plugins compatible for Editor in 0.80 ms, found 1 plugins.
Preloading 0 native plugins for Editor in 0.00 ms.
Unloading 2669 Unused Serialized files (Serialized files now loaded: 0)
System memory in use before: 100.6 MB.
System memory in use after: 100.8 MB.

Unloading 9 unused Assets to reduce memory usage. Loaded Objects now: 3150.
Total: 3.063700 ms (FindLiveObjects: 0.339800 ms CreateObjectMapping: 0.158300 ms MarkObjects: 2.543400 ms  DeleteObjects: 0.020700 ms)

========================================================================
Received Import Request.
  Time since last request: 70.599903 seconds.
  path: Assets/Scripts/FollowPlayer.cs
  artifactKey: Guid(1fdbbe991b484e84bafc511e8f91c01a) Importer(815301076,1909f56bfc062723c751e8b465ee728b)
Start importing Assets/Scripts/FollowPlayer.cs using Guid(1fdbbe991b484e84bafc511e8f91c01a) Importer(815301076,1909f56bfc062723c751e8b465ee728b)  -> (artifact id: '2aa5a93163e8186eb6453d71286393d5') in 0.008966 seconds 
========================================================================
Received Prepare
Registering precompiled user dll's ...
Registered in 0.003687 seconds.
Begin MonoManager ReloadAssembly
Native extension for WindowsStandalone target not found
Refreshing native plugins compatible for Editor in 0.70 ms, found 1 plugins.
Preloading 0 native plugins for Editor in 0.00 ms.
Mono: successfully reloaded assembly
- Completed reload, in  1.269 seconds
Platform modules already initialized, skipping
Refreshing native plugins compatible for Editor in 0.68 ms, found 1 plugins.
Preloading 0 native plugins for Editor in 0.00 ms.
Unloading 2669 Unused Serialized files (Serialized files now loaded: 0)
System memory in use before: 100.6 MB.
System memory in use after: 100.8 MB.

Unloading 9 unused Assets to reduce memory usage. Loaded Objects now: 3153.
Total: 2.183300 ms (FindLiveObjects: 0.252100 ms CreateObjectMapping: 0.200300 ms MarkObjects: 1.713000 ms  DeleteObjects: 0.017100 ms)

========================================================================
Received Prepare
Registering precompiled user dll's ...
Registered in 0.003493 seconds.
Begin MonoManager ReloadAssembly
Native extension for WindowsStandalone target not found
Refreshing native plugins compatible for Editor in 0.69 ms, found 1 plugins.
Preloading 0 native plugins for Editor in 0.00 ms.
Mono: successfully reloaded assembly
- Completed reload, in  1.338 seconds
Platform modules already initialized, skipping
Refreshing native plugins compatible for Editor in 0.71 ms, found 1 plugins.
Preloading 0 native plugins for Editor in 0.00 ms.
Unloading 2669 Unused Serialized files (Serialized files now loaded: 0)
System memory in use before: 100.6 MB.
System memory in use after: 100.8 MB.

Unloading 9 unused Assets to reduce memory usage. Loaded Objects now: 3156.
Total: 2.287100 ms (FindLiveObjects: 0.218900 ms CreateObjectMapping: 0.133100 ms MarkObjects: 1.901500 ms  DeleteObjects: 0.032200 ms)

========================================================================
Received Prepare
Registering precompiled user dll's ...
Registered in 0.003495 seconds.
Begin MonoManager ReloadAssembly
Native extension for WindowsStandalone target not found
Refreshing native plugins compatible for Editor in 0.73 ms, found 1 plugins.
Preloading 0 native plugins for Editor in 0.00 ms.
Mono: successfully reloaded assembly
- Completed reload, in  1.154 seconds
Platform modules already initialized, skipping
Refreshing native plugins compatible for Editor in 0.71 ms, found 1 plugins.
Preloading 0 native plugins for Editor in 0.00 ms.
Unloading 2667 Unused Serialized files (Serialized files now loaded: 0)
System memory in use before: 100.5 MB.
System memory in use after: 100.8 MB.

Unloading 11 unused Assets to reduce memory usage. Loaded Objects now: 3157.
Total: 3.258100 ms (FindLiveObjects: 0.263400 ms CreateObjectMapping: 0.136100 ms MarkObjects: 2.834700 ms  DeleteObjects: 0.022000 ms)

========================================================================
Received Import Request.
  Time since last request: 675.123778 seconds.
  path: Assets/Scripts/CameraController.cs
  artifactKey: Guid(39bf088a767178b4fa2d979b4de443ae) Importer(815301076,1909f56bfc062723c751e8b465ee728b)
Start importing Assets/Scripts/CameraController.cs using Guid(39bf088a767178b4fa2d979b4de443ae) Importer(815301076,1909f56bfc062723c751e8b465ee728b)  -> (artifact id: 'e4c33fde3babecebd37e3c148487fda8') in 0.011122 seconds 
========================================================================
Received Import Request.
  Time since last request: 4.315231 seconds.
  path: Assets/Scripts/CameraController.cs
  artifactKey: Guid(39bf088a767178b4fa2d979b4de443ae) Importer(815301076,1909f56bfc062723c751e8b465ee728b)
Start importing Assets/Scripts/CameraController.cs using Guid(39bf088a767178b4fa2d979b4de443ae) Importer(815301076,1909f56bfc062723c751e8b465ee728b)  -> (artifact id: 'd093a77fcd1861ac77f2c16a66a32b3c') in 0.002655 seconds 
========================================================================
Received Prepare
Registering precompiled user dll's ...
Registered in 0.003738 seconds.
Begin MonoManager ReloadAssembly
Native extension for WindowsStandalone target not found
Refreshing native plugins compatible for Editor in 0.71 ms, found 1 plugins.
Preloading 0 native plugins for Editor in 0.00 ms.
Mono: successfully reloaded assembly
- Completed reload, in  1.059 seconds
Platform modules already initialized, skipping
Refreshing native plugins compatible for Editor in 0.71 ms, found 1 plugins.
Preloading 0 native plugins for Editor in 0.00 ms.
Unloading 2668 Unused Serialized files (Serialized files now loaded: 0)
System memory in use before: 100.6 MB.
System memory in use after: 100.8 MB.

Unloading 9 unused Assets to reduce memory usage. Loaded Objects now: 3161.
Total: 2.446600 ms (FindLiveObjects: 0.245000 ms CreateObjectMapping: 0.135300 ms MarkObjects: 2.048600 ms  DeleteObjects: 0.016800 ms)

========================================================================
Received Prepare
Registering precompiled user dll's ...
Registered in 0.003748 seconds.
Begin MonoManager ReloadAssembly
Native extension for WindowsStandalone target not found
Refreshing native plugins compatible for Editor in 0.71 ms, found 1 plugins.
Preloading 0 native plugins for Editor in 0.00 ms.
Mono: successfully reloaded assembly
- Completed reload, in  1.018 seconds
Platform modules already initialized, skipping
Refreshing native plugins compatible for Editor in 0.75 ms, found 1 plugins.
Preloading 0 native plugins for Editor in 0.00 ms.
Unloading 2669 Unused Serialized files (Serialized files now loaded: 0)
System memory in use before: 100.6 MB.
System memory in use after: 100.8 MB.

Unloading 9 unused Assets to reduce memory usage. Loaded Objects now: 3165.
Total: 2.342100 ms (FindLiveObjects: 0.244000 ms CreateObjectMapping: 0.133900 ms MarkObjects: 1.947400 ms  DeleteObjects: 0.016000 ms)

========================================================================
Received Prepare
Registering precompiled user dll's ...
Registered in 0.003718 seconds.
Begin MonoManager ReloadAssembly
Native extension for WindowsStandalone target not found
Refreshing native plugins compatible for Editor in 0.77 ms, found 1 plugins.
Preloading 0 native plugins for Editor in 0.00 ms.
Mono: successfully reloaded assembly
- Completed reload, in  1.017 seconds
Platform modules already initialized, skipping
Refreshing native plugins compatible for Editor in 0.71 ms, found 1 plugins.
Preloading 0 native plugins for Editor in 0.00 ms.
Unloading 2668 Unused Serialized files (Serialized files now loaded: 0)
System memory in use before: 100.6 MB.
System memory in use after: 100.8 MB.

Unloading 10 unused Assets to reduce memory usage. Loaded Objects now: 3167.
Total: 2.316400 ms (FindLiveObjects: 0.256500 ms CreateObjectMapping: 0.136100 ms MarkObjects: 1.903800 ms  DeleteObjects: 0.019000 ms)

========================================================================
Received Import Request.
  Time since last request: 130.489251 seconds.
  path: Assets/Scripts/PlayerControl.cs
  artifactKey: Guid(a0000e31e95d34945880c16cc29c2fe1) Importer(815301076,1909f56bfc062723c751e8b465ee728b)
Start importing Assets/Scripts/PlayerControl.cs using Guid(a0000e31e95d34945880c16cc29c2fe1) Importer(815301076,1909f56bfc062723c751e8b465ee728b)  -> (artifact id: '00000000000000000000000000000000') in 0.001436 seconds  code(4) message(Build asset version error: assets/scripts/playercontrol.cs in SourceAssetDB has modification time of '2021-05-29T16:43:38.5010396Z' while content on disk has modification time of '2021-05-29T16:43:38.7341041Z')
  ERROR: Build asset version error: assets/scripts/playercontrol.cs in SourceAssetDB has modification time of '2021-05-29T16:43:38.5010396Z' while content on disk has modification time of '2021-05-29T16:43:38.7341041Z'
========================================================================
Received Prepare
Registering precompiled user dll's ...
Registered in 0.004343 seconds.
Begin MonoManager ReloadAssembly
Native extension for WindowsStandalone target not found
Refreshing native plugins compatible for Editor in 0.72 ms, found 1 plugins.
Preloading 0 native plugins for Editor in 0.00 ms.
Mono: successfully reloaded assembly
- Completed reload, in  1.138 seconds
Platform modules already initialized, skipping
Refreshing native plugins compatible for Editor in 1.12 ms, found 1 plugins.
Preloading 0 native plugins for Editor in 0.00 ms.
Unloading 2669 Unused Serialized files (Serialized files now loaded: 0)
System memory in use before: 100.6 MB.
System memory in use after: 100.8 MB.

Unloading 9 unused Assets to reduce memory usage. Loaded Objects now: 3171.
Total: 2.368400 ms (FindLiveObjects: 0.273700 ms CreateObjectMapping: 0.140100 ms MarkObjects: 1.931400 ms  DeleteObjects: 0.021900 ms)

========================================================================
Received Import Request.
  Time since last request: 10.297380 seconds.
  path: Assets/Scripts/PlayerControl.cs
  artifactKey: Guid(a0000e31e95d34945880c16cc29c2fe1) Importer(815301076,1909f56bfc062723c751e8b465ee728b)
Start importing Assets/Scripts/PlayerControl.cs using Guid(a0000e31e95d34945880c16cc29c2fe1) Importer(815301076,1909f56bfc062723c751e8b465ee728b)  -> (artifact id: 'bccf98e9c9da1f57825ae7689590b27a') in 0.012846 seconds 
========================================================================
Received Prepare
Registering precompiled user dll's ...
Registered in 0.003859 seconds.
Begin MonoManager ReloadAssembly
Native extension for WindowsStandalone target not found
Refreshing native plugins compatible for Editor in 0.69 ms, found 1 plugins.
Preloading 0 native plugins for Editor in 0.00 ms.
Mono: successfully reloaded assembly
- Completed reload, in  1.175 seconds
Platform modules already initialized, skipping
Refreshing native plugins compatible for Editor in 0.70 ms, found 1 plugins.
Preloading 0 native plugins for Editor in 0.00 ms.
Unloading 2669 Unused Serialized files (Serialized files now loaded: 0)
System memory in use before: 100.6 MB.
System memory in use after: 100.8 MB.

Unloading 9 unused Assets to reduce memory usage. Loaded Objects now: 3174.
Total: 2.532200 ms (FindLiveObjects: 0.306500 ms CreateObjectMapping: 0.136900 ms MarkObjects: 2.071800 ms  DeleteObjects: 0.015500 ms)

========================================================================
Received Prepare
Registering precompiled user dll's ...
Registered in 0.004404 seconds.
Begin MonoManager ReloadAssembly
Native extension for WindowsStandalone target not found
Refreshing native plugins compatible for Editor in 0.71 ms, found 1 plugins.
Preloading 0 native plugins for Editor in 0.00 ms.
Mono: successfully reloaded assembly
- Completed reload, in  1.206 seconds
Platform modules already initialized, skipping
Refreshing native plugins compatible for Editor in 0.70 ms, found 1 plugins.
Preloading 0 native plugins for Editor in 0.00 ms.
Unloading 2669 Unused Serialized files (Serialized files now loaded: 0)
System memory in use before: 100.6 MB.
System memory in use after: 100.8 MB.

Unloading 9 unused Assets to reduce memory usage. Loaded Objects now: 3177.
Total: 2.520800 ms (FindLiveObjects: 0.294300 ms CreateObjectMapping: 0.135900 ms MarkObjects: 2.075000 ms  DeleteObjects: 0.014800 ms)

AssetImportWorkerClient::OnTransportError - code=2 error=End of file
