Using pre-set license
Built from '2021.1/staging' branch; Version is '2021.1.3f1 (4bef613afd59) revision 4976481'; Using compiler version '192528614'; Build Type 'Release'
OS: 'Windows 10 Home; OS build 19041.867; Version 2004; 64bit' Language: 'en' Physical Memory: 7541 MB
BatchMode: 1, IsHumanControllingUs: 0, StartBugReporterOnCrash: 0, Is64bit: 1, IsPro: 0

 COMMAND LINE ARGUMENTS:
C:\Program Files\Unity\Hub\Editor\2021.1.3f1\Editor\Unity.exe
-adb2
-batchMode
-noUpm
-name
AssetImportWorker0
-projectPath
C:/Users/mnmcs/Desktop/GitHub/NASA-Simulation/PlayerControl - 4.17.2021
-logFile
Logs/AssetImportWorker0.log
-srvPort
65112
Successfully changed project path to: C:/Users/mnmcs/Desktop/GitHub/NASA-Simulation/PlayerControl - 4.17.2021
C:/Users/mnmcs/Desktop/GitHub/NASA-Simulation/PlayerControl - 4.17.2021
Using Asset Import Pipeline V2.
Refreshing native plugins compatible for Editor in 70.19 ms, found 0 plugins.
Preloading 0 native plugins for Editor in 0.00 ms.
Initialize engine version: 2021.1.3f1 (4bef613afd59)
[Subsystems] Discovering subsystems at path C:/Program Files/Unity/Hub/Editor/2021.1.3f1/Editor/Data/Resources/UnitySubsystems
[Subsystems] Discovering subsystems at path C:/Users/mnmcs/Desktop/GitHub/NASA-Simulation/PlayerControl - 4.17.2021/Assets
GfxDevice: creating device client; threaded=0; jobified=0
Direct3D:
    Version:  Direct3D 11.0 [level 11.1]
    Renderer: NVIDIA GeForce GTX 1650 (ID=0x1f99)
    Vendor:   NVIDIA
    VRAM:     3962 MB
    Driver:   27.21.14.5763
Initialize mono
Mono path[0] = 'C:/Program Files/Unity/Hub/Editor/2021.1.3f1/Editor/Data/Managed'
Mono path[1] = 'C:/Program Files/Unity/Hub/Editor/2021.1.3f1/Editor/Data/MonoBleedingEdge/lib/mono/unityjit'
Mono config path = 'C:/Program Files/Unity/Hub/Editor/2021.1.3f1/Editor/Data/MonoBleedingEdge/etc'
Using monoOptions --debugger-agent=transport=dt_socket,embedding=1,server=y,suspend=n,address=127.0.0.1:56228
Begin MonoManager ReloadAssembly
Registering precompiled unity dll's ...
Register platform support module: C:/Program Files/Unity/Hub/Editor/2021.1.3f1/Editor/Data/PlaybackEngines/WindowsStandaloneSupport/UnityEditor.WindowsStandalone.Extensions.dll
Registered in 0.003501 seconds.
Native extension for WindowsStandalone target not found
Refreshing native plugins compatible for Editor in 40.92 ms, found 0 plugins.
Preloading 0 native plugins for Editor in 0.00 ms.
Mono: successfully reloaded assembly
- Completed reload, in  3.028 seconds
Platform modules already initialized, skipping
Registering precompiled user dll's ...
Registered in 0.004489 seconds.
Begin MonoManager ReloadAssembly
Native extension for WindowsStandalone target not found
Refreshing native plugins compatible for Editor in 0.46 ms, found 0 plugins.
Preloading 0 native plugins for Editor in 0.00 ms.
Mono: successfully reloaded assembly
- Completed reload, in  1.016 seconds
Platform modules already initialized, skipping
========================================================================
Worker process is ready to serve import requests
Launched and connected shader compiler UnityShaderCompiler.exe after 0.06 seconds
Refreshing native plugins compatible for Editor in 0.46 ms, found 0 plugins.
Preloading 0 native plugins for Editor in 0.00 ms.
Unloading 1646 Unused Serialized files (Serialized files now loaded: 0)
System memory in use before: 71.8 MB.
System memory in use after: 71.9 MB.

Unloading 42 unused Assets to reduce memory usage. Loaded Objects now: 2082.
Total: 6.697100 ms (FindLiveObjects: 0.391500 ms CreateObjectMapping: 0.139100 ms MarkObjects: 6.036100 ms  DeleteObjects: 0.126900 ms)

========================================================================
Received Import Request.
  path: Assets
  artifactKey: Guid(00000000000000001000000000000000) Importer(815301076,1909f56bfc062723c751e8b465ee728b)
Start importing Assets using Guid(00000000000000001000000000000000) Importer(815301076,1909f56bfc062723c751e8b465ee728b)  -> (artifact id: 'efcc68737208a1d7a8581e190ec11b99') in 0.012487 seconds 
========================================================================
Received Import Request.
  Time since last request: 3.773682 seconds.
  path: Assets/Scripts
  artifactKey: Guid(28d92cdef45660e41b8b43dd9aa1dc68) Importer(815301076,1909f56bfc062723c751e8b465ee728b)
Start importing Assets/Scripts using Guid(28d92cdef45660e41b8b43dd9aa1dc68) Importer(815301076,1909f56bfc062723c751e8b465ee728b)  -> (artifact id: '88582e237acbcb612e0076b87f9ed8d9') in 0.009148 seconds 
========================================================================
Received Import Request.
  Time since last request: 5.887603 seconds.
  path: Assets/Assets
  artifactKey: Guid(fee1ae14664715d4ba9f8e18c3184b55) Importer(815301076,1909f56bfc062723c751e8b465ee728b)
Start importing Assets/Assets using Guid(fee1ae14664715d4ba9f8e18c3184b55) Importer(815301076,1909f56bfc062723c751e8b465ee728b)  -> (artifact id: 'ccd66128d224aee41683130dc7c19cc6') in 0.003866 seconds 
========================================================================
Received Import Request.
  Time since last request: 302.457826 seconds.
  path: Assets/Scripts/PlayerController.cs
  artifactKey: Guid(5d02695667d184d40a10a68d372f9280) Importer(815301076,1909f56bfc062723c751e8b465ee728b)
Start importing Assets/Scripts/PlayerController.cs using Guid(5d02695667d184d40a10a68d372f9280) Importer(815301076,1909f56bfc062723c751e8b465ee728b)  -> (artifact id: 'a01ee86baa0ffb7569e793ce3d47065f') in 0.050476 seconds 
========================================================================
Received Prepare
Registering precompiled user dll's ...
Registered in 0.002820 seconds.
Begin MonoManager ReloadAssembly
Native extension for WindowsStandalone target not found
Refreshing native plugins compatible for Editor in 0.58 ms, found 0 plugins.
Preloading 0 native plugins for Editor in 0.00 ms.
Mono: successfully reloaded assembly
- Completed reload, in  0.953 seconds
Platform modules already initialized, skipping
Refreshing native plugins compatible for Editor in 0.48 ms, found 0 plugins.
Preloading 0 native plugins for Editor in 0.00 ms.
Unloading 1641 Unused Serialized files (Serialized files now loaded: 0)
System memory in use before: 71.8 MB.
System memory in use after: 71.9 MB.

Unloading 33 unused Assets to reduce memory usage. Loaded Objects now: 2086.
Total: 5.321400 ms (FindLiveObjects: 0.163900 ms CreateObjectMapping: 0.038900 ms MarkObjects: 5.092100 ms  DeleteObjects: 0.024800 ms)

========================================================================
Received Prepare
Registering precompiled user dll's ...
Registered in 0.002806 seconds.
Begin MonoManager ReloadAssembly
Native extension for WindowsStandalone target not found
Refreshing native plugins compatible for Editor in 0.60 ms, found 0 plugins.
Preloading 0 native plugins for Editor in 0.00 ms.
Mono: successfully reloaded assembly
- Completed reload, in  1.032 seconds
Platform modules already initialized, skipping
Refreshing native plugins compatible for Editor in 0.59 ms, found 0 plugins.
Preloading 0 native plugins for Editor in 0.00 ms.
Unloading 1641 Unused Serialized files (Serialized files now loaded: 0)
System memory in use before: 71.8 MB.
System memory in use after: 71.9 MB.

Unloading 33 unused Assets to reduce memory usage. Loaded Objects now: 2089.
Total: 8.105000 ms (FindLiveObjects: 0.513100 ms CreateObjectMapping: 0.062400 ms MarkObjects: 7.357200 ms  DeleteObjects: 0.168500 ms)

========================================================================
Received Import Request.
  Time since last request: 62.392577 seconds.
  path: Assets/Scripts/PlayerController.cs
  artifactKey: Guid(5d02695667d184d40a10a68d372f9280) Importer(815301076,1909f56bfc062723c751e8b465ee728b)
Start importing Assets/Scripts/PlayerController.cs using Guid(5d02695667d184d40a10a68d372f9280) Importer(815301076,1909f56bfc062723c751e8b465ee728b)  -> (artifact id: '490b7b4650956202c92b7b8e54e4a1df') in 0.013874 seconds 
========================================================================
Received Prepare
Registering precompiled user dll's ...
Registered in 0.002794 seconds.
Begin MonoManager ReloadAssembly
Native extension for WindowsStandalone target not found
Refreshing native plugins compatible for Editor in 0.52 ms, found 0 plugins.
Preloading 0 native plugins for Editor in 0.00 ms.
Mono: successfully reloaded assembly
- Completed reload, in  1.029 seconds
Platform modules already initialized, skipping
Refreshing native plugins compatible for Editor in 0.51 ms, found 0 plugins.
Preloading 0 native plugins for Editor in 0.00 ms.
Unloading 1641 Unused Serialized files (Serialized files now loaded: 0)
System memory in use before: 71.8 MB.
System memory in use after: 71.9 MB.

Unloading 33 unused Assets to reduce memory usage. Loaded Objects now: 2092.
Total: 6.311600 ms (FindLiveObjects: 0.386500 ms CreateObjectMapping: 0.112100 ms MarkObjects: 5.782300 ms  DeleteObjects: 0.028400 ms)

========================================================================
Received Prepare
Registering precompiled user dll's ...
Registered in 0.004476 seconds.
Begin MonoManager ReloadAssembly
Native extension for WindowsStandalone target not found
Refreshing native plugins compatible for Editor in 0.50 ms, found 0 plugins.
Preloading 0 native plugins for Editor in 0.00 ms.
Mono: successfully reloaded assembly
- Completed reload, in  1.007 seconds
Platform modules already initialized, skipping
Refreshing native plugins compatible for Editor in 0.48 ms, found 0 plugins.
Preloading 0 native plugins for Editor in 0.00 ms.
Unloading 1641 Unused Serialized files (Serialized files now loaded: 0)
System memory in use before: 71.8 MB.
System memory in use after: 71.9 MB.

Unloading 33 unused Assets to reduce memory usage. Loaded Objects now: 2095.
Total: 5.851000 ms (FindLiveObjects: 0.238400 ms CreateObjectMapping: 0.041100 ms MarkObjects: 5.546100 ms  DeleteObjects: 0.024200 ms)

========================================================================
Received Import Request.
  Time since last request: 191.085795 seconds.
  path: Assets/Assets/New Folder
  artifactKey: Guid(adb278870a7e9aa419d1ad86604ff5a4) Importer(815301076,1909f56bfc062723c751e8b465ee728b)
Start importing Assets/Assets/New Folder using Guid(adb278870a7e9aa419d1ad86604ff5a4) Importer(815301076,1909f56bfc062723c751e8b465ee728b)  -> (artifact id: 'd02e6d34c8e036702f2158d43f3379dd') in 0.013504 seconds 
========================================================================
Received Import Request.
  Time since last request: 37.844280 seconds.
  path: Assets/Assets/New Folder/New Material.mat
  artifactKey: Guid(7f7a8ba7bd51dd943a4333b926804165) Importer(815301076,1909f56bfc062723c751e8b465ee728b)
Start importing Assets/Assets/New Folder/New Material.mat using Guid(7f7a8ba7bd51dd943a4333b926804165) Importer(815301076,1909f56bfc062723c751e8b465ee728b)  -> (artifact id: '9f1898bdfffe41b3ba2cd17b47eb45c2') in 0.144006 seconds 
========================================================================
Received Import Request.
  Time since last request: 31.704238 seconds.
  path: Assets/Assets/Colors
  artifactKey: Guid(adb278870a7e9aa419d1ad86604ff5a4) Importer(815301076,1909f56bfc062723c751e8b465ee728b)
Start importing Assets/Assets/Colors using Guid(adb278870a7e9aa419d1ad86604ff5a4) Importer(815301076,1909f56bfc062723c751e8b465ee728b)  -> (artifact id: '52e865992980e7160113679fe7728282') in 0.031379 seconds 
========================================================================
Received Import Request.
  Time since last request: 22.956070 seconds.
  path: Assets/Assets/Colors/New Material.mat
  artifactKey: Guid(c440bc3d5c352714db55b81b63c3ce14) Importer(815301076,1909f56bfc062723c751e8b465ee728b)
Start importing Assets/Assets/Colors/New Material.mat using Guid(c440bc3d5c352714db55b81b63c3ce14) Importer(815301076,1909f56bfc062723c751e8b465ee728b)  -> (artifact id: '8184b077724c2405ce2e5f78009206f7') in 0.022288 seconds 
========================================================================
Received Prepare
Registering precompiled user dll's ...
Registered in 0.008588 seconds.
Begin MonoManager ReloadAssembly
Native extension for WindowsStandalone target not found
Refreshing native plugins compatible for Editor in 0.48 ms, found 0 plugins.
Preloading 0 native plugins for Editor in 0.00 ms.
Mono: successfully reloaded assembly
- Completed reload, in  1.009 seconds
Platform modules already initialized, skipping
Refreshing native plugins compatible for Editor in 0.49 ms, found 0 plugins.
Preloading 0 native plugins for Editor in 0.00 ms.
Unloading 1641 Unused Serialized files (Serialized files now loaded: 0)
System memory in use before: 75.8 MB.
System memory in use after: 75.9 MB.

Unloading 33 unused Assets to reduce memory usage. Loaded Objects now: 2138.
Total: 6.723800 ms (FindLiveObjects: 0.233800 ms CreateObjectMapping: 0.077000 ms MarkObjects: 6.386900 ms  DeleteObjects: 0.023900 ms)

========================================================================
Received Prepare
Registering precompiled user dll's ...
Registered in 0.003017 seconds.
Begin MonoManager ReloadAssembly
Native extension for WindowsStandalone target not found
Refreshing native plugins compatible for Editor in 0.50 ms, found 0 plugins.
Preloading 0 native plugins for Editor in 0.00 ms.
Mono: successfully reloaded assembly
- Completed reload, in  0.924 seconds
Platform modules already initialized, skipping
Refreshing native plugins compatible for Editor in 0.48 ms, found 0 plugins.
Preloading 0 native plugins for Editor in 0.00 ms.
Unloading 1641 Unused Serialized files (Serialized files now loaded: 0)
System memory in use before: 75.8 MB.
System memory in use after: 75.9 MB.

Unloading 33 unused Assets to reduce memory usage. Loaded Objects now: 2141.
Total: 5.946900 ms (FindLiveObjects: 0.217900 ms CreateObjectMapping: 0.042500 ms MarkObjects: 5.654300 ms  DeleteObjects: 0.029900 ms)

========================================================================
Received Prepare
Registering precompiled user dll's ...
Registered in 0.002630 seconds.
Begin MonoManager ReloadAssembly
Native extension for WindowsStandalone target not found
Refreshing native plugins compatible for Editor in 0.49 ms, found 0 plugins.
Preloading 0 native plugins for Editor in 0.00 ms.
Mono: successfully reloaded assembly
- Completed reload, in  0.885 seconds
Platform modules already initialized, skipping
Refreshing native plugins compatible for Editor in 0.74 ms, found 0 plugins.
Preloading 0 native plugins for Editor in 0.00 ms.
Unloading 1641 Unused Serialized files (Serialized files now loaded: 0)
System memory in use before: 75.8 MB.
System memory in use after: 75.9 MB.

Unloading 33 unused Assets to reduce memory usage. Loaded Objects now: 2144.
Total: 6.043000 ms (FindLiveObjects: 0.453600 ms CreateObjectMapping: 0.059500 ms MarkObjects: 5.499300 ms  DeleteObjects: 0.028300 ms)

AssetImportWorkerClient::OnTransportError - code=2 error=End of file
