Using pre-set license

 COMMAND LINE ARGUMENTS:
/Applications/Unity/Hub/Editor/2021.1.3f1/Unity.app/Contents/MacOS/Unity
-adb2
-batchMode
-noUpm
-name
AssetImportWorker0
-projectPath
/Users/adisa/Documents/GitHub/NASA-Simulation/Honey I'm Lost on Mars
-logFile
Logs/AssetImportWorker0.log
-srvPort
51813
Successfully changed project path to: /Users/adisa/Documents/GitHub/NASA-Simulation/Honey I'm Lost on Mars
/Users/adisa/Documents/GitHub/NASA-Simulation/Honey I'm Lost on Mars
Using Asset Import Pipeline V2.
Refreshing native plugins compatible for Editor in 72.07 ms, found 1 plugins.
Preloading 0 native plugins for Editor in 0.00 ms.
Initialize engine version: 2021.1.3f1 (4bef613afd59)
[Subsystems] Discovering subsystems at path /Applications/Unity/Hub/Editor/2021.1.3f1/Unity.app/Contents/Resources/UnitySubsystems
[Subsystems] Discovering subsystems at path /Users/adisa/Documents/GitHub/NASA-Simulation/Honey I'm Lost on Mars/Assets
GfxDevice: creating device client; threaded=0; jobified=0
2021-07-24 08:56:30.044 Unity[72469:8763169] Color LCD preferred device: Intel(R) Iris(TM) Plus Graphics 645 (low power)
2021-07-24 08:56:30.044 Unity[72469:8763169] Metal devices available: 1
2021-07-24 08:56:30.044 Unity[72469:8763169] 0: Intel(R) Iris(TM) Plus Graphics 645 (low power)
2021-07-24 08:56:30.046 Unity[72469:8763169] Using device Intel(R) Iris(TM) Plus Graphics 645 (low power)
Initializing Metal device caps: Intel(R) Iris(TM) Plus Graphics 645
Initialize mono
Mono path[0] = '/Applications/Unity/Hub/Editor/2021.1.3f1/Unity.app/Contents/Managed'
Mono path[1] = '/Applications/Unity/Hub/Editor/2021.1.3f1/Unity.app/Contents/MonoBleedingEdge/lib/mono/unityjit'
Mono config path = '/Applications/Unity/Hub/Editor/2021.1.3f1/Unity.app/Contents/MonoBleedingEdge/etc'
Using monoOptions --debugger-agent=transport=dt_socket,embedding=1,server=y,suspend=n,address=127.0.0.1:56469
Begin MonoManager ReloadAssembly
Registering precompiled unity dll's ...
Register platform support module: /Applications/Unity/Hub/Editor/2021.1.3f1/Unity.app/Contents/PlaybackEngines/MacStandaloneSupport/UnityEditor.OSXStandalone.Extensions.dll
Registered in 0.000512 seconds.
Native extension for OSXStandalone target not found
Refreshing native plugins compatible for Editor in 80.79 ms, found 1 plugins.
Preloading 0 native plugins for Editor in 0.00 ms.
Mono: successfully reloaded assembly
- Completed reload, in  2.314 seconds
Platform modules already initialized, skipping
Registering precompiled user dll's ...
Registered in 0.001480 seconds.
Begin MonoManager ReloadAssembly
Native extension for OSXStandalone target not found
Refreshing native plugins compatible for Editor in 0.62 ms, found 1 plugins.
Preloading 0 native plugins for Editor in 0.00 ms.
Mono: successfully reloaded assembly
- Completed reload, in  1.182 seconds
Platform modules already initialized, skipping
========================================================================
Worker process is ready to serve import requests
Launching external process: /Applications/Unity/Hub/Editor/2021.1.3f1/Unity.app/Contents/Tools/UnityShaderCompiler
Launched and connected shader compiler UnityShaderCompiler after 0.01 seconds
Refreshing native plugins compatible for Editor in 0.54 ms, found 1 plugins.
Preloading 0 native plugins for Editor in 0.00 ms.
Unloading 2665 Unused Serialized files (Serialized files now loaded: 0)
System memory in use before: 166.5 MB.
System memory in use after: 166.6 MB.

Unloading 15 unused Assets to reduce memory usage. Loaded Objects now: 3117.
Total: 3.266758 ms (FindLiveObjects: 0.442646 ms CreateObjectMapping: 0.275276 ms MarkObjects: 2.457933 ms  DeleteObjects: 0.089100 ms)

========================================================================
Received Import Request.
  path: Assets/Scenes
  artifactKey: Guid(7caf86326f1044b98b434bacf201c9e8) Importer(815301076,1909f56bfc062723c751e8b465ee728b)
Start importing Assets/Scenes using Guid(7caf86326f1044b98b434bacf201c9e8) Importer(815301076,1909f56bfc062723c751e8b465ee728b)  -> (artifact id: '3e1bbb45ed5df05a47cf7387aff20afd') in 0.006927 seconds 
========================================================================
Received Import Request.
  Time since last request: 0.000322 seconds.
  path: Assets/Scenes/SampleScene.unity
  artifactKey: Guid(9fc0d4010bbf28b4594072e72b8655ab) Importer(815301076,1909f56bfc062723c751e8b465ee728b)
Start importing Assets/Scenes/SampleScene.unity using Guid(9fc0d4010bbf28b4594072e72b8655ab) Importer(815301076,1909f56bfc062723c751e8b465ee728b)  -> (artifact id: '8be264b5a186495646be0cf044d7331a') in 0.013615 seconds 
========================================================================
Received Prepare
Registering precompiled user dll's ...
Registered in 0.006128 seconds.
Begin MonoManager ReloadAssembly
Native extension for OSXStandalone target not found
Refreshing native plugins compatible for Editor in 0.67 ms, found 1 plugins.
Preloading 0 native plugins for Editor in 0.00 ms.
Mono: successfully reloaded assembly
- Completed reload, in  1.326 seconds
Platform modules already initialized, skipping
Refreshing native plugins compatible for Editor in 0.61 ms, found 1 plugins.
Preloading 0 native plugins for Editor in 0.00 ms.
Unloading 2671 Unused Serialized files (Serialized files now loaded: 0)
System memory in use before: 167.0 MB.
System memory in use after: 167.1 MB.

Unloading 10 unused Assets to reduce memory usage. Loaded Objects now: 3131.
Total: 2.277473 ms (FindLiveObjects: 0.278761 ms CreateObjectMapping: 0.132161 ms MarkObjects: 1.799237 ms  DeleteObjects: 0.066122 ms)

========================================================================
Received Import Request.
  Time since last request: 1557.192989 seconds.
  path: Assets/TerrainData_e4b783f9-3e4a-4a4c-b65a-999e82fb1394.asset
  artifactKey: Guid(8f62fcc798f1140719b3e97d12850fdb) Importer(815301076,1909f56bfc062723c751e8b465ee728b)
Start importing Assets/TerrainData_e4b783f9-3e4a-4a4c-b65a-999e82fb1394.asset using Guid(8f62fcc798f1140719b3e97d12850fdb) Importer(815301076,1909f56bfc062723c751e8b465ee728b)  -> (artifact id: '0271d74ff4531207d8d24184204d5221') in 0.413092 seconds 
========================================================================
Received Import Request.
  Time since last request: 0.000264 seconds.
  path: Assets/New Terrain.asset
  artifactKey: Guid(e5c35ffd07e6541feb609f3da895304c) Importer(815301076,1909f56bfc062723c751e8b465ee728b)
Start importing Assets/New Terrain.asset using Guid(e5c35ffd07e6541feb609f3da895304c) Importer(815301076,1909f56bfc062723c751e8b465ee728b)  -> (artifact id: '76a234714b0a5fff26bf3c1c4bb2f745') in 0.010603 seconds 
========================================================================
Received Import Request.
  Time since last request: 0.000185 seconds.
  path: Assets/TerrainData_ebe127fe-5f01-400c-a39c-6989d73a6073.asset
  artifactKey: Guid(a36ed40d335494763a9daced00ff5b39) Importer(815301076,1909f56bfc062723c751e8b465ee728b)
Start importing Assets/TerrainData_ebe127fe-5f01-400c-a39c-6989d73a6073.asset using Guid(a36ed40d335494763a9daced00ff5b39) Importer(815301076,1909f56bfc062723c751e8b465ee728b)  -> (artifact id: 'd15f100352fa63b4fe79896a46aaff2d') in 0.008632 seconds 
========================================================================
Received Import Request.
  Time since last request: 4.992002 seconds.
  path: Assets/Scenes/SampleScene.unity
  artifactKey: Guid(9fc0d4010bbf28b4594072e72b8655ab) Importer(815301076,1909f56bfc062723c751e8b465ee728b)
Start importing Assets/Scenes/SampleScene.unity using Guid(9fc0d4010bbf28b4594072e72b8655ab) Importer(815301076,1909f56bfc062723c751e8b465ee728b)  -> (artifact id: '6cb44bc16e9f5d13aa670f5ad3d1ed1f') in 0.001964 seconds 
========================================================================
Received Import Request.
  Time since last request: 4.194397 seconds.
  path: Assets/Scenes/SampleScene.unity
  artifactKey: Guid(9fc0d4010bbf28b4594072e72b8655ab) Importer(815301076,1909f56bfc062723c751e8b465ee728b)
Start importing Assets/Scenes/SampleScene.unity using Guid(9fc0d4010bbf28b4594072e72b8655ab) Importer(815301076,1909f56bfc062723c751e8b465ee728b)  -> (artifact id: '75466ec91e881f952f5a8e3bec203d3d') in 0.002507 seconds 
========================================================================
Received Import Request.
  Time since last request: 181.124737 seconds.
  path: Assets/Scenes/desktop.ini
  artifactKey: Guid(b6b2a785177fab448a59a76a7ba6595f) Importer(815301076,1909f56bfc062723c751e8b465ee728b)
Start importing Assets/Scenes/desktop.ini using Guid(b6b2a785177fab448a59a76a7ba6595f) Importer(815301076,1909f56bfc062723c751e8b465ee728b)  -> (artifact id: '871d5053d1b1956d5134d62a85a90b58') in 0.161080 seconds 
========================================================================
Received Prepare
Registering precompiled user dll's ...
Registered in 0.001511 seconds.
Begin MonoManager ReloadAssembly
Native extension for OSXStandalone target not found
Refreshing native plugins compatible for Editor in 0.96 ms, found 1 plugins.
Preloading 0 native plugins for Editor in 0.00 ms.
Mono: successfully reloaded assembly
- Completed reload, in  1.300 seconds
Platform modules already initialized, skipping
Refreshing native plugins compatible for Editor in 0.64 ms, found 1 plugins.
Preloading 0 native plugins for Editor in 0.00 ms.
Unloading 2674 Unused Serialized files (Serialized files now loaded: 0)
System memory in use before: 181.5 MB.
System memory in use after: 181.6 MB.

Unloading 10 unused Assets to reduce memory usage. Loaded Objects now: 3181.
Total: 2.119736 ms (FindLiveObjects: 0.232161 ms CreateObjectMapping: 0.122315 ms MarkObjects: 1.719845 ms  DeleteObjects: 0.044384 ms)

AssetImportWorkerClient::OnTransportError - code=2 error=End of file
