Using pre-set license

 COMMAND LINE ARGUMENTS:
/Applications/Unity/Hub/Editor/2021.1.3f1/Unity.app/Contents/MacOS/Unity
-adb2
-batchMode
-noUpm
-name
AssetImportWorker0
-projectPath
/Users/ariannazurelle/Documents/GitHub/NASA-Simulation/Mars-Environment
-logFile
Logs/AssetImportWorker0.log
-srvPort
54036
Successfully changed project path to: /Users/ariannazurelle/Documents/GitHub/NASA-Simulation/Mars-Environment
/Users/ariannazurelle/Documents/GitHub/NASA-Simulation/Mars-Environment
Using Asset Import Pipeline V2.
Refreshing native plugins compatible for Editor in 158.42 ms, found 1 plugins.
Preloading 0 native plugins for Editor in 0.00 ms.
Initialize engine version: 2021.1.3f1 (4bef613afd59)
[Subsystems] Discovering subsystems at path /Applications/Unity/Hub/Editor/2021.1.3f1/Unity.app/Contents/Resources/UnitySubsystems
[Subsystems] Discovering subsystems at path /Users/ariannazurelle/Documents/GitHub/NASA-Simulation/Mars-Environment/Assets
GfxDevice: creating device client; threaded=0; jobified=0
2021-07-03 02:27:44.899 Unity[85508:3311623] (null) preferred device: Apple M1 (high power)
2021-07-03 02:27:44.899 Unity[85508:3311623] Metal devices available: 1
2021-07-03 02:27:44.899 Unity[85508:3311623] 0: Apple M1 (high power)
2021-07-03 02:27:44.900 Unity[85508:3311623] Using device Apple M1 (high power)
Initializing Metal device caps: Apple M1
Initialize mono
Mono path[0] = '/Applications/Unity/Hub/Editor/2021.1.3f1/Unity.app/Contents/Managed'
Mono path[1] = '/Applications/Unity/Hub/Editor/2021.1.3f1/Unity.app/Contents/MonoBleedingEdge/lib/mono/unityjit'
Mono config path = '/Applications/Unity/Hub/Editor/2021.1.3f1/Unity.app/Contents/MonoBleedingEdge/etc'
Using monoOptions --debugger-agent=transport=dt_socket,embedding=1,server=y,suspend=n,address=127.0.0.1:56508
Begin MonoManager ReloadAssembly
Registering precompiled unity dll's ...
Register platform support module: /Applications/Unity/Hub/Editor/2021.1.3f1/Unity.app/Contents/PlaybackEngines/MacStandaloneSupport/UnityEditor.OSXStandalone.Extensions.dll
Registered in 0.001772 seconds.
Native extension for OSXStandalone target not found
Refreshing native plugins compatible for Editor in 112.14 ms, found 1 plugins.
Preloading 0 native plugins for Editor in 0.00 ms.
Mono: successfully reloaded assembly
- Completed reload, in  2.888 seconds
Platform modules already initialized, skipping
Registering precompiled user dll's ...
Registered in 0.002489 seconds.
Begin MonoManager ReloadAssembly
Native extension for OSXStandalone target not found
Refreshing native plugins compatible for Editor in 110.90 ms, found 1 plugins.
Preloading 0 native plugins for Editor in 0.00 ms.
Mono: successfully reloaded assembly
- Completed reload, in  2.095 seconds
Platform modules already initialized, skipping
========================================================================
Worker process is ready to serve import requests
Launching external process: /Applications/Unity/Hub/Editor/2021.1.3f1/Unity.app/Contents/Tools/UnityShaderCompiler
Launched and connected shader compiler UnityShaderCompiler after 0.05 seconds
Refreshing native plugins compatible for Editor in 0.71 ms, found 1 plugins.
Preloading 0 native plugins for Editor in 0.00 ms.
Unloading 4598 Unused Serialized files (Serialized files now loaded: 0)
System memory in use before: 254.5 MB.
System memory in use after: 254.6 MB.

Unloading 19 unused Assets to reduce memory usage. Loaded Objects now: 5050.
Total: 3.061917 ms (FindLiveObjects: 0.307667 ms CreateObjectMapping: 0.133708 ms MarkObjects: 2.491167 ms  DeleteObjects: 0.127958 ms)

========================================================================
Received Import Request.
  path: Assets/Martian surface - rocky area/Materials/Terrain Material.mat
  artifactKey: Guid(0cf56681e7831fc4b8be80e7d0307366) Importer(815301076,1909f56bfc062723c751e8b465ee728b)
Start importing Assets/Martian surface - rocky area/Materials/Terrain Material.mat using Guid(0cf56681e7831fc4b8be80e7d0307366) Importer(815301076,1909f56bfc062723c751e8b465ee728b)  -> (artifact id: '47105dc140015c17bc537c579dc05678') in 0.961636 seconds 
========================================================================
Received Import Request.
  Time since last request: 0.000254 seconds.
  path: Assets/Martian surface - rocky area/Textures/Stone Ground 1_d.png
  artifactKey: Guid(7acdb272d1aabc1499183baf3e45ef98) Importer(815301076,1909f56bfc062723c751e8b465ee728b)
Start importing Assets/Martian surface - rocky area/Textures/Stone Ground 1_d.png using Guid(7acdb272d1aabc1499183baf3e45ef98) Importer(815301076,1909f56bfc062723c751e8b465ee728b)  -> (artifact id: 'e1e70fcd40995a6d0bdd81d92eb518ca') in 0.527841 seconds 
========================================================================
Received Import Request.
  Time since last request: 0.000230 seconds.
  path: Assets/Martian surface - rocky area/New Terrain.asset
  artifactKey: Guid(eba58b049f23c5f42ae98ea03f46aad6) Importer(815301076,1909f56bfc062723c751e8b465ee728b)
Start importing Assets/Martian surface - rocky area/New Terrain.asset using Guid(eba58b049f23c5f42ae98ea03f46aad6) Importer(815301076,1909f56bfc062723c751e8b465ee728b)  -> (artifact id: '90c2c0fd4d8f176e3fc579b428501a65') in 0.625355 seconds 
========================================================================
Received Import Request.
  Time since last request: 0.000278 seconds.
  path: Assets/Martian surface - rocky area/Textures/ColorMap.png
  artifactKey: Guid(211b4764fa8665d4784a28150e284b3f) Importer(815301076,1909f56bfc062723c751e8b465ee728b)
Start importing Assets/Martian surface - rocky area/Textures/ColorMap.png using Guid(211b4764fa8665d4784a28150e284b3f) Importer(815301076,1909f56bfc062723c751e8b465ee728b)  -> (artifact id: '01c087bb2de79f71633c7c7fbc926cf7') in 0.011632 seconds 
========================================================================
Received Import Request.
  Time since last request: 0.000275 seconds.
  path: Assets/Martian surface - rocky area/Textures/Normal Map.png
  artifactKey: Guid(ce27e097b85dfd84e9880598e50c4fa7) Importer(815301076,1909f56bfc062723c751e8b465ee728b)
Start importing Assets/Martian surface - rocky area/Textures/Normal Map.png using Guid(ce27e097b85dfd84e9880598e50c4fa7) Importer(815301076,1909f56bfc062723c751e8b465ee728b)  -> (artifact id: '715a1f0028d74580cbc19dcbe047876d') in 0.014389 seconds 
========================================================================
Received Import Request.
  Time since last request: 0.000188 seconds.
  path: Assets/Martian surface - rocky area/Textures/Stone Ground 1.png
  artifactKey: Guid(c87ac051d2095fa4a996f2af5b734e80) Importer(815301076,1909f56bfc062723c751e8b465ee728b)
Start importing Assets/Martian surface - rocky area/Textures/Stone Ground 1.png using Guid(c87ac051d2095fa4a996f2af5b734e80) Importer(815301076,1909f56bfc062723c751e8b465ee728b)  -> (artifact id: 'cfef6fcc30dbe0e11c48fc46255f6d31') in 0.007190 seconds 
========================================================================
Received Import Request.
  Time since last request: 0.000219 seconds.
  path: Assets/Martian surface - rocky area/Textures/Stone Ground 1_n.png
  artifactKey: Guid(b5682b0c317f8c04b90aed63e91a3113) Importer(815301076,1909f56bfc062723c751e8b465ee728b)
Start importing Assets/Martian surface - rocky area/Textures/Stone Ground 1_n.png using Guid(b5682b0c317f8c04b90aed63e91a3113) Importer(815301076,1909f56bfc062723c751e8b465ee728b)  -> (artifact id: '65b9b10b687ddb34213ad9548ce298d7') in 0.006880 seconds 
========================================================================
Received Import Request.
  Time since last request: 0.000215 seconds.
  path: Assets/Martian surface - rocky area/Materials
  artifactKey: Guid(490cce5f4cee04c4e9b5f6096471e478) Importer(815301076,1909f56bfc062723c751e8b465ee728b)
Start importing Assets/Martian surface - rocky area/Materials using Guid(490cce5f4cee04c4e9b5f6096471e478) Importer(815301076,1909f56bfc062723c751e8b465ee728b)  -> (artifact id: '4b6d7022f14e1e8bfe5238e73a2ad8c3') in 0.000756 seconds 
========================================================================
Received Import Request.
  Time since last request: 154.952587 seconds.
  path: Assets/Martian surface - rocky area
  artifactKey: Guid(dccf0d294000144358fb764f101a4cf9) Importer(815301076,1909f56bfc062723c751e8b465ee728b)
Start importing Assets/Martian surface - rocky area using Guid(dccf0d294000144358fb764f101a4cf9) Importer(815301076,1909f56bfc062723c751e8b465ee728b)  -> (artifact id: 'eeee558ad1262501869aac1601baa2be') in 0.003568 seconds 
========================================================================
Received Import Request.
  Time since last request: 56.558274 seconds.
  path: Assets/Martian surface - rocky area/SampleScene/Lightmap-0_comp_dir.png
  artifactKey: Guid(be92f6f6a6611bd4eb1a0b824b6904cc) Importer(815301076,1909f56bfc062723c751e8b465ee728b)
Start importing Assets/Martian surface - rocky area/SampleScene/Lightmap-0_comp_dir.png using Guid(be92f6f6a6611bd4eb1a0b824b6904cc) Importer(815301076,1909f56bfc062723c751e8b465ee728b)  -> (artifact id: 'cd304371dccec255f51bb5a3f51f7cc9') in 0.028267 seconds 
========================================================================
Received Import Request.
  Time since last request: 0.000189 seconds.
  path: Assets/Martian surface - rocky area/SampleScene/Lightmap-0_comp_light.exr
  artifactKey: Guid(22a8ecd253753a04183881a601d42d85) Importer(815301076,1909f56bfc062723c751e8b465ee728b)
Start importing Assets/Martian surface - rocky area/SampleScene/Lightmap-0_comp_light.exr using Guid(22a8ecd253753a04183881a601d42d85) Importer(815301076,1909f56bfc062723c751e8b465ee728b)  -> (artifact id: '8743e92b8187c005f3e4296ab92adaa9') in 0.498017 seconds 
========================================================================
Received Import Request.
  Time since last request: 0.000346 seconds.
  path: Assets/Martian surface - rocky area/SampleScene/Lightmap-0_comp_shadowmask.png
  artifactKey: Guid(b2183996fb5d34149943741f80bb8b51) Importer(815301076,1909f56bfc062723c751e8b465ee728b)
Start importing Assets/Martian surface - rocky area/SampleScene/Lightmap-0_comp_shadowmask.png using Guid(b2183996fb5d34149943741f80bb8b51) Importer(815301076,1909f56bfc062723c751e8b465ee728b)  -> (artifact id: 'c86141e981bb3dea458af5b1bea139d8') in 0.015341 seconds 
========================================================================
Received Import Request.
  Time since last request: 77.375900 seconds.
  path: Assets/Martian surface - rocky area/Materials/Terrain Material.mat
  artifactKey: Guid(0cf56681e7831fc4b8be80e7d0307366) Importer(815301076,1909f56bfc062723c751e8b465ee728b)
Start importing Assets/Martian surface - rocky area/Materials/Terrain Material.mat using Guid(0cf56681e7831fc4b8be80e7d0307366) Importer(815301076,1909f56bfc062723c751e8b465ee728b)  -> (artifact id: 'a0bffa454d9de8dfcc328c07837abb06') in 0.158233 seconds 
========================================================================
Received Import Request.
  Time since last request: 37.691902 seconds.
  path: Packages/com.unity.ide.rider
  artifactKey: Guid(ea5aa18a49e4f29d74984ea0ea11a238) Importer(815301076,1909f56bfc062723c751e8b465ee728b)
Start importing Packages/com.unity.ide.rider using Guid(ea5aa18a49e4f29d74984ea0ea11a238) Importer(815301076,1909f56bfc062723c751e8b465ee728b)  -> (artifact id: 'fe6913571c2230cc683d99a85435a7fb') in 0.001920 seconds 
========================================================================
Received Import Request.
  Time since last request: 2.205432 seconds.
  path: Packages/com.unity.ide.rider/package.json
  artifactKey: Guid(66c95bb3c74257f41bae2622511dc02d) Importer(815301076,1909f56bfc062723c751e8b465ee728b)
Start importing Packages/com.unity.ide.rider/package.json using Guid(66c95bb3c74257f41bae2622511dc02d) Importer(815301076,1909f56bfc062723c751e8b465ee728b)  -> (artifact id: '920f8dcdb7346585b245dccd64545fcf') in 1.491534 seconds 
========================================================================
Received Import Request.
  Time since last request: 344.275090 seconds.
  path: Assets/Rocks and Boulders 2/Demo
  artifactKey: Guid(8ac76fa221a4a734588b1b300835c0fd) Importer(815301076,1909f56bfc062723c751e8b465ee728b)
Start importing Assets/Rocks and Boulders 2/Demo using Guid(8ac76fa221a4a734588b1b300835c0fd) Importer(815301076,1909f56bfc062723c751e8b465ee728b)  -> (artifact id: 'a9f10a2c5fe9c8856b303e49d58ec615') in 0.001676 seconds 
========================================================================
Received Import Request.
  Time since last request: 0.014663 seconds.
  path: Assets/Rocks and Boulders 2/Demo/gray.mat
  artifactKey: Guid(22172bafc2d3a2c4b863543bfada408a) Importer(815301076,1909f56bfc062723c751e8b465ee728b)
Start importing Assets/Rocks and Boulders 2/Demo/gray.mat using Guid(22172bafc2d3a2c4b863543bfada408a) Importer(815301076,1909f56bfc062723c751e8b465ee728b)  -> (artifact id: 'e93a8a38731679f625ab75f097d49854') in 0.026836 seconds 
========================================================================
Received Import Request.
  Time since last request: 4.615658 seconds.
  path: Assets/Rocks and Boulders 2/Rocks
  artifactKey: Guid(e2272ccdfc6870f4b962910707e21594) Importer(815301076,1909f56bfc062723c751e8b465ee728b)
Start importing Assets/Rocks and Boulders 2/Rocks using Guid(e2272ccdfc6870f4b962910707e21594) Importer(815301076,1909f56bfc062723c751e8b465ee728b)  -> (artifact id: 'f71e376c5349cfe50d6a7de76442310e') in 0.001794 seconds 
========================================================================
Received Import Request.
  Time since last request: 1.442867 seconds.
  path: Assets/Rocks and Boulders 2/Rocks/Prefabs
  artifactKey: Guid(8e74734055c3cf64dbbb0f1793dc9764) Importer(815301076,1909f56bfc062723c751e8b465ee728b)
Start importing Assets/Rocks and Boulders 2/Rocks/Prefabs using Guid(8e74734055c3cf64dbbb0f1793dc9764) Importer(815301076,1909f56bfc062723c751e8b465ee728b)  -> (artifact id: '41b6ebe8c9f6b567e35d046ce14b7076') in 0.001135 seconds 
========================================================================
Received Import Request.
  Time since last request: 0.047433 seconds.
  path: Assets/Rocks and Boulders 2/Rocks/Prefabs/Rock1_grup1.prefab
  artifactKey: Guid(54a9cf01843431742a3126013891032d) Importer(815301076,1909f56bfc062723c751e8b465ee728b)
Start importing Assets/Rocks and Boulders 2/Rocks/Prefabs/Rock1_grup1.prefab using Guid(54a9cf01843431742a3126013891032d) Importer(815301076,1909f56bfc062723c751e8b465ee728b)  -> (artifact id: 'cbe4733f83cc50f5b2e43f9e07c8aa91') in 0.767021 seconds 
========================================================================
Received Import Request.
  Time since last request: 0.000185 seconds.
  path: Assets/Rocks and Boulders 2/Rocks/Prefabs/Rock5B.prefab
  artifactKey: Guid(977e7278d3486f1489724a6d226b9ca0) Importer(815301076,1909f56bfc062723c751e8b465ee728b)
Start importing Assets/Rocks and Boulders 2/Rocks/Prefabs/Rock5B.prefab using Guid(977e7278d3486f1489724a6d226b9ca0) Importer(815301076,1909f56bfc062723c751e8b465ee728b)  -> (artifact id: '59092246f1ae1fef9071b5372721c270') in 0.047588 seconds 
========================================================================
Received Import Request.
  Time since last request: 0.000199 seconds.
  path: Assets/Rocks and Boulders 2/Rocks/Prefabs/Rock6B.prefab
  artifactKey: Guid(fb5464049dae54247bf24c0e536cd6b4) Importer(815301076,1909f56bfc062723c751e8b465ee728b)
Start importing Assets/Rocks and Boulders 2/Rocks/Prefabs/Rock6B.prefab using Guid(fb5464049dae54247bf24c0e536cd6b4) Importer(815301076,1909f56bfc062723c751e8b465ee728b)  -> (artifact id: '19ff1d70cc9054093f6d904ea6506645') in 0.031976 seconds 
========================================================================
Received Import Request.
  Time since last request: 0.000171 seconds.
  path: Assets/Rocks and Boulders 2/Rocks/Prefabs/Rock6A.prefab
  artifactKey: Guid(ad1f5855a33f0694886cbd301d99cc40) Importer(815301076,1909f56bfc062723c751e8b465ee728b)
Start importing Assets/Rocks and Boulders 2/Rocks/Prefabs/Rock6A.prefab using Guid(ad1f5855a33f0694886cbd301d99cc40) Importer(815301076,1909f56bfc062723c751e8b465ee728b)  -> (artifact id: 'e5b8ecdb9857b7f75ab2ac3b059e4d30') in 0.019639 seconds 
========================================================================
Received Import Request.
  Time since last request: 0.000180 seconds.
  path: Assets/Rocks and Boulders 2/Rocks/Prefabs/Rock1A.prefab
  artifactKey: Guid(d209be13548e70947bc39053977ce977) Importer(815301076,1909f56bfc062723c751e8b465ee728b)
Start importing Assets/Rocks and Boulders 2/Rocks/Prefabs/Rock1A.prefab using Guid(d209be13548e70947bc39053977ce977) Importer(815301076,1909f56bfc062723c751e8b465ee728b)  -> (artifact id: 'fa7dcdfcfeb53e906a2545d2e41225d5') in 0.019371 seconds 
========================================================================
Received Import Request.
  Time since last request: 0.000227 seconds.
  path: Assets/Rocks and Boulders 2/Rocks/Prefabs/Rock4A.prefab
  artifactKey: Guid(5f36b57d675b1444cb2203b7a6cac6cb) Importer(815301076,1909f56bfc062723c751e8b465ee728b)
Start importing Assets/Rocks and Boulders 2/Rocks/Prefabs/Rock4A.prefab using Guid(5f36b57d675b1444cb2203b7a6cac6cb) Importer(815301076,1909f56bfc062723c751e8b465ee728b)  -> (artifact id: '6a45b3a489e5c6e2114b0f0ece4b4c7e') in 0.028704 seconds 
========================================================================
Received Import Request.
  Time since last request: 0.000236 seconds.
  path: Assets/Rocks and Boulders 2/Rocks/Prefabs/Rock1_grup3.prefab
  artifactKey: Guid(f20a15ee7150fd647af421022dde4d44) Importer(815301076,1909f56bfc062723c751e8b465ee728b)
Start importing Assets/Rocks and Boulders 2/Rocks/Prefabs/Rock1_grup3.prefab using Guid(f20a15ee7150fd647af421022dde4d44) Importer(815301076,1909f56bfc062723c751e8b465ee728b)  -> (artifact id: '41432ef2167a701190a939fe28897353') in 0.021249 seconds 
========================================================================
Received Import Request.
  Time since last request: 0.000222 seconds.
  path: Assets/Rocks and Boulders 2/Rocks/Prefabs/Rock1D.prefab
  artifactKey: Guid(5d4cffe5f1249a046b3bc42bbd99dc47) Importer(815301076,1909f56bfc062723c751e8b465ee728b)
Start importing Assets/Rocks and Boulders 2/Rocks/Prefabs/Rock1D.prefab using Guid(5d4cffe5f1249a046b3bc42bbd99dc47) Importer(815301076,1909f56bfc062723c751e8b465ee728b)  -> (artifact id: '18983732224cbb310d126bb935b56cbc') in 0.019252 seconds 
========================================================================
Received Import Request.
  Time since last request: 0.000215 seconds.
  path: Assets/Rocks and Boulders 2/Rocks/Prefabs/Rock1LOD_grup5.prefab
  artifactKey: Guid(0c076a1a077b8b04aaa5c16a2af6d4fe) Importer(815301076,1909f56bfc062723c751e8b465ee728b)
Start importing Assets/Rocks and Boulders 2/Rocks/Prefabs/Rock1LOD_grup5.prefab using Guid(0c076a1a077b8b04aaa5c16a2af6d4fe) Importer(815301076,1909f56bfc062723c751e8b465ee728b)  -> (artifact id: '32029e8258c148afe3070a3143783f65') in 0.030889 seconds 
========================================================================
Received Import Request.
  Time since last request: 0.000246 seconds.
  path: Assets/Rocks and Boulders 2/Rocks/Prefabs/Rock1_grup5.prefab
  artifactKey: Guid(f696a81957e80df439600b80ea8667ec) Importer(815301076,1909f56bfc062723c751e8b465ee728b)
Start importing Assets/Rocks and Boulders 2/Rocks/Prefabs/Rock1_grup5.prefab using Guid(f696a81957e80df439600b80ea8667ec) Importer(815301076,1909f56bfc062723c751e8b465ee728b)  -> (artifact id: 'd3653b9b155b91c73304afa32f9ac2bf') in 0.019670 seconds 
========================================================================
Received Import Request.
  Time since last request: 0.000227 seconds.
  path: Assets/Rocks and Boulders 2/Rocks/Prefabs/Rock5A.prefab
  artifactKey: Guid(27bfdb9a40efac94b969eaf77cea92d9) Importer(815301076,1909f56bfc062723c751e8b465ee728b)
Start importing Assets/Rocks and Boulders 2/Rocks/Prefabs/Rock5A.prefab using Guid(27bfdb9a40efac94b969eaf77cea92d9) Importer(815301076,1909f56bfc062723c751e8b465ee728b)  -> (artifact id: 'ecf67cbc4f7a75da891e839ea55c4fed') in 0.020780 seconds 
========================================================================
Received Import Request.
  Time since last request: 0.000257 seconds.
  path: Assets/Rocks and Boulders 2/Rocks/Prefabs/Rock1_grup2.prefab
  artifactKey: Guid(272f6ea372a7343499b5aa612014761f) Importer(815301076,1909f56bfc062723c751e8b465ee728b)
Start importing Assets/Rocks and Boulders 2/Rocks/Prefabs/Rock1_grup2.prefab using Guid(272f6ea372a7343499b5aa612014761f) Importer(815301076,1909f56bfc062723c751e8b465ee728b)  -> (artifact id: 'b9f46ccb537792642970d244f5eb941b') in 0.019532 seconds 
========================================================================
Received Import Request.
  Time since last request: 0.000164 seconds.
  path: Assets/Rocks and Boulders 2/Rocks/Prefabs/Rock1LOD_grup3.prefab
  artifactKey: Guid(059c81de61f2d4e4cbe522492d0181da) Importer(815301076,1909f56bfc062723c751e8b465ee728b)
Start importing Assets/Rocks and Boulders 2/Rocks/Prefabs/Rock1LOD_grup3.prefab using Guid(059c81de61f2d4e4cbe522492d0181da) Importer(815301076,1909f56bfc062723c751e8b465ee728b)  -> (artifact id: 'e7fa5ace94c4ccab2cd9c4746830b96d') in 0.020909 seconds 
========================================================================
Received Import Request.
  Time since last request: 0.000215 seconds.
  path: Assets/Rocks and Boulders 2/Rocks/Prefabs/Rock1LOD_grup1.prefab
  artifactKey: Guid(76075d4f24491b84eb0b4ac914362e3f) Importer(815301076,1909f56bfc062723c751e8b465ee728b)
Start importing Assets/Rocks and Boulders 2/Rocks/Prefabs/Rock1LOD_grup1.prefab using Guid(76075d4f24491b84eb0b4ac914362e3f) Importer(815301076,1909f56bfc062723c751e8b465ee728b)  -> (artifact id: '75ad5687c3578072338bc78c1bc6c5fc') in 0.019921 seconds 
========================================================================
Received Import Request.
  Time since last request: 0.000210 seconds.
  path: Assets/Rocks and Boulders 2/Rocks/Prefabs/Rock4B.prefab
  artifactKey: Guid(55f94b3dfaaba26458dbf470efc8cfa4) Importer(815301076,1909f56bfc062723c751e8b465ee728b)
Start importing Assets/Rocks and Boulders 2/Rocks/Prefabs/Rock4B.prefab using Guid(55f94b3dfaaba26458dbf470efc8cfa4) Importer(815301076,1909f56bfc062723c751e8b465ee728b)  -> (artifact id: 'd7fe4d898bfc34ddee3aa752cd26990a') in 0.020214 seconds 
========================================================================
Received Import Request.
  Time since last request: 0.000231 seconds.
  path: Assets/Rocks and Boulders 2/Rocks/Prefabs/Rock1C.prefab
  artifactKey: Guid(1679506d96acb1447aa6870479416bf8) Importer(815301076,1909f56bfc062723c751e8b465ee728b)
Start importing Assets/Rocks and Boulders 2/Rocks/Prefabs/Rock1C.prefab using Guid(1679506d96acb1447aa6870479416bf8) Importer(815301076,1909f56bfc062723c751e8b465ee728b)  -> (artifact id: '11491b1a3f8a12181c324f15a14aaf62') in 0.019761 seconds 
========================================================================
Received Import Request.
  Time since last request: 0.000219 seconds.
  path: Assets/Rocks and Boulders 2/Rocks/Prefabs/Rock6C.prefab
  artifactKey: Guid(d9c3d22cdfbbcfd4f8d8019ff97a0f2e) Importer(815301076,1909f56bfc062723c751e8b465ee728b)
Start importing Assets/Rocks and Boulders 2/Rocks/Prefabs/Rock6C.prefab using Guid(d9c3d22cdfbbcfd4f8d8019ff97a0f2e) Importer(815301076,1909f56bfc062723c751e8b465ee728b)  -> (artifact id: '1623d420070a2d753bada46f65f80284') in 0.021868 seconds 
========================================================================
Received Import Request.
  Time since last request: 0.000153 seconds.
  path: Assets/Rocks and Boulders 2/Rocks/Prefabs/Rock1LOD_grup4.prefab
  artifactKey: Guid(1ee76940f560f654fbbe86776c26942b) Importer(815301076,1909f56bfc062723c751e8b465ee728b)
Start importing Assets/Rocks and Boulders 2/Rocks/Prefabs/Rock1LOD_grup4.prefab using Guid(1ee76940f560f654fbbe86776c26942b) Importer(815301076,1909f56bfc062723c751e8b465ee728b)  -> (artifact id: '2159981356d6d5ea81d9e22b1f73285d') in 0.021012 seconds 
========================================================================
Received Import Request.
  Time since last request: 0.000218 seconds.
  path: Assets/Rocks and Boulders 2/Rocks/Prefabs/Rock3.prefab
  artifactKey: Guid(f282d9fb9b399dd4384b20aba08642fb) Importer(815301076,1909f56bfc062723c751e8b465ee728b)
Start importing Assets/Rocks and Boulders 2/Rocks/Prefabs/Rock3.prefab using Guid(f282d9fb9b399dd4384b20aba08642fb) Importer(815301076,1909f56bfc062723c751e8b465ee728b)  -> (artifact id: '137d8b5f7c62abc1078ca7af8856322e') in 0.030616 seconds 
========================================================================
Received Import Request.
  Time since last request: 0.000310 seconds.
  path: Assets/Rocks and Boulders 2/Rocks/Prefabs/Rock1E.prefab
  artifactKey: Guid(d2db22038a6f9804598cd46453cc7cb8) Importer(815301076,1909f56bfc062723c751e8b465ee728b)
Start importing Assets/Rocks and Boulders 2/Rocks/Prefabs/Rock1E.prefab using Guid(d2db22038a6f9804598cd46453cc7cb8) Importer(815301076,1909f56bfc062723c751e8b465ee728b)  -> (artifact id: '022740d131d48df4684827e5807bc39f') in 0.019354 seconds 
========================================================================
Received Import Request.
  Time since last request: 0.000266 seconds.
  path: Assets/Rocks and Boulders 2/Rocks/Prefabs/Rock1B.prefab
  artifactKey: Guid(0f1e1518a80e562458930d8b2d0670d9) Importer(815301076,1909f56bfc062723c751e8b465ee728b)
Start importing Assets/Rocks and Boulders 2/Rocks/Prefabs/Rock1B.prefab using Guid(0f1e1518a80e562458930d8b2d0670d9) Importer(815301076,1909f56bfc062723c751e8b465ee728b)  -> (artifact id: '2a0a89b3b00ee598bf3b7aa5bffb700f') in 0.020110 seconds 
========================================================================
Received Import Request.
  Time since last request: 0.000214 seconds.
  path: Assets/Rocks and Boulders 2/Rocks/Prefabs/Rock1LOD_grup2.prefab
  artifactKey: Guid(dceeca3e930a413458913fd2f889e527) Importer(815301076,1909f56bfc062723c751e8b465ee728b)
Start importing Assets/Rocks and Boulders 2/Rocks/Prefabs/Rock1LOD_grup2.prefab using Guid(dceeca3e930a413458913fd2f889e527) Importer(815301076,1909f56bfc062723c751e8b465ee728b)  -> (artifact id: 'd0a0a6e2e32907e30a9053f64839ffba') in 0.026536 seconds 
========================================================================
Received Import Request.
  Time since last request: 0.000228 seconds.
  path: Assets/Rocks and Boulders 2/Rocks/Prefabs/Rock1_grup4.prefab
  artifactKey: Guid(6b9fd6eae9eb0d546ae14cdaee6d1156) Importer(815301076,1909f56bfc062723c751e8b465ee728b)
Start importing Assets/Rocks and Boulders 2/Rocks/Prefabs/Rock1_grup4.prefab using Guid(6b9fd6eae9eb0d546ae14cdaee6d1156) Importer(815301076,1909f56bfc062723c751e8b465ee728b)  -> (artifact id: 'c581f72a879e9463bd0e3548b98d5ecb') in 0.020259 seconds 
========================================================================
Received Import Request.
  Time since last request: 0.000178 seconds.
  path: Assets/Rocks and Boulders 2/Rocks/Prefabs/Rock2.prefab
  artifactKey: Guid(940d55d4117386f4f9398ea3ff52d4cd) Importer(815301076,1909f56bfc062723c751e8b465ee728b)
Start importing Assets/Rocks and Boulders 2/Rocks/Prefabs/Rock2.prefab using Guid(940d55d4117386f4f9398ea3ff52d4cd) Importer(815301076,1909f56bfc062723c751e8b465ee728b)  -> (artifact id: '6d5d25b60e974391bb6baa1fa48cc4ea') in 0.037076 seconds 
========================================================================
Received Import Request.
  Time since last request: 13.161979 seconds.
  path: Assets/FREE Skyboxes - Sci-Fi & Fantasy/SBS Sci-Fi & Fantasy 1
  artifactKey: Guid(46028c35226976345bf635333c434a65) Importer(815301076,1909f56bfc062723c751e8b465ee728b)
Start importing Assets/FREE Skyboxes - Sci-Fi & Fantasy/SBS Sci-Fi & Fantasy 1 using Guid(46028c35226976345bf635333c434a65) Importer(815301076,1909f56bfc062723c751e8b465ee728b)  -> (artifact id: 'f7ac9b97000bb9528e776b06b5281780') in 0.002348 seconds 
========================================================================
Received Import Request.
  Time since last request: 2.858686 seconds.
  path: Assets/FREE Skyboxes - Sci-Fi & Fantasy/SBS Sci-Fi & Fantasy 1/SBS Sci-Fi & Fantasy 1.asset
  artifactKey: Guid(472082e20727e46408116b2b3b3d606d) Importer(815301076,1909f56bfc062723c751e8b465ee728b)
Start importing Assets/FREE Skyboxes - Sci-Fi & Fantasy/SBS Sci-Fi & Fantasy 1/SBS Sci-Fi & Fantasy 1.asset using Guid(472082e20727e46408116b2b3b3d606d) Importer(815301076,1909f56bfc062723c751e8b465ee728b)  -> (artifact id: '5e94d6ca8621d179ec67a9c705255253') in 0.008823 seconds 
========================================================================
Received Import Request.
  Time since last request: 7.324578 seconds.
  path: Assets/FREE Skyboxes - Sci-Fi & Fantasy/SBS Sci-Fi & Fantasy 1/Large
  artifactKey: Guid(82656a95c6c1e264e880f129ca34a8b4) Importer(815301076,1909f56bfc062723c751e8b465ee728b)
Start importing Assets/FREE Skyboxes - Sci-Fi & Fantasy/SBS Sci-Fi & Fantasy 1/Large using Guid(82656a95c6c1e264e880f129ca34a8b4) Importer(815301076,1909f56bfc062723c751e8b465ee728b)  -> (artifact id: 'ba2b0b73d9286f21ca3f2ac45b63a904') in 0.001754 seconds 
========================================================================
Received Import Request.
  Time since last request: 0.038207 seconds.
  path: Assets/FREE Skyboxes - Sci-Fi & Fantasy/SBS Sci-Fi & Fantasy 1/Large/Skybox_Sci-Fi & Fantasy 1 Large.mat
  artifactKey: Guid(01a65cffd361a9842b13d14348c7f924) Importer(815301076,1909f56bfc062723c751e8b465ee728b)
Start importing Assets/FREE Skyboxes - Sci-Fi & Fantasy/SBS Sci-Fi & Fantasy 1/Large/Skybox_Sci-Fi & Fantasy 1 Large.mat using Guid(01a65cffd361a9842b13d14348c7f924) Importer(815301076,1909f56bfc062723c751e8b465ee728b)  -> (artifact id: '61b10de021463d07bf41c5415eaa660e') in 0.951878 seconds 
========================================================================
Received Import Request.
  Time since last request: 3.958110 seconds.
  path: Assets/FREE Skyboxes - Sci-Fi & Fantasy/SBS Sci-Fi & Fantasy 2
  artifactKey: Guid(551c6ec3311b9d44396c7e3c9d8d2c4a) Importer(815301076,1909f56bfc062723c751e8b465ee728b)
Start importing Assets/FREE Skyboxes - Sci-Fi & Fantasy/SBS Sci-Fi & Fantasy 2 using Guid(551c6ec3311b9d44396c7e3c9d8d2c4a) Importer(815301076,1909f56bfc062723c751e8b465ee728b)  -> (artifact id: '9097864241e49fe9d76c79c89f617d9b') in 0.001645 seconds 
========================================================================
Received Import Request.
  Time since last request: 0.048800 seconds.
  path: Assets/FREE Skyboxes - Sci-Fi & Fantasy/SBS Sci-Fi & Fantasy 2/SBS Sci-Fi & Fantasy 2.asset
  artifactKey: Guid(25c034548a750674da43f728fc491a77) Importer(815301076,1909f56bfc062723c751e8b465ee728b)
Start importing Assets/FREE Skyboxes - Sci-Fi & Fantasy/SBS Sci-Fi & Fantasy 2/SBS Sci-Fi & Fantasy 2.asset using Guid(25c034548a750674da43f728fc491a77) Importer(815301076,1909f56bfc062723c751e8b465ee728b)  -> (artifact id: '778d113476a04a875b7115957ad8f88c') in 0.010341 seconds 
========================================================================
Received Import Request.
  Time since last request: 1.267710 seconds.
  path: Assets/FREE Skyboxes - Sci-Fi & Fantasy/SBS Sci-Fi & Fantasy 2/Large
  artifactKey: Guid(6af6506d65832504c9cc16e57d61c1e7) Importer(815301076,1909f56bfc062723c751e8b465ee728b)
Start importing Assets/FREE Skyboxes - Sci-Fi & Fantasy/SBS Sci-Fi & Fantasy 2/Large using Guid(6af6506d65832504c9cc16e57d61c1e7) Importer(815301076,1909f56bfc062723c751e8b465ee728b)  -> (artifact id: '2ee3eaf70f522909a97560974bf60513') in 0.001159 seconds 
========================================================================
Received Import Request.
  Time since last request: 0.063883 seconds.
  path: Assets/FREE Skyboxes - Sci-Fi & Fantasy/SBS Sci-Fi & Fantasy 2/Large/Skybox_SBS Sci-Fi & Fantasy 2 Large.mat
  artifactKey: Guid(2709a5b81a741724fb62baaa1f8115eb) Importer(815301076,1909f56bfc062723c751e8b465ee728b)
Start importing Assets/FREE Skyboxes - Sci-Fi & Fantasy/SBS Sci-Fi & Fantasy 2/Large/Skybox_SBS Sci-Fi & Fantasy 2 Large.mat using Guid(2709a5b81a741724fb62baaa1f8115eb) Importer(815301076,1909f56bfc062723c751e8b465ee728b)  -> (artifact id: '262432cd7b3eb6fdca73afffa57c041f') in 0.651656 seconds 
========================================================================
Received Import Request.
  Time since last request: 2.984507 seconds.
  path: Assets/FREE Skyboxes - Sci-Fi & Fantasy/SBS Sci-Fi & Fantasy 3
  artifactKey: Guid(3b49ab2567c8d084e8aa4ed1fe88cda7) Importer(815301076,1909f56bfc062723c751e8b465ee728b)
Start importing Assets/FREE Skyboxes - Sci-Fi & Fantasy/SBS Sci-Fi & Fantasy 3 using Guid(3b49ab2567c8d084e8aa4ed1fe88cda7) Importer(815301076,1909f56bfc062723c751e8b465ee728b)  -> (artifact id: 'b52e4a3e83c7fdccd5c5b5cfd203dbb9') in 0.001394 seconds 
========================================================================
Received Import Request.
  Time since last request: 0.050404 seconds.
  path: Assets/FREE Skyboxes - Sci-Fi & Fantasy/SBS Sci-Fi & Fantasy 3/SBS Sci-Fi & Fantasy 3.asset
  artifactKey: Guid(3593a3d0d1e409d42add91b8bf13658b) Importer(815301076,1909f56bfc062723c751e8b465ee728b)
Start importing Assets/FREE Skyboxes - Sci-Fi & Fantasy/SBS Sci-Fi & Fantasy 3/SBS Sci-Fi & Fantasy 3.asset using Guid(3593a3d0d1e409d42add91b8bf13658b) Importer(815301076,1909f56bfc062723c751e8b465ee728b)  -> (artifact id: 'af082bff749f1263aa81234bb355e28b') in 0.015242 seconds 
========================================================================
Received Import Request.
  Time since last request: 1.714355 seconds.
  path: Assets/FREE Skyboxes - Sci-Fi & Fantasy/SBS Sci-Fi & Fantasy 3/Large
  artifactKey: Guid(ce3899da94d6eee44a97779554b0e406) Importer(815301076,1909f56bfc062723c751e8b465ee728b)
Start importing Assets/FREE Skyboxes - Sci-Fi & Fantasy/SBS Sci-Fi & Fantasy 3/Large using Guid(ce3899da94d6eee44a97779554b0e406) Importer(815301076,1909f56bfc062723c751e8b465ee728b)  -> (artifact id: '8f5ac4d9008ef9a6b37f0a779e36be14') in 0.001228 seconds 
========================================================================
Received Import Request.
  Time since last request: 0.045219 seconds.
  path: Assets/FREE Skyboxes - Sci-Fi & Fantasy/SBS Sci-Fi & Fantasy 3/Large/Skybox_SBS Sci-Fi & Fantasy 3 Large.mat
  artifactKey: Guid(474ef41583c324545b8600d22a27c923) Importer(815301076,1909f56bfc062723c751e8b465ee728b)
Start importing Assets/FREE Skyboxes - Sci-Fi & Fantasy/SBS Sci-Fi & Fantasy 3/Large/Skybox_SBS Sci-Fi & Fantasy 3 Large.mat using Guid(474ef41583c324545b8600d22a27c923) Importer(815301076,1909f56bfc062723c751e8b465ee728b)  -> (artifact id: 'c93faf601ff26dcd1700a63f73467b16') in 0.546295 seconds 
========================================================================
Received Import Request.
  Time since last request: 1.685183 seconds.
  path: Assets/FREE Skyboxes - Sci-Fi & Fantasy/SBS Sci-Fi & Fantasy 3/Large/Textures/Front_SBS Sci-Fi & Fantasy 3 Large.png
  artifactKey: Guid(3c071bc28fc28fc459b4bf5b310cecff) Importer(815301076,1909f56bfc062723c751e8b465ee728b)
Start importing Assets/FREE Skyboxes - Sci-Fi & Fantasy/SBS Sci-Fi & Fantasy 3/Large/Textures/Front_SBS Sci-Fi & Fantasy 3 Large.png using Guid(3c071bc28fc28fc459b4bf5b310cecff) Importer(815301076,1909f56bfc062723c751e8b465ee728b)  -> (artifact id: 'df3fc37ce37ed8b1a27b8ef0d38c65a8') in 0.205386 seconds 
========================================================================
Received Import Request.
  Time since last request: 0.000418 seconds.
  path: Assets/FREE Skyboxes - Sci-Fi & Fantasy/SBS Sci-Fi & Fantasy 3/Large/Textures/Right_SBS Sci-Fi & Fantasy 3 Large.png
  artifactKey: Guid(293f0556c88cfc14494307409056dd75) Importer(815301076,1909f56bfc062723c751e8b465ee728b)
Start importing Assets/FREE Skyboxes - Sci-Fi & Fantasy/SBS Sci-Fi & Fantasy 3/Large/Textures/Right_SBS Sci-Fi & Fantasy 3 Large.png using Guid(293f0556c88cfc14494307409056dd75) Importer(815301076,1909f56bfc062723c751e8b465ee728b)  -> (artifact id: 'a5068e3718597259c44722392c05451e') in 0.088968 seconds 
========================================================================
Received Import Request.
  Time since last request: 0.000317 seconds.
  path: Assets/FREE Skyboxes - Sci-Fi & Fantasy/SBS Sci-Fi & Fantasy 3/Large/Textures/Back_SBS Sci-Fi & Fantasy 3 Large.png
  artifactKey: Guid(c71917fac526f2c45b89a1ab8d65c507) Importer(815301076,1909f56bfc062723c751e8b465ee728b)
Start importing Assets/FREE Skyboxes - Sci-Fi & Fantasy/SBS Sci-Fi & Fantasy 3/Large/Textures/Back_SBS Sci-Fi & Fantasy 3 Large.png using Guid(c71917fac526f2c45b89a1ab8d65c507) Importer(815301076,1909f56bfc062723c751e8b465ee728b)  -> (artifact id: '1f4ce53ec130b67a71e424d3b6be9be2') in 0.091264 seconds 
========================================================================
Received Import Request.
  Time since last request: 0.000278 seconds.
  path: Assets/FREE Skyboxes - Sci-Fi & Fantasy/SBS Sci-Fi & Fantasy 3/Large/Textures/Left_SBS Sci-Fi & Fantasy 3 Large.png
  artifactKey: Guid(675048b057e03bf4cae11f9cc6e284e7) Importer(815301076,1909f56bfc062723c751e8b465ee728b)
Start importing Assets/FREE Skyboxes - Sci-Fi & Fantasy/SBS Sci-Fi & Fantasy 3/Large/Textures/Left_SBS Sci-Fi & Fantasy 3 Large.png using Guid(675048b057e03bf4cae11f9cc6e284e7) Importer(815301076,1909f56bfc062723c751e8b465ee728b)  -> (artifact id: '924d54c3a26fe200ddb12f1f44a430c5') in 0.075332 seconds 
========================================================================
Received Import Request.
  Time since last request: 0.000319 seconds.
  path: Assets/FREE Skyboxes - Sci-Fi & Fantasy/SBS Sci-Fi & Fantasy 3/Large/Textures/Down_SBS Sci-Fi & Fantasy 3 Large.png
  artifactKey: Guid(2eb9c298c3d4f7448aeb288898cbe2a8) Importer(815301076,1909f56bfc062723c751e8b465ee728b)
Start importing Assets/FREE Skyboxes - Sci-Fi & Fantasy/SBS Sci-Fi & Fantasy 3/Large/Textures/Down_SBS Sci-Fi & Fantasy 3 Large.png using Guid(2eb9c298c3d4f7448aeb288898cbe2a8) Importer(815301076,1909f56bfc062723c751e8b465ee728b)  -> (artifact id: '3dab8558d2b3e11b7346c04fd64a1300') in 0.092458 seconds 
========================================================================
Received Import Request.
  Time since last request: 0.000350 seconds.
  path: Assets/FREE Skyboxes - Sci-Fi & Fantasy/SBS Sci-Fi & Fantasy 3/Large/Textures/Up_SBS Sci-Fi & Fantasy 3 Large.png
  artifactKey: Guid(d9d6dec6cf8efda4b9c14138c3ae776a) Importer(815301076,1909f56bfc062723c751e8b465ee728b)
Start importing Assets/FREE Skyboxes - Sci-Fi & Fantasy/SBS Sci-Fi & Fantasy 3/Large/Textures/Up_SBS Sci-Fi & Fantasy 3 Large.png using Guid(d9d6dec6cf8efda4b9c14138c3ae776a) Importer(815301076,1909f56bfc062723c751e8b465ee728b)  -> (artifact id: '3e4c57f01e12d2e0464c1e2b80fe11c6') in 0.077359 seconds 
========================================================================
Received Import Request.
  Time since last request: 45.355366 seconds.
  path: Assets/Rocks and Boulders 2
  artifactKey: Guid(bad52dac67f414e1b84d288eb9a757da) Importer(815301076,1909f56bfc062723c751e8b465ee728b)
Start importing Assets/Rocks and Boulders 2 using Guid(bad52dac67f414e1b84d288eb9a757da) Importer(815301076,1909f56bfc062723c751e8b465ee728b)  -> (artifact id: '6076d117a8c7721b96e5d5b899d49777') in 0.004883 seconds 
========================================================================
Received Import Request.
  Time since last request: 38.775277 seconds.
  path: Assets/Rocks and Boulders 2/Rocks/Prefabs_snow
  artifactKey: Guid(6bba2768ac76dcf42a9d15e9717c8149) Importer(815301076,1909f56bfc062723c751e8b465ee728b)
Start importing Assets/Rocks and Boulders 2/Rocks/Prefabs_snow using Guid(6bba2768ac76dcf42a9d15e9717c8149) Importer(815301076,1909f56bfc062723c751e8b465ee728b)  -> (artifact id: 'bd359ba505e837988651313cba029d57') in 0.003633 seconds 
========================================================================
Received Import Request.
  Time since last request: 2.156801 seconds.
  path: Assets/Rocks and Boulders 2/Rocks/Prefabs_snow/Rock1_grup1.prefab
  artifactKey: Guid(564ee2d9da8d5fa4ca9d1b7054064847) Importer(815301076,1909f56bfc062723c751e8b465ee728b)
Start importing Assets/Rocks and Boulders 2/Rocks/Prefabs_snow/Rock1_grup1.prefab using Guid(564ee2d9da8d5fa4ca9d1b7054064847) Importer(815301076,1909f56bfc062723c751e8b465ee728b)  -> (artifact id: '82658958ba949d2357db745ab9908f8c') in 0.101540 seconds 
========================================================================
Received Import Request.
  Time since last request: 0.000167 seconds.
  path: Assets/Rocks and Boulders 2/Rocks/Prefabs_snow/Rock6B.prefab
  artifactKey: Guid(083e56e07a6e31f47bda0bab778d3ec8) Importer(815301076,1909f56bfc062723c751e8b465ee728b)
Start importing Assets/Rocks and Boulders 2/Rocks/Prefabs_snow/Rock6B.prefab using Guid(083e56e07a6e31f47bda0bab778d3ec8) Importer(815301076,1909f56bfc062723c751e8b465ee728b)  -> (artifact id: 'f059d6266d3a044ecc936b474c83cd6a') in 0.034057 seconds 
========================================================================
Received Import Request.
  Time since last request: 0.000181 seconds.
  path: Assets/Rocks and Boulders 2/Rocks/Prefabs_snow/Rock1LOD_grup4.prefab
  artifactKey: Guid(42b65c30a64bfc9438498b2acee449a8) Importer(815301076,1909f56bfc062723c751e8b465ee728b)
Start importing Assets/Rocks and Boulders 2/Rocks/Prefabs_snow/Rock1LOD_grup4.prefab using Guid(42b65c30a64bfc9438498b2acee449a8) Importer(815301076,1909f56bfc062723c751e8b465ee728b)  -> (artifact id: '6eb2ad070e048ed7d943838152e27f60') in 0.033328 seconds 
========================================================================
Received Import Request.
  Time since last request: 0.000207 seconds.
  path: Assets/Rocks and Boulders 2/Rocks/Prefabs_snow/Rock1D.prefab
  artifactKey: Guid(805c67df44184af4397411e0ea8b8c50) Importer(815301076,1909f56bfc062723c751e8b465ee728b)
Start importing Assets/Rocks and Boulders 2/Rocks/Prefabs_snow/Rock1D.prefab using Guid(805c67df44184af4397411e0ea8b8c50) Importer(815301076,1909f56bfc062723c751e8b465ee728b)  -> (artifact id: 'edaa03252a7961674ab0a6f39f0c9b35') in 0.024067 seconds 
========================================================================
Received Import Request.
  Time since last request: 0.000226 seconds.
  path: Assets/Rocks and Boulders 2/Rocks/Prefabs_snow/Rock6A.prefab
  artifactKey: Guid(c445b94c5f10cc14db838116d8e08868) Importer(815301076,1909f56bfc062723c751e8b465ee728b)
Start importing Assets/Rocks and Boulders 2/Rocks/Prefabs_snow/Rock6A.prefab using Guid(c445b94c5f10cc14db838116d8e08868) Importer(815301076,1909f56bfc062723c751e8b465ee728b)  -> (artifact id: 'a01347944e1ad616509c947faffffc6a') in 0.026634 seconds 
========================================================================
Received Import Request.
  Time since last request: 0.000254 seconds.
  path: Assets/Rocks and Boulders 2/Rocks/Prefabs_snow/Rock3.prefab
  artifactKey: Guid(129cfb255bc090342ac36842d5d2d4ef) Importer(815301076,1909f56bfc062723c751e8b465ee728b)
Start importing Assets/Rocks and Boulders 2/Rocks/Prefabs_snow/Rock3.prefab using Guid(129cfb255bc090342ac36842d5d2d4ef) Importer(815301076,1909f56bfc062723c751e8b465ee728b)  -> (artifact id: 'f97a065ec67b8b30cfa70329ede39cf9') in 0.031104 seconds 
========================================================================
Received Import Request.
  Time since last request: 0.000255 seconds.
  path: Assets/Rocks and Boulders 2/Rocks/Prefabs_snow/Rock2.prefab
  artifactKey: Guid(d6b40ce3457ff954e8faab16436c9d29) Importer(815301076,1909f56bfc062723c751e8b465ee728b)
Start importing Assets/Rocks and Boulders 2/Rocks/Prefabs_snow/Rock2.prefab using Guid(d6b40ce3457ff954e8faab16436c9d29) Importer(815301076,1909f56bfc062723c751e8b465ee728b)  -> (artifact id: '82585ea7145b73f037f939d28247f1aa') in 0.031408 seconds 
========================================================================
Received Import Request.
  Time since last request: 0.000207 seconds.
  path: Assets/Rocks and Boulders 2/Rocks/Prefabs_snow/Rock5B.prefab
  artifactKey: Guid(29599744f5049f148a2f191725b6d22b) Importer(815301076,1909f56bfc062723c751e8b465ee728b)
Start importing Assets/Rocks and Boulders 2/Rocks/Prefabs_snow/Rock5B.prefab using Guid(29599744f5049f148a2f191725b6d22b) Importer(815301076,1909f56bfc062723c751e8b465ee728b)  -> (artifact id: '5da4aade4b7a1de02e4e98f2cded8599') in 0.030378 seconds 
========================================================================
Received Import Request.
  Time since last request: 0.000197 seconds.
  path: Assets/Rocks and Boulders 2/Rocks/Prefabs_snow/Rock1A.prefab
  artifactKey: Guid(f28e8463f4463eb48afeccffe267583f) Importer(815301076,1909f56bfc062723c751e8b465ee728b)
Start importing Assets/Rocks and Boulders 2/Rocks/Prefabs_snow/Rock1A.prefab using Guid(f28e8463f4463eb48afeccffe267583f) Importer(815301076,1909f56bfc062723c751e8b465ee728b)  -> (artifact id: 'e4fe5d114ca3693ab1bae78109680f85') in 0.021399 seconds 
========================================================================
Received Import Request.
  Time since last request: 0.000196 seconds.
  path: Assets/Rocks and Boulders 2/Rocks/Prefabs_snow/Rock1E.prefab
  artifactKey: Guid(0241c83bd39a3124fad536563eedb302) Importer(815301076,1909f56bfc062723c751e8b465ee728b)
Start importing Assets/Rocks and Boulders 2/Rocks/Prefabs_snow/Rock1E.prefab using Guid(0241c83bd39a3124fad536563eedb302) Importer(815301076,1909f56bfc062723c751e8b465ee728b)  -> (artifact id: 'c94b6ac40dce30585afc5fd44c11ac13') in 0.024830 seconds 
========================================================================
Received Import Request.
  Time since last request: 0.000156 seconds.
  path: Assets/Rocks and Boulders 2/Rocks/Prefabs_snow/Rock1C.prefab
  artifactKey: Guid(78018422469a48a40bb2bb44eb8c5d75) Importer(815301076,1909f56bfc062723c751e8b465ee728b)
Start importing Assets/Rocks and Boulders 2/Rocks/Prefabs_snow/Rock1C.prefab using Guid(78018422469a48a40bb2bb44eb8c5d75) Importer(815301076,1909f56bfc062723c751e8b465ee728b)  -> (artifact id: '9ba50c84633c57f013c49cffda1fadd5') in 0.019561 seconds 
========================================================================
Received Import Request.
  Time since last request: 0.000175 seconds.
  path: Assets/Rocks and Boulders 2/Rocks/Prefabs_snow/Rock5A.prefab
  artifactKey: Guid(2ee8881034f2f8344a6c8fce758b5513) Importer(815301076,1909f56bfc062723c751e8b465ee728b)
Start importing Assets/Rocks and Boulders 2/Rocks/Prefabs_snow/Rock5A.prefab using Guid(2ee8881034f2f8344a6c8fce758b5513) Importer(815301076,1909f56bfc062723c751e8b465ee728b)  -> (artifact id: '5064c1ae9a09d82243faacac7893218e') in 0.021248 seconds 
========================================================================
Received Import Request.
  Time since last request: 0.000232 seconds.
  path: Assets/Rocks and Boulders 2/Rocks/Prefabs_snow/Rock1LOD_grup2.prefab
  artifactKey: Guid(b94f8f8da47ae2a4c81242eb6b7d3536) Importer(815301076,1909f56bfc062723c751e8b465ee728b)
Start importing Assets/Rocks and Boulders 2/Rocks/Prefabs_snow/Rock1LOD_grup2.prefab using Guid(b94f8f8da47ae2a4c81242eb6b7d3536) Importer(815301076,1909f56bfc062723c751e8b465ee728b)  -> (artifact id: '6b686566d620b981af76fc4e385f710f') in 0.019128 seconds 
========================================================================
Received Import Request.
  Time since last request: 0.000236 seconds.
  path: Assets/Rocks and Boulders 2/Rocks/Prefabs_snow/Rock1_grup4.prefab
  artifactKey: Guid(bf6a1a77eb8dd9e4081b94f6b53896b4) Importer(815301076,1909f56bfc062723c751e8b465ee728b)
Start importing Assets/Rocks and Boulders 2/Rocks/Prefabs_snow/Rock1_grup4.prefab using Guid(bf6a1a77eb8dd9e4081b94f6b53896b4) Importer(815301076,1909f56bfc062723c751e8b465ee728b)  -> (artifact id: '0e12739c7f64cc11fcc1b64f4523b8dc') in 0.021734 seconds 
========================================================================
Received Import Request.
  Time since last request: 0.000188 seconds.
  path: Assets/Rocks and Boulders 2/Rocks/Prefabs_snow/Rock4B.prefab
  artifactKey: Guid(6f6a773cf2d27e24fa51d3392d6a241a) Importer(815301076,1909f56bfc062723c751e8b465ee728b)
Start importing Assets/Rocks and Boulders 2/Rocks/Prefabs_snow/Rock4B.prefab using Guid(6f6a773cf2d27e24fa51d3392d6a241a) Importer(815301076,1909f56bfc062723c751e8b465ee728b)  -> (artifact id: '557afb8e937ecba8c6614ba985939177') in 0.028628 seconds 
========================================================================
Received Import Request.
  Time since last request: 0.000252 seconds.
  path: Assets/Rocks and Boulders 2/Rocks/Prefabs_snow/Rock1_grup3.prefab
  artifactKey: Guid(8193811d456e8954ba1e1cc695b8b6f1) Importer(815301076,1909f56bfc062723c751e8b465ee728b)
Start importing Assets/Rocks and Boulders 2/Rocks/Prefabs_snow/Rock1_grup3.prefab using Guid(8193811d456e8954ba1e1cc695b8b6f1) Importer(815301076,1909f56bfc062723c751e8b465ee728b)  -> (artifact id: '93f1be06c15f51ebc9962bc2fdac567e') in 0.022051 seconds 
========================================================================
Received Import Request.
  Time since last request: 0.000208 seconds.
  path: Assets/Rocks and Boulders 2/Rocks/Prefabs_snow/Rock4A.prefab
  artifactKey: Guid(87983935f31cb20419d017addd855376) Importer(815301076,1909f56bfc062723c751e8b465ee728b)
Start importing Assets/Rocks and Boulders 2/Rocks/Prefabs_snow/Rock4A.prefab using Guid(87983935f31cb20419d017addd855376) Importer(815301076,1909f56bfc062723c751e8b465ee728b)  -> (artifact id: '07eb84bc50f57f1fc07c5af66f3966c9') in 0.019473 seconds 
========================================================================
Received Import Request.
  Time since last request: 0.000258 seconds.
  path: Assets/Rocks and Boulders 2/Rocks/Prefabs_snow/Rock1LOD_grup5.prefab
  artifactKey: Guid(cc97f7d64a5146f49895148c51f018b2) Importer(815301076,1909f56bfc062723c751e8b465ee728b)
Start importing Assets/Rocks and Boulders 2/Rocks/Prefabs_snow/Rock1LOD_grup5.prefab using Guid(cc97f7d64a5146f49895148c51f018b2) Importer(815301076,1909f56bfc062723c751e8b465ee728b)  -> (artifact id: 'd138d841c1b95a74e85b41eab08cc9e2') in 0.022943 seconds 
========================================================================
Received Import Request.
  Time since last request: 0.000191 seconds.
  path: Assets/Rocks and Boulders 2/Rocks/Prefabs_snow/Rock6C.prefab
  artifactKey: Guid(3cdca21e3ff972741b53a424624c9654) Importer(815301076,1909f56bfc062723c751e8b465ee728b)
Start importing Assets/Rocks and Boulders 2/Rocks/Prefabs_snow/Rock6C.prefab using Guid(3cdca21e3ff972741b53a424624c9654) Importer(815301076,1909f56bfc062723c751e8b465ee728b)  -> (artifact id: '5c8f262a62ca168c1606185e756d9cb1') in 0.019019 seconds 
========================================================================
Received Import Request.
  Time since last request: 0.000206 seconds.
  path: Assets/Rocks and Boulders 2/Rocks/Prefabs_snow/Rock1LOD_grup3.prefab
  artifactKey: Guid(8bd6b625311e9704787885a24a5bd6b8) Importer(815301076,1909f56bfc062723c751e8b465ee728b)
Start importing Assets/Rocks and Boulders 2/Rocks/Prefabs_snow/Rock1LOD_grup3.prefab using Guid(8bd6b625311e9704787885a24a5bd6b8) Importer(815301076,1909f56bfc062723c751e8b465ee728b)  -> (artifact id: 'f6e768b5413273373ebc9e3e84253873') in 0.021555 seconds 
========================================================================
Received Import Request.
  Time since last request: 0.000217 seconds.
  path: Assets/Rocks and Boulders 2/Rocks/Prefabs_snow/Rock1_grup2.prefab
  artifactKey: Guid(af253cd095eb9d2489eaad42eb9d5087) Importer(815301076,1909f56bfc062723c751e8b465ee728b)
Start importing Assets/Rocks and Boulders 2/Rocks/Prefabs_snow/Rock1_grup2.prefab using Guid(af253cd095eb9d2489eaad42eb9d5087) Importer(815301076,1909f56bfc062723c751e8b465ee728b)  -> (artifact id: '62657d20bab2bfa99e519751d93f2a9f') in 0.020378 seconds 
========================================================================
Received Import Request.
  Time since last request: 0.000183 seconds.
  path: Assets/Rocks and Boulders 2/Rocks/Prefabs_snow/Rock1_grup5.prefab
  artifactKey: Guid(5bf4c3bd12eed3040a89c71b45c451bb) Importer(815301076,1909f56bfc062723c751e8b465ee728b)
Start importing Assets/Rocks and Boulders 2/Rocks/Prefabs_snow/Rock1_grup5.prefab using Guid(5bf4c3bd12eed3040a89c71b45c451bb) Importer(815301076,1909f56bfc062723c751e8b465ee728b)  -> (artifact id: 'cddc16edd6766f298731b515d00e70f0') in 0.024497 seconds 
========================================================================
Received Import Request.
  Time since last request: 0.000170 seconds.
  path: Assets/Rocks and Boulders 2/Rocks/Prefabs_snow/Rock1B.prefab
  artifactKey: Guid(f624abb379f46594b976cb8664abb194) Importer(815301076,1909f56bfc062723c751e8b465ee728b)
Start importing Assets/Rocks and Boulders 2/Rocks/Prefabs_snow/Rock1B.prefab using Guid(f624abb379f46594b976cb8664abb194) Importer(815301076,1909f56bfc062723c751e8b465ee728b)  -> (artifact id: '9ba74ba1202f4890997ffb426b65f286') in 0.019689 seconds 
========================================================================
Received Import Request.
  Time since last request: 0.000179 seconds.
  path: Assets/Rocks and Boulders 2/Rocks/Prefabs_snow/Rock1LOD_grup1.prefab
  artifactKey: Guid(358464627c45ed2459452fec5a7663e0) Importer(815301076,1909f56bfc062723c751e8b465ee728b)
Start importing Assets/Rocks and Boulders 2/Rocks/Prefabs_snow/Rock1LOD_grup1.prefab using Guid(358464627c45ed2459452fec5a7663e0) Importer(815301076,1909f56bfc062723c751e8b465ee728b)  -> (artifact id: 'c070c101def7ddcb1fe2450cae809eaa') in 0.026812 seconds 
========================================================================
Received Import Request.
  Time since last request: 357.742811 seconds.
  path: Assets/Rocks and Boulders 2/Rocks/Source/Textures/neutral.tif
  artifactKey: Guid(55e05e8c1ca5996429a39a50faa136c4) Importer(815301076,1909f56bfc062723c751e8b465ee728b)
Start importing Assets/Rocks and Boulders 2/Rocks/Source/Textures/neutral.tif using Guid(55e05e8c1ca5996429a39a50faa136c4) Importer(815301076,1909f56bfc062723c751e8b465ee728b)  -> (artifact id: 'defba75f95b7d04087435bb470f0d36b') in 0.835451 seconds 
========================================================================
Received Import Request.
  Time since last request: 0.000410 seconds.
  path: Assets/Rocks and Boulders 2/Rocks/Source/Textures/Rock2_h.png
  artifactKey: Guid(7235df9ad3bd98540b629d630d1f62c5) Importer(815301076,1909f56bfc062723c751e8b465ee728b)
Start importing Assets/Rocks and Boulders 2/Rocks/Source/Textures/Rock2_h.png using Guid(7235df9ad3bd98540b629d630d1f62c5) Importer(815301076,1909f56bfc062723c751e8b465ee728b)  -> (artifact id: '30958c40268666a66cad8d698abfe4e0') in 0.010726 seconds 
========================================================================
Received Import Request.
  Time since last request: 0.000252 seconds.
  path: Assets/Rocks and Boulders 2/Rocks/Source/Textures/Rockdetail9_nmp.tif
  artifactKey: Guid(40d7e466eee8bf94887ff82c1e1255e4) Importer(815301076,1909f56bfc062723c751e8b465ee728b)
Start importing Assets/Rocks and Boulders 2/Rocks/Source/Textures/Rockdetail9_nmp.tif using Guid(40d7e466eee8bf94887ff82c1e1255e4) Importer(815301076,1909f56bfc062723c751e8b465ee728b)  -> (artifact id: '1f07d4520e6de552e95ca6a040ffce64') in 0.011819 seconds 
========================================================================
Received Import Request.
  Time since last request: 0.000179 seconds.
  path: Assets/Rocks and Boulders 2/Rocks/Source/Textures/Rock4.tif
  artifactKey: Guid(092dca7a8192dd548a017b0eb2af8d4e) Importer(815301076,1909f56bfc062723c751e8b465ee728b)
Start importing Assets/Rocks and Boulders 2/Rocks/Source/Textures/Rock4.tif using Guid(092dca7a8192dd548a017b0eb2af8d4e) Importer(815301076,1909f56bfc062723c751e8b465ee728b)  -> (artifact id: 'b9b6101bf4c62270c543074090d549c9') in 0.016765 seconds 
========================================================================
Received Import Request.
  Time since last request: 0.000337 seconds.
  path: Assets/Rocks and Boulders 2/Rocks/Source/Textures/Rockdetail6_nmp.tif
  artifactKey: Guid(c1ad52c6b913ce247ae933cd6d8cea55) Importer(815301076,1909f56bfc062723c751e8b465ee728b)
Start importing Assets/Rocks and Boulders 2/Rocks/Source/Textures/Rockdetail6_nmp.tif using Guid(c1ad52c6b913ce247ae933cd6d8cea55) Importer(815301076,1909f56bfc062723c751e8b465ee728b)  -> (artifact id: 'aacd0ae1a92ad22735705e89439bb7ba') in 0.008259 seconds 
========================================================================
Received Import Request.
  Time since last request: 0.000439 seconds.
  path: Assets/Rocks and Boulders 2/Rocks/Source/Textures/Rockdetail10_nmp.tif
  artifactKey: Guid(7f12407c374d40e49899f9cab23e5cc0) Importer(815301076,1909f56bfc062723c751e8b465ee728b)
Start importing Assets/Rocks and Boulders 2/Rocks/Source/Textures/Rockdetail10_nmp.tif using Guid(7f12407c374d40e49899f9cab23e5cc0) Importer(815301076,1909f56bfc062723c751e8b465ee728b)  -> (artifact id: '89711d85479e03ff00e420154eb1b1fd') in 0.010120 seconds 
========================================================================
Received Import Request.
  Time since last request: 0.000231 seconds.
  path: Assets/Rocks and Boulders 2/Rocks/Source/Textures/Rockdetail8_nmp.tif
  artifactKey: Guid(bc51ce897c3829c408ba9c4bf9390954) Importer(815301076,1909f56bfc062723c751e8b465ee728b)
Start importing Assets/Rocks and Boulders 2/Rocks/Source/Textures/Rockdetail8_nmp.tif using Guid(bc51ce897c3829c408ba9c4bf9390954) Importer(815301076,1909f56bfc062723c751e8b465ee728b)  -> (artifact id: 'df154c3365948cb4efabacbb00e312f1') in 0.008507 seconds 
========================================================================
Received Import Request.
  Time since last request: 0.000197 seconds.
  path: Assets/Rocks and Boulders 2/Rocks/Source/Textures/Rockdetail2.tif
  artifactKey: Guid(016e95565131cbe4bbe66d399a1c4efa) Importer(815301076,1909f56bfc062723c751e8b465ee728b)
Start importing Assets/Rocks and Boulders 2/Rocks/Source/Textures/Rockdetail2.tif using Guid(016e95565131cbe4bbe66d399a1c4efa) Importer(815301076,1909f56bfc062723c751e8b465ee728b)  -> (artifact id: 'd62035f6e4e8d19a14d37201da29ec75') in 0.007970 seconds 
========================================================================
Received Import Request.
  Time since last request: 0.000192 seconds.
  path: Assets/Rocks and Boulders 2/Rocks/Source/Textures/Rockdetail11_nmp.tif
  artifactKey: Guid(3dff83e381c4c7742a668b4abee84f57) Importer(815301076,1909f56bfc062723c751e8b465ee728b)
Start importing Assets/Rocks and Boulders 2/Rocks/Source/Textures/Rockdetail11_nmp.tif using Guid(3dff83e381c4c7742a668b4abee84f57) Importer(815301076,1909f56bfc062723c751e8b465ee728b)  -> (artifact id: 'd962cf5e77f92e0ce14adc0dfc67fa8f') in 0.009587 seconds 
========================================================================
Received Import Request.
  Time since last request: 0.000194 seconds.
  path: Assets/Rocks and Boulders 2/Rocks/Source/Textures/Rockdetail4.tif
  artifactKey: Guid(adf62696ffb597d4a882df95345d744b) Importer(815301076,1909f56bfc062723c751e8b465ee728b)
Start importing Assets/Rocks and Boulders 2/Rocks/Source/Textures/Rockdetail4.tif using Guid(adf62696ffb597d4a882df95345d744b) Importer(815301076,1909f56bfc062723c751e8b465ee728b)  -> (artifact id: '3b385a30a5cfeabd4378ef7fde5289a8') in 0.010665 seconds 
========================================================================
Received Import Request.
  Time since last request: 0.000215 seconds.
  path: Assets/Rocks and Boulders 2/Rocks/Source/Textures/Rock1_nmp.tif
  artifactKey: Guid(42c12cb55ddd98245a0b2c96121c8a5a) Importer(815301076,1909f56bfc062723c751e8b465ee728b)
Start importing Assets/Rocks and Boulders 2/Rocks/Source/Textures/Rock1_nmp.tif using Guid(42c12cb55ddd98245a0b2c96121c8a5a) Importer(815301076,1909f56bfc062723c751e8b465ee728b)  -> (artifact id: '7958fca7dac92603dcf7fc2b2665efce') in 0.016004 seconds 
========================================================================
Received Import Request.
  Time since last request: 0.000303 seconds.
  path: Assets/Rocks and Boulders 2/Rocks/Source/Textures/Rockdetail5.tif
  artifactKey: Guid(686064a605073d24380ee520c591a335) Importer(815301076,1909f56bfc062723c751e8b465ee728b)
Start importing Assets/Rocks and Boulders 2/Rocks/Source/Textures/Rockdetail5.tif using Guid(686064a605073d24380ee520c591a335) Importer(815301076,1909f56bfc062723c751e8b465ee728b)  -> (artifact id: '7dd54d0c7b838547f1fc11bab8bc9523') in 0.007711 seconds 
========================================================================
Received Import Request.
  Time since last request: 0.000267 seconds.
  path: Assets/Rocks and Boulders 2/Rocks/Source/Textures/Rock4_ao.png
  artifactKey: Guid(4253a798b9e853147adf917a51a2b97a) Importer(815301076,1909f56bfc062723c751e8b465ee728b)
Start importing Assets/Rocks and Boulders 2/Rocks/Source/Textures/Rock4_ao.png using Guid(4253a798b9e853147adf917a51a2b97a) Importer(815301076,1909f56bfc062723c751e8b465ee728b)  -> (artifact id: '1056fcf559819a4d86a65672051410ef') in 0.013340 seconds 
========================================================================
Received Import Request.
  Time since last request: 0.000207 seconds.
  path: Assets/Rocks and Boulders 2/Rocks/Source/Textures/Rock6_snow.tif
  artifactKey: Guid(9ac312e76d15d504882249d38d6e0288) Importer(815301076,1909f56bfc062723c751e8b465ee728b)
Start importing Assets/Rocks and Boulders 2/Rocks/Source/Textures/Rock6_snow.tif using Guid(9ac312e76d15d504882249d38d6e0288) Importer(815301076,1909f56bfc062723c751e8b465ee728b)  -> (artifact id: 'e03eaf26816c604fc6ad6f79fa82a271') in 0.013767 seconds 
========================================================================
Received Import Request.
  Time since last request: 0.000194 seconds.
  path: Assets/Rocks and Boulders 2/Rocks/Source/Textures/neutral_nmp.tif
  artifactKey: Guid(be834ced0f6dfe5449701caebb2023c9) Importer(815301076,1909f56bfc062723c751e8b465ee728b)
Start importing Assets/Rocks and Boulders 2/Rocks/Source/Textures/neutral_nmp.tif using Guid(be834ced0f6dfe5449701caebb2023c9) Importer(815301076,1909f56bfc062723c751e8b465ee728b)  -> (artifact id: 'f0878385e17554c44931b2178f832153') in 0.006530 seconds 
========================================================================
Received Import Request.
  Time since last request: 0.000207 seconds.
  path: Assets/Rocks and Boulders 2/Rocks/Source/Textures/Rockdetail6.tif
  artifactKey: Guid(98b867924d19a23419a46124897d4937) Importer(815301076,1909f56bfc062723c751e8b465ee728b)
Start importing Assets/Rocks and Boulders 2/Rocks/Source/Textures/Rockdetail6.tif using Guid(98b867924d19a23419a46124897d4937) Importer(815301076,1909f56bfc062723c751e8b465ee728b)  -> (artifact id: '9590914cb9b2ea5b27c58bd4c72a2d73') in 0.010229 seconds 
========================================================================
Received Import Request.
  Time since last request: 0.000219 seconds.
  path: Assets/Rocks and Boulders 2/Rocks/Source/Textures/Rock5.tif
  artifactKey: Guid(312c93ed564bd8840ab4818e3db14d8a) Importer(815301076,1909f56bfc062723c751e8b465ee728b)
Start importing Assets/Rocks and Boulders 2/Rocks/Source/Textures/Rock5.tif using Guid(312c93ed564bd8840ab4818e3db14d8a) Importer(815301076,1909f56bfc062723c751e8b465ee728b)  -> (artifact id: '2df27c024233213188799f8dc9a08d66') in 0.009516 seconds 
========================================================================
Received Import Request.
  Time since last request: 0.000238 seconds.
  path: Assets/Rocks and Boulders 2/Rocks/Source/Textures/Rock3_ao.png
  artifactKey: Guid(11cb6765864eda847a33cdceac63bbc7) Importer(815301076,1909f56bfc062723c751e8b465ee728b)
Start importing Assets/Rocks and Boulders 2/Rocks/Source/Textures/Rock3_ao.png using Guid(11cb6765864eda847a33cdceac63bbc7) Importer(815301076,1909f56bfc062723c751e8b465ee728b)  -> (artifact id: '122efda2c4bf3aa666504572f06ce09a') in 0.008138 seconds 
========================================================================
Received Import Request.
  Time since last request: 0.000235 seconds.
  path: Assets/Rocks and Boulders 2/Rocks/Source/Textures/Rockdetail3_nmp.tif
  artifactKey: Guid(24bcc36f93b595a4c86ae1f93c308352) Importer(815301076,1909f56bfc062723c751e8b465ee728b)
Start importing Assets/Rocks and Boulders 2/Rocks/Source/Textures/Rockdetail3_nmp.tif using Guid(24bcc36f93b595a4c86ae1f93c308352) Importer(815301076,1909f56bfc062723c751e8b465ee728b)  -> (artifact id: '06274aa732a11bcfdf559e5c4d76af9e') in 0.007562 seconds 
========================================================================
Received Import Request.
  Time since last request: 0.000310 seconds.
  path: Assets/Rocks and Boulders 2/Rocks/Source/Textures/Rock3_nmp.tif
  artifactKey: Guid(9097a6a42d07fe2479d0545fcd6b6280) Importer(815301076,1909f56bfc062723c751e8b465ee728b)
Start importing Assets/Rocks and Boulders 2/Rocks/Source/Textures/Rock3_nmp.tif using Guid(9097a6a42d07fe2479d0545fcd6b6280) Importer(815301076,1909f56bfc062723c751e8b465ee728b)  -> (artifact id: '40c8d7d21fc49077c15599d67d213b54') in 0.013776 seconds 
========================================================================
Received Import Request.
  Time since last request: 0.000245 seconds.
  path: Assets/Rocks and Boulders 2/Rocks/Source/Textures/Rockdetail7_nmp.tif
  artifactKey: Guid(5f77f20afa4153d47b190a7defc9edf0) Importer(815301076,1909f56bfc062723c751e8b465ee728b)
Start importing Assets/Rocks and Boulders 2/Rocks/Source/Textures/Rockdetail7_nmp.tif using Guid(5f77f20afa4153d47b190a7defc9edf0) Importer(815301076,1909f56bfc062723c751e8b465ee728b)  -> (artifact id: '254b8dc969a719c1770c136ea59b3cae') in 0.007667 seconds 
========================================================================
Received Import Request.
  Time since last request: 0.000198 seconds.
  path: Assets/Rocks and Boulders 2/Rocks/Source/Textures/Rock3_ms.png
  artifactKey: Guid(e31eafdbd8a85f34ab9dcd2fc9021997) Importer(815301076,1909f56bfc062723c751e8b465ee728b)
Start importing Assets/Rocks and Boulders 2/Rocks/Source/Textures/Rock3_ms.png using Guid(e31eafdbd8a85f34ab9dcd2fc9021997) Importer(815301076,1909f56bfc062723c751e8b465ee728b)  -> (artifact id: '1278ca2ee57225e13857e011a538c18f') in 0.013303 seconds 
========================================================================
Received Import Request.
  Time since last request: 0.000203 seconds.
  path: Assets/Rocks and Boulders 2/Rocks/Source/Textures/Rock5_ao.png
  artifactKey: Guid(f6526ae33cace7c46ab54463669ab556) Importer(815301076,1909f56bfc062723c751e8b465ee728b)
Start importing Assets/Rocks and Boulders 2/Rocks/Source/Textures/Rock5_ao.png using Guid(f6526ae33cace7c46ab54463669ab556) Importer(815301076,1909f56bfc062723c751e8b465ee728b)  -> (artifact id: 'b0be4ac2b657fb5f3e6ce6918c6edfb6') in 0.008420 seconds 
========================================================================
Received Import Request.
  Time since last request: 0.000195 seconds.
  path: Assets/Rocks and Boulders 2/Rocks/Source/Textures/Rock6.tif
  artifactKey: Guid(2c14dee6b3a5fa4448cc7da72765ddde) Importer(815301076,1909f56bfc062723c751e8b465ee728b)
Start importing Assets/Rocks and Boulders 2/Rocks/Source/Textures/Rock6.tif using Guid(2c14dee6b3a5fa4448cc7da72765ddde) Importer(815301076,1909f56bfc062723c751e8b465ee728b)  -> (artifact id: '36f41a9ac9f868cb5e76a1224a957180') in 0.010400 seconds 
========================================================================
Received Import Request.
  Time since last request: 0.000270 seconds.
  path: Assets/Rocks and Boulders 2/Rocks/Source/Textures/Rock5_h.png
  artifactKey: Guid(0f4ca202c9a9aea47b30a1fa32effc1f) Importer(815301076,1909f56bfc062723c751e8b465ee728b)
Start importing Assets/Rocks and Boulders 2/Rocks/Source/Textures/Rock5_h.png using Guid(0f4ca202c9a9aea47b30a1fa32effc1f) Importer(815301076,1909f56bfc062723c751e8b465ee728b)  -> (artifact id: 'c76251cb29a99bc14ade79f29f7fc5cc') in 0.008147 seconds 
========================================================================
Received Import Request.
  Time since last request: 0.000209 seconds.
  path: Assets/Rocks and Boulders 2/Rocks/Source/Textures/Rock6_h.png
  artifactKey: Guid(ea5fa60747dcedc4cb9f54ae82142568) Importer(815301076,1909f56bfc062723c751e8b465ee728b)
Start importing Assets/Rocks and Boulders 2/Rocks/Source/Textures/Rock6_h.png using Guid(ea5fa60747dcedc4cb9f54ae82142568) Importer(815301076,1909f56bfc062723c751e8b465ee728b)  -> (artifact id: '5a71e360cc1bde5789905fae7dfdf0db') in 0.011569 seconds 
========================================================================
Received Import Request.
  Time since last request: 0.000187 seconds.
  path: Assets/Rocks and Boulders 2/Rocks/Source/Textures/Rock6_nmp.tif
  artifactKey: Guid(4e1f3e7249bd7764aa7993a48695ab65) Importer(815301076,1909f56bfc062723c751e8b465ee728b)
Start importing Assets/Rocks and Boulders 2/Rocks/Source/Textures/Rock6_nmp.tif using Guid(4e1f3e7249bd7764aa7993a48695ab65) Importer(815301076,1909f56bfc062723c751e8b465ee728b)  -> (artifact id: 'daf2b49db5234238b2421d320feaf8e6') in 0.014703 seconds 
========================================================================
Received Import Request.
  Time since last request: 0.000252 seconds.
  path: Assets/Rocks and Boulders 2/Rocks/Source/Textures/Rockdetail2_nmp.tif
  artifactKey: Guid(047414cbd2e318e41a7d1557a27d36c5) Importer(815301076,1909f56bfc062723c751e8b465ee728b)
Start importing Assets/Rocks and Boulders 2/Rocks/Source/Textures/Rockdetail2_nmp.tif using Guid(047414cbd2e318e41a7d1557a27d36c5) Importer(815301076,1909f56bfc062723c751e8b465ee728b)  -> (artifact id: '2b16290c14b9401bfb1cf6ac109af629') in 0.008109 seconds 
========================================================================
Received Import Request.
  Time since last request: 0.000165 seconds.
  path: Assets/Rocks and Boulders 2/Rocks/Source/Textures/Rockdetail4_nmp.tif
  artifactKey: Guid(2c7455542485cce45988e19384b08d01) Importer(815301076,1909f56bfc062723c751e8b465ee728b)
Start importing Assets/Rocks and Boulders 2/Rocks/Source/Textures/Rockdetail4_nmp.tif using Guid(2c7455542485cce45988e19384b08d01) Importer(815301076,1909f56bfc062723c751e8b465ee728b)  -> (artifact id: '9df1553f13496be5a3acd16e9baf32fb') in 0.008341 seconds 
========================================================================
Received Import Request.
  Time since last request: 0.000188 seconds.
  path: Assets/Rocks and Boulders 2/Rocks/Source/Textures/Rock1_ms.png
  artifactKey: Guid(6be0cac17b48f154d9703d89e90c4dac) Importer(815301076,1909f56bfc062723c751e8b465ee728b)
Start importing Assets/Rocks and Boulders 2/Rocks/Source/Textures/Rock1_ms.png using Guid(6be0cac17b48f154d9703d89e90c4dac) Importer(815301076,1909f56bfc062723c751e8b465ee728b)  -> (artifact id: '4e416afac7605ca697fb524713bcab18') in 0.015069 seconds 
========================================================================
Received Import Request.
  Time since last request: 0.000147 seconds.
  path: Assets/Rocks and Boulders 2/Rocks/Source/Textures/Rockdetail5_nmp.tif
  artifactKey: Guid(bcf25bfea0bfd70469ba400a885d4c1e) Importer(815301076,1909f56bfc062723c751e8b465ee728b)
Start importing Assets/Rocks and Boulders 2/Rocks/Source/Textures/Rockdetail5_nmp.tif using Guid(bcf25bfea0bfd70469ba400a885d4c1e) Importer(815301076,1909f56bfc062723c751e8b465ee728b)  -> (artifact id: '5b0d6a35f11d89ee1b207818c9254c76') in 0.008534 seconds 
========================================================================
Received Import Request.
  Time since last request: 0.000147 seconds.
  path: Assets/Rocks and Boulders 2/Rocks/Source/Textures/Rock3_snow.tif
  artifactKey: Guid(64ae36b4bdd83844aa64bb7fec019aa1) Importer(815301076,1909f56bfc062723c751e8b465ee728b)
Start importing Assets/Rocks and Boulders 2/Rocks/Source/Textures/Rock3_snow.tif using Guid(64ae36b4bdd83844aa64bb7fec019aa1) Importer(815301076,1909f56bfc062723c751e8b465ee728b)  -> (artifact id: '4019376027e7dcdf222e22f60f66d94b') in 0.009213 seconds 
========================================================================
Received Import Request.
  Time since last request: 0.000162 seconds.
  path: Assets/Rocks and Boulders 2/Rocks/Source/Textures/Rockdetail11.tif
  artifactKey: Guid(a604d1fd298b06e4b882f7cb3a172a7c) Importer(815301076,1909f56bfc062723c751e8b465ee728b)
Start importing Assets/Rocks and Boulders 2/Rocks/Source/Textures/Rockdetail11.tif using Guid(a604d1fd298b06e4b882f7cb3a172a7c) Importer(815301076,1909f56bfc062723c751e8b465ee728b)  -> (artifact id: '17403be63e28ecfc477cea3fd1d110ba') in 0.007174 seconds 
========================================================================
Received Import Request.
  Time since last request: 0.000169 seconds.
  path: Assets/Rocks and Boulders 2/Rocks/Source/Textures/Rockdetail9.tif
  artifactKey: Guid(30cc329797fd9684bb7c6608318df508) Importer(815301076,1909f56bfc062723c751e8b465ee728b)
Start importing Assets/Rocks and Boulders 2/Rocks/Source/Textures/Rockdetail9.tif using Guid(30cc329797fd9684bb7c6608318df508) Importer(815301076,1909f56bfc062723c751e8b465ee728b)  -> (artifact id: 'ac4b48b2f00f18442d6f6afacfaa5879') in 0.007288 seconds 
========================================================================
Received Import Request.
  Time since last request: 0.000261 seconds.
  path: Assets/Rocks and Boulders 2/Rocks/Source/Textures/Rock2_snow.tif
  artifactKey: Guid(b7a96b9d5a1c9ff49a691b1ae2e98959) Importer(815301076,1909f56bfc062723c751e8b465ee728b)
Start importing Assets/Rocks and Boulders 2/Rocks/Source/Textures/Rock2_snow.tif using Guid(b7a96b9d5a1c9ff49a691b1ae2e98959) Importer(815301076,1909f56bfc062723c751e8b465ee728b)  -> (artifact id: 'bd31dbf30c8383a025ed7fb31f460b3c') in 0.013265 seconds 
========================================================================
Received Import Request.
  Time since last request: 0.000177 seconds.
  path: Assets/Rocks and Boulders 2/Rocks/Source/Textures/Rockdetail3.tif
  artifactKey: Guid(85802eac53a318647b463cb048c1639d) Importer(815301076,1909f56bfc062723c751e8b465ee728b)
Start importing Assets/Rocks and Boulders 2/Rocks/Source/Textures/Rockdetail3.tif using Guid(85802eac53a318647b463cb048c1639d) Importer(815301076,1909f56bfc062723c751e8b465ee728b)  -> (artifact id: 'c8682e00a28ab137e9f69d2caff18666') in 0.007209 seconds 
========================================================================
Received Import Request.
  Time since last request: 0.000160 seconds.
  path: Assets/Rocks and Boulders 2/Rocks/Source/Textures/Rock4_ms.png
  artifactKey: Guid(a190f507abd111b468acabc651f904ae) Importer(815301076,1909f56bfc062723c751e8b465ee728b)
Start importing Assets/Rocks and Boulders 2/Rocks/Source/Textures/Rock4_ms.png using Guid(a190f507abd111b468acabc651f904ae) Importer(815301076,1909f56bfc062723c751e8b465ee728b)  -> (artifact id: '123bd8823755c899e12d181ac330949d') in 0.013611 seconds 
========================================================================
Received Import Request.
  Time since last request: 0.000176 seconds.
  path: Assets/Rocks and Boulders 2/Rocks/Source/Textures/Rock1_h.png
  artifactKey: Guid(d522c8a14f47f2f4e94a216d1f8f4cd2) Importer(815301076,1909f56bfc062723c751e8b465ee728b)
Start importing Assets/Rocks and Boulders 2/Rocks/Source/Textures/Rock1_h.png using Guid(d522c8a14f47f2f4e94a216d1f8f4cd2) Importer(815301076,1909f56bfc062723c751e8b465ee728b)  -> (artifact id: '7031c8e0af68de4468a78c6469834f52') in 0.020592 seconds 
========================================================================
Received Import Request.
  Time since last request: 0.002034 seconds.
  path: Assets/Rocks and Boulders 2/Rocks/Source/Textures/Rock2.tif
  artifactKey: Guid(162c810bf5419394188c1c46a5db065e) Importer(815301076,1909f56bfc062723c751e8b465ee728b)
Start importing Assets/Rocks and Boulders 2/Rocks/Source/Textures/Rock2.tif using Guid(162c810bf5419394188c1c46a5db065e) Importer(815301076,1909f56bfc062723c751e8b465ee728b)  -> (artifact id: '0975137570cf20fe6488b3ca22833e7b') in 0.010689 seconds 
========================================================================
Received Import Request.
  Time since last request: 0.000202 seconds.
  path: Assets/Rocks and Boulders 2/Rocks/Source/Textures/Rock6_ao.png
  artifactKey: Guid(caa896f01dbad8a45afa58ec317b8538) Importer(815301076,1909f56bfc062723c751e8b465ee728b)
Start importing Assets/Rocks and Boulders 2/Rocks/Source/Textures/Rock6_ao.png using Guid(caa896f01dbad8a45afa58ec317b8538) Importer(815301076,1909f56bfc062723c751e8b465ee728b)  -> (artifact id: '1d9e9a09634daa117e1b100ff79cfacb') in 0.008397 seconds 
========================================================================
Received Import Request.
  Time since last request: 0.000163 seconds.
  path: Assets/Rocks and Boulders 2/Rocks/Source/Textures/Rock6_ms.png
  artifactKey: Guid(e677615ec9e660f4691a28a7e6abbfa6) Importer(815301076,1909f56bfc062723c751e8b465ee728b)
Start importing Assets/Rocks and Boulders 2/Rocks/Source/Textures/Rock6_ms.png using Guid(e677615ec9e660f4691a28a7e6abbfa6) Importer(815301076,1909f56bfc062723c751e8b465ee728b)  -> (artifact id: '2277799bc00b98d82f5936045209bc3c') in 0.013568 seconds 
========================================================================
Received Import Request.
  Time since last request: 0.000168 seconds.
  path: Assets/Rocks and Boulders 2/Rocks/Source/Textures/Rock1_ao.png
  artifactKey: Guid(ddad99722f2103e4c9a909f6cedf8ea3) Importer(815301076,1909f56bfc062723c751e8b465ee728b)
Start importing Assets/Rocks and Boulders 2/Rocks/Source/Textures/Rock1_ao.png using Guid(ddad99722f2103e4c9a909f6cedf8ea3) Importer(815301076,1909f56bfc062723c751e8b465ee728b)  -> (artifact id: '24e16b1506d84e0eb7e33cce8d236ed7') in 0.011986 seconds 
========================================================================
Received Import Request.
  Time since last request: 0.000182 seconds.
  path: Assets/Rocks and Boulders 2/Rocks/Source/Textures/Rockdetail1_nmp.tif
  artifactKey: Guid(0b099f8fbac461345b2a4bf38d9538e2) Importer(815301076,1909f56bfc062723c751e8b465ee728b)
Start importing Assets/Rocks and Boulders 2/Rocks/Source/Textures/Rockdetail1_nmp.tif using Guid(0b099f8fbac461345b2a4bf38d9538e2) Importer(815301076,1909f56bfc062723c751e8b465ee728b)  -> (artifact id: '1d3443e220262ba60f643c2d79dc4ce5') in 0.008121 seconds 
========================================================================
Received Import Request.
  Time since last request: 0.000170 seconds.
  path: Assets/Rocks and Boulders 2/Rocks/Source/Textures/Rock4_snow.tif
  artifactKey: Guid(f2eda5f416012234b9a9af83bb3797f9) Importer(815301076,1909f56bfc062723c751e8b465ee728b)
Start importing Assets/Rocks and Boulders 2/Rocks/Source/Textures/Rock4_snow.tif using Guid(f2eda5f416012234b9a9af83bb3797f9) Importer(815301076,1909f56bfc062723c751e8b465ee728b)  -> (artifact id: '7bb8b22112751392deda195130323f02') in 0.009693 seconds 
========================================================================
Received Import Request.
  Time since last request: 0.000199 seconds.
  path: Assets/Rocks and Boulders 2/Rocks/Source/Textures/Rockdetail8.tif
  artifactKey: Guid(7bf0f3566beb89f4fb8785f70c000c82) Importer(815301076,1909f56bfc062723c751e8b465ee728b)
Start importing Assets/Rocks and Boulders 2/Rocks/Source/Textures/Rockdetail8.tif using Guid(7bf0f3566beb89f4fb8785f70c000c82) Importer(815301076,1909f56bfc062723c751e8b465ee728b)  -> (artifact id: '0e6faeb30ed39eff9d04fc932950cda0') in 0.009596 seconds 
========================================================================
Received Import Request.
  Time since last request: 0.000171 seconds.
  path: Assets/Rocks and Boulders 2/Rocks/Source/Textures/Rock2_nmp.tif
  artifactKey: Guid(3a821c28b70b2b447ab3e66e3a2229e5) Importer(815301076,1909f56bfc062723c751e8b465ee728b)
Start importing Assets/Rocks and Boulders 2/Rocks/Source/Textures/Rock2_nmp.tif using Guid(3a821c28b70b2b447ab3e66e3a2229e5) Importer(815301076,1909f56bfc062723c751e8b465ee728b)  -> (artifact id: 'cb4a37d2c7a27ea41aa67b42dde6b544') in 0.010302 seconds 
========================================================================
Received Import Request.
  Time since last request: 0.000165 seconds.
  path: Assets/Rocks and Boulders 2/Rocks/Source/Textures/Rockdetail7.tif
  artifactKey: Guid(4d45e1355977ee44ebffdf905fe30d27) Importer(815301076,1909f56bfc062723c751e8b465ee728b)
Start importing Assets/Rocks and Boulders 2/Rocks/Source/Textures/Rockdetail7.tif using Guid(4d45e1355977ee44ebffdf905fe30d27) Importer(815301076,1909f56bfc062723c751e8b465ee728b)  -> (artifact id: '98dbf2e86a1370df00575377cf95b983') in 0.011270 seconds 
========================================================================
Received Import Request.
  Time since last request: 0.000157 seconds.
  path: Assets/Rocks and Boulders 2/Rocks/Source/Textures/Rock4_h.png
  artifactKey: Guid(a639ed01446aa774992a6d74a1260740) Importer(815301076,1909f56bfc062723c751e8b465ee728b)
Start importing Assets/Rocks and Boulders 2/Rocks/Source/Textures/Rock4_h.png using Guid(a639ed01446aa774992a6d74a1260740) Importer(815301076,1909f56bfc062723c751e8b465ee728b)  -> (artifact id: 'f8c9267acc6b28cd871b4f1122275c75') in 0.008929 seconds 
========================================================================
Received Import Request.
  Time since last request: 0.000211 seconds.
  path: Assets/Rocks and Boulders 2/Rocks/Source/Textures/Rock1_snow.tif
  artifactKey: Guid(aad243781a5f31341b964f5551b8f7df) Importer(815301076,1909f56bfc062723c751e8b465ee728b)
Start importing Assets/Rocks and Boulders 2/Rocks/Source/Textures/Rock1_snow.tif using Guid(aad243781a5f31341b964f5551b8f7df) Importer(815301076,1909f56bfc062723c751e8b465ee728b)  -> (artifact id: 'c5d3c0aba17215beadfea94e5e24da98') in 0.008436 seconds 
========================================================================
Received Import Request.
  Time since last request: 0.000189 seconds.
  path: Assets/Rocks and Boulders 2/Rocks/Source/Textures/Rock3_h.png
  artifactKey: Guid(6dd76acee04f2924bb8c511065faef9e) Importer(815301076,1909f56bfc062723c751e8b465ee728b)
Start importing Assets/Rocks and Boulders 2/Rocks/Source/Textures/Rock3_h.png using Guid(6dd76acee04f2924bb8c511065faef9e) Importer(815301076,1909f56bfc062723c751e8b465ee728b)  -> (artifact id: '4df42b6ff81c24fa27c6fa81de5acb02') in 0.010927 seconds 
========================================================================
Received Import Request.
  Time since last request: 0.000249 seconds.
  path: Assets/Rocks and Boulders 2/Rocks/Source/Textures/Rock5_nmp.tif
  artifactKey: Guid(c208f128e624c474bb2241affee1c866) Importer(815301076,1909f56bfc062723c751e8b465ee728b)
Start importing Assets/Rocks and Boulders 2/Rocks/Source/Textures/Rock5_nmp.tif using Guid(c208f128e624c474bb2241affee1c866) Importer(815301076,1909f56bfc062723c751e8b465ee728b)  -> (artifact id: '08778b00606463008f7d42d782e78fdb') in 0.010184 seconds 
========================================================================
Received Import Request.
  Time since last request: 0.000184 seconds.
  path: Assets/Rocks and Boulders 2/Rocks/Source/Textures/Rockdetail12.tif
  artifactKey: Guid(41dfc68d4901f924ea85dc9e7dcfb5dc) Importer(815301076,1909f56bfc062723c751e8b465ee728b)
Start importing Assets/Rocks and Boulders 2/Rocks/Source/Textures/Rockdetail12.tif using Guid(41dfc68d4901f924ea85dc9e7dcfb5dc) Importer(815301076,1909f56bfc062723c751e8b465ee728b)  -> (artifact id: '6df95594abd035ea98b7b3e6482f1583') in 0.007577 seconds 
========================================================================
Received Import Request.
  Time since last request: 0.000189 seconds.
  path: Assets/Rocks and Boulders 2/Rocks/Source/Textures/Rock5_snow.tif
  artifactKey: Guid(ff05ac7b888a0384186a6037880d355b) Importer(815301076,1909f56bfc062723c751e8b465ee728b)
Start importing Assets/Rocks and Boulders 2/Rocks/Source/Textures/Rock5_snow.tif using Guid(ff05ac7b888a0384186a6037880d355b) Importer(815301076,1909f56bfc062723c751e8b465ee728b)  -> (artifact id: '73a1f9548d400e989aa86403d55a5066') in 0.011775 seconds 
========================================================================
Received Import Request.
  Time since last request: 0.000206 seconds.
  path: Assets/Rocks and Boulders 2/Rocks/Source/Textures/Rock2_ao.png
  artifactKey: Guid(e33cfde976023144c9866837549818a7) Importer(815301076,1909f56bfc062723c751e8b465ee728b)
Start importing Assets/Rocks and Boulders 2/Rocks/Source/Textures/Rock2_ao.png using Guid(e33cfde976023144c9866837549818a7) Importer(815301076,1909f56bfc062723c751e8b465ee728b)  -> (artifact id: '2b3c830b5d1fb4b21769cdd4f4d306bd') in 0.008072 seconds 
========================================================================
Received Import Request.
  Time since last request: 0.000235 seconds.
  path: Assets/Rocks and Boulders 2/Rocks/Source/Textures/Rock1.tif
  artifactKey: Guid(d0692a948ca573d4cb0b93ffb1c8a033) Importer(815301076,1909f56bfc062723c751e8b465ee728b)
Start importing Assets/Rocks and Boulders 2/Rocks/Source/Textures/Rock1.tif using Guid(d0692a948ca573d4cb0b93ffb1c8a033) Importer(815301076,1909f56bfc062723c751e8b465ee728b)  -> (artifact id: '8a3a20e4a1dc18a73a74e75447ea0b56') in 0.010933 seconds 
========================================================================
Received Import Request.
  Time since last request: 0.000209 seconds.
  path: Assets/Rocks and Boulders 2/Rocks/Source/Textures/Rock3.tif
  artifactKey: Guid(27cfd5114f148ff49acff242847ce022) Importer(815301076,1909f56bfc062723c751e8b465ee728b)
Start importing Assets/Rocks and Boulders 2/Rocks/Source/Textures/Rock3.tif using Guid(27cfd5114f148ff49acff242847ce022) Importer(815301076,1909f56bfc062723c751e8b465ee728b)  -> (artifact id: 'aa8272c108e6bf0426385c51e5c9fd9c') in 0.008339 seconds 
========================================================================
Received Import Request.
  Time since last request: 0.000262 seconds.
  path: Assets/Rocks and Boulders 2/Rocks/Source/Textures/Rock2_ms.png
  artifactKey: Guid(e0a129ea7aef5bf49a02cdc7e2c0c943) Importer(815301076,1909f56bfc062723c751e8b465ee728b)
Start importing Assets/Rocks and Boulders 2/Rocks/Source/Textures/Rock2_ms.png using Guid(e0a129ea7aef5bf49a02cdc7e2c0c943) Importer(815301076,1909f56bfc062723c751e8b465ee728b)  -> (artifact id: '32254f9e1e26ccf93d9bdb0a01da2788') in 0.013562 seconds 
========================================================================
Received Import Request.
  Time since last request: 0.000208 seconds.
  path: Assets/Rocks and Boulders 2/Rocks/Source/Textures/Rockdetail1.tif
  artifactKey: Guid(19b818e26c2922a488c06b1fbdae5df3) Importer(815301076,1909f56bfc062723c751e8b465ee728b)
Start importing Assets/Rocks and Boulders 2/Rocks/Source/Textures/Rockdetail1.tif using Guid(19b818e26c2922a488c06b1fbdae5df3) Importer(815301076,1909f56bfc062723c751e8b465ee728b)  -> (artifact id: '3f551f5b89ae7f53e3e7b5b05c45a210') in 0.007814 seconds 
========================================================================
Received Import Request.
  Time since last request: 0.000237 seconds.
  path: Assets/Rocks and Boulders 2/Rocks/Source/Textures/Rock4_nmp.tif
  artifactKey: Guid(2a0dc6caeaf9cb64dae4372302735b69) Importer(815301076,1909f56bfc062723c751e8b465ee728b)
Start importing Assets/Rocks and Boulders 2/Rocks/Source/Textures/Rock4_nmp.tif using Guid(2a0dc6caeaf9cb64dae4372302735b69) Importer(815301076,1909f56bfc062723c751e8b465ee728b)  -> (artifact id: 'd624769c639e6d151a16f101fbace70a') in 0.010800 seconds 
========================================================================
Received Import Request.
  Time since last request: 0.000202 seconds.
  path: Assets/Rocks and Boulders 2/Rocks/Source/Textures/Rockdetail10.tif
  artifactKey: Guid(89ee248f3f8054548b2cbf49274c5540) Importer(815301076,1909f56bfc062723c751e8b465ee728b)
Start importing Assets/Rocks and Boulders 2/Rocks/Source/Textures/Rockdetail10.tif using Guid(89ee248f3f8054548b2cbf49274c5540) Importer(815301076,1909f56bfc062723c751e8b465ee728b)  -> (artifact id: '6f5de80fda7efdb01061f55d278ecce7') in 0.006996 seconds 
========================================================================
Received Import Request.
  Time since last request: 0.000178 seconds.
  path: Assets/Rocks and Boulders 2/Rocks/Source/Textures/Rock5_ms.png
  artifactKey: Guid(007c7f9a6c3681e4aa289b2e0e210b2c) Importer(815301076,1909f56bfc062723c751e8b465ee728b)
Start importing Assets/Rocks and Boulders 2/Rocks/Source/Textures/Rock5_ms.png using Guid(007c7f9a6c3681e4aa289b2e0e210b2c) Importer(815301076,1909f56bfc062723c751e8b465ee728b)  -> (artifact id: '0990dd4455f541fc726859b8fee1c5c5') in 0.013461 seconds 
========================================================================
Received Import Request.
  Time since last request: 2.301084 seconds.
  path: Assets/Rocks and Boulders 2/Rocks/Source/Textures/Rockdetail12_nmp.tif
  artifactKey: Guid(5509ded9297dad54785f6adfae502923) Importer(815301076,1909f56bfc062723c751e8b465ee728b)
Start importing Assets/Rocks and Boulders 2/Rocks/Source/Textures/Rockdetail12_nmp.tif using Guid(5509ded9297dad54785f6adfae502923) Importer(815301076,1909f56bfc062723c751e8b465ee728b)  -> (artifact id: '74eeedb3010c33d8f88be0ffedb99e0c') in 0.010392 seconds 
========================================================================
Received Import Request.
  Time since last request: 19.896064 seconds.
  path: Assets/Martian surface - rocky area/New Terrain.asset
  artifactKey: Guid(eba58b049f23c5f42ae98ea03f46aad6) Importer(815301076,1909f56bfc062723c751e8b465ee728b)
Start importing Assets/Martian surface - rocky area/New Terrain.asset using Guid(eba58b049f23c5f42ae98ea03f46aad6) Importer(815301076,1909f56bfc062723c751e8b465ee728b)  -> (artifact id: '1bcb641918e5f62b74fafd530ac75b47') in 0.372537 seconds 
========================================================================
Received Import Request.
  Time since last request: 340.417770 seconds.
  path: Assets/Rocks and Boulders 2/Rocks/Source/Models/box.fbx
  artifactKey: Guid(d5085b45bd6efa148b42ea3dc7ba9a0e) Importer(815301076,1909f56bfc062723c751e8b465ee728b)
Start importing Assets/Rocks and Boulders 2/Rocks/Source/Models/box.fbx using Guid(d5085b45bd6efa148b42ea3dc7ba9a0e) Importer(815301076,1909f56bfc062723c751e8b465ee728b)  -> (artifact id: '31357e0287001ac2f802088b8eb3c6aa') in 0.655498 seconds 
========================================================================
Received Import Request.
  Time since last request: 0.000402 seconds.
  path: Assets/Rocks and Boulders 2/Rocks/Source/Models/Rock4B.fbx
  artifactKey: Guid(553d9789b73b4f44b8326e2e6918d951) Importer(815301076,1909f56bfc062723c751e8b465ee728b)
Start importing Assets/Rocks and Boulders 2/Rocks/Source/Models/Rock4B.fbx using Guid(553d9789b73b4f44b8326e2e6918d951) Importer(815301076,1909f56bfc062723c751e8b465ee728b)  -> (artifact id: 'ffb790973209fd6895a95a8e8a4c7606') in 0.028219 seconds 
========================================================================
Received Import Request.
  Time since last request: 0.000156 seconds.
  path: Assets/Rocks and Boulders 2/Rocks/Source/Models/Rock1D.fbx
  artifactKey: Guid(983886d38a2dfa14fa5778c136ecbb9f) Importer(815301076,1909f56bfc062723c751e8b465ee728b)
Start importing Assets/Rocks and Boulders 2/Rocks/Source/Models/Rock1D.fbx using Guid(983886d38a2dfa14fa5778c136ecbb9f) Importer(815301076,1909f56bfc062723c751e8b465ee728b)  -> (artifact id: '3951c9d76fc8037f7437808ef9c8b56f') in 0.014545 seconds 
========================================================================
Received Import Request.
  Time since last request: 0.000376 seconds.
  path: Assets/Rocks and Boulders 2/Rocks/Source/Models/Rock5B.fbx
  artifactKey: Guid(51368a5ba8a38f740baa9f2a132a2321) Importer(815301076,1909f56bfc062723c751e8b465ee728b)
Start importing Assets/Rocks and Boulders 2/Rocks/Source/Models/Rock5B.fbx using Guid(51368a5ba8a38f740baa9f2a132a2321) Importer(815301076,1909f56bfc062723c751e8b465ee728b)  -> (artifact id: '228a5517ce06359073df86532a4ff0b9') in 0.013410 seconds 
========================================================================
Received Import Request.
  Time since last request: 0.000299 seconds.
  path: Assets/Rocks and Boulders 2/Rocks/Source/Models/Rock1A.fbx
  artifactKey: Guid(dfb9706df9ac8264ebf1e58976096256) Importer(815301076,1909f56bfc062723c751e8b465ee728b)
Start importing Assets/Rocks and Boulders 2/Rocks/Source/Models/Rock1A.fbx using Guid(dfb9706df9ac8264ebf1e58976096256) Importer(815301076,1909f56bfc062723c751e8b465ee728b)  -> (artifact id: 'bd93fb1c19fc9484d8b5d8fd35870271') in 0.012823 seconds 
========================================================================
Received Import Request.
  Time since last request: 0.000324 seconds.
  path: Assets/Rocks and Boulders 2/Rocks/Source/Models/Rock1B.fbx
  artifactKey: Guid(976e89866374b704f8eff32373bca69c) Importer(815301076,1909f56bfc062723c751e8b465ee728b)
Start importing Assets/Rocks and Boulders 2/Rocks/Source/Models/Rock1B.fbx using Guid(976e89866374b704f8eff32373bca69c) Importer(815301076,1909f56bfc062723c751e8b465ee728b)  -> (artifact id: '2a73e7535abbf9c2b2b15b05d15ae71a') in 0.026095 seconds 
========================================================================
Received Import Request.
  Time since last request: 0.000327 seconds.
  path: Assets/Rocks and Boulders 2/Rocks/Source/Models/Rock1E.fbx
  artifactKey: Guid(1ef63c9e36fd9ae47867f4bb79c7cbb3) Importer(815301076,1909f56bfc062723c751e8b465ee728b)
Start importing Assets/Rocks and Boulders 2/Rocks/Source/Models/Rock1E.fbx using Guid(1ef63c9e36fd9ae47867f4bb79c7cbb3) Importer(815301076,1909f56bfc062723c751e8b465ee728b)  -> (artifact id: '8563ea44f25482bce659d2f8a3da77b1') in 0.024477 seconds 
========================================================================
Received Import Request.
  Time since last request: 0.000340 seconds.
  path: Assets/Rocks and Boulders 2/Rocks/Source/Models/Rock5A.fbx
  artifactKey: Guid(1e3f5eee0b7e2a54195a2a32bf7fcf20) Importer(815301076,1909f56bfc062723c751e8b465ee728b)
Start importing Assets/Rocks and Boulders 2/Rocks/Source/Models/Rock5A.fbx using Guid(1e3f5eee0b7e2a54195a2a32bf7fcf20) Importer(815301076,1909f56bfc062723c751e8b465ee728b)  -> (artifact id: '3cfa9ab40080c7ea241e1526fb6f2e16') in 0.014714 seconds 
========================================================================
Received Import Request.
  Time since last request: 0.000467 seconds.
  path: Assets/Rocks and Boulders 2/Rocks/Source/Models/Rock4A.fbx
  artifactKey: Guid(415a1cc574249824c902b084a5dc6096) Importer(815301076,1909f56bfc062723c751e8b465ee728b)
Start importing Assets/Rocks and Boulders 2/Rocks/Source/Models/Rock4A.fbx using Guid(415a1cc574249824c902b084a5dc6096) Importer(815301076,1909f56bfc062723c751e8b465ee728b)  -> (artifact id: 'a3e96cf36eaac7e019a13169cfdb9b28') in 0.036973 seconds 
========================================================================
Received Import Request.
  Time since last request: 0.000224 seconds.
  path: Assets/Rocks and Boulders 2/Rocks/Source/Models/Rock1C.fbx
  artifactKey: Guid(d1edb567dd56f994cbb75a74e047b18a) Importer(815301076,1909f56bfc062723c751e8b465ee728b)
Start importing Assets/Rocks and Boulders 2/Rocks/Source/Models/Rock1C.fbx using Guid(d1edb567dd56f994cbb75a74e047b18a) Importer(815301076,1909f56bfc062723c751e8b465ee728b)  -> (artifact id: 'd0fd4b5554741ada39f65da1cf80cddf') in 0.014763 seconds 
========================================================================
Received Import Request.
  Time since last request: 1.094469 seconds.
  path: Assets/Rocks and Boulders 2/Rocks/Source/Models/Rock2.fbx
  artifactKey: Guid(d11d8096e6b14aa43aa74d862d2d01f7) Importer(815301076,1909f56bfc062723c751e8b465ee728b)
Start importing Assets/Rocks and Boulders 2/Rocks/Source/Models/Rock2.fbx using Guid(d11d8096e6b14aa43aa74d862d2d01f7) Importer(815301076,1909f56bfc062723c751e8b465ee728b)  -> (artifact id: '836938fdce6af606c5cf1a14157f28fb') in 0.020907 seconds 
========================================================================
Received Import Request.
  Time since last request: 0.000357 seconds.
  path: Assets/Rocks and Boulders 2/Rocks/Source/Models/Rock3.fbx
  artifactKey: Guid(19ada405e483e2e42b3568b712163648) Importer(815301076,1909f56bfc062723c751e8b465ee728b)
Start importing Assets/Rocks and Boulders 2/Rocks/Source/Models/Rock3.fbx using Guid(19ada405e483e2e42b3568b712163648) Importer(815301076,1909f56bfc062723c751e8b465ee728b)  -> (artifact id: '2b69f8251757566a6dd529e11c6e3189') in 0.015055 seconds 
========================================================================
Received Import Request.
  Time since last request: 0.219031 seconds.
  path: Assets/Rocks and Boulders 2/Rocks/Source/Models/Rock6A.fbx
  artifactKey: Guid(cffd35361a9ea044e8715024748615d9) Importer(815301076,1909f56bfc062723c751e8b465ee728b)
Start importing Assets/Rocks and Boulders 2/Rocks/Source/Models/Rock6A.fbx using Guid(cffd35361a9ea044e8715024748615d9) Importer(815301076,1909f56bfc062723c751e8b465ee728b)  -> (artifact id: '37ea485cd5c396a43ec1c0efc091ae3c') in 0.013970 seconds 
========================================================================
Received Import Request.
  Time since last request: 0.000215 seconds.
  path: Assets/Rocks and Boulders 2/Rocks/Source/Models/Rock6B.fbx
  artifactKey: Guid(3b6e1a04dd0ff3f408c43f0eb6cb7f70) Importer(815301076,1909f56bfc062723c751e8b465ee728b)
Start importing Assets/Rocks and Boulders 2/Rocks/Source/Models/Rock6B.fbx using Guid(3b6e1a04dd0ff3f408c43f0eb6cb7f70) Importer(815301076,1909f56bfc062723c751e8b465ee728b)  -> (artifact id: '7702775e4d7d9227065ea2a4c0237897') in 0.011987 seconds 
========================================================================
Received Import Request.
  Time since last request: 4.322739 seconds.
  path: Assets/Rocks and Boulders 2/Rocks/Source/Models/Rock6C.fbx
  artifactKey: Guid(f086abf98764ee6488fbf0e5af919765) Importer(815301076,1909f56bfc062723c751e8b465ee728b)
Start importing Assets/Rocks and Boulders 2/Rocks/Source/Models/Rock6C.fbx using Guid(f086abf98764ee6488fbf0e5af919765) Importer(815301076,1909f56bfc062723c751e8b465ee728b)  -> (artifact id: 'eda8102b309aafe8e2ae66f38bf737b8') in 0.017911 seconds 
